300k_1206661,300k_1206961,300k_1207156,300k_1207266,300k_1207636,200k_1207725,200k_1207725,200k_1207725,300k_1207725,300k_1207725,300k_1207725,300k_1207725,200k_1207821,200k_1208041,200k_1208126,200k_1208146
200k_6263016,200k_6263059,200k_6263059,200k_6263059,200k_6263059,200k_6263059,200k_6263059,300k_6263059,300k_6263059
300k_24676358,300k_24676498,300k_24676598,300k_24676933,300k_24677218,300k_24677423,300k_24677518,63k_24677535,200k_24677653,200k_24677853,200k_24678123,200k_24678508
300k_26100135,300k_26100230,300k_26100290,300k_26100390,300k_26100470,300k_26100550,63k_26100567,300k_26100830,200k_26101108,200k_26101383,200k_26101508,200k_26101718
300k_26103153,300k_26103248,300k_26103308,300k_26103408,300k_26103488,200k_26103539,200k_26103539,200k_26103539,200k_26103539,200k_26103539,200k_26103539,200k_26103539,200k_26103539,300k_26103539,300k_26103539,63k_26103539,200k_26103675,200k_26103715,200k_26103980,200k_26104045,200k_26104140,200k_26104280,300k_26104534,63k_26104551,300k_26104814,200k_26105092,200k_26105367,200k_26105492,200k_26105627,200k_26105627,200k_26105627,200k_26105627,200k_26105627,200k_26105627,200k_26105627,200k_26105627,200k_26105627,200k_26105627,200k_26105627
200k_45242770,200k_45242990,300k_45243349,300k_45243369
300k_45244107,200k_45244443,200k_45244443
300k_55317029,200k_55317179,200k_55317574
200k_228873535,200k_228873535,200k_228873535,200k_228873535,300k_228873535,300k_228873535,300k_228873535,200k_228873646,200k_228873871,200k_228873886,200k_228873976,200k_228873996,200k_228874066,200k_228874196,200k_228874326
200k_70961944,200k_70961944,200k_70961944,200k_70961944,200k_70961944,200k_70961944,300k_70961944,300k_70961944,300k_70961944,300k_70962223,300k_70962358,300k_70962463
200k_79685411,200k_79685696,200k_79685766,200k_79686126,200k_79686166,300k_79686349
200k_111632056,200k_111632056,200k_111632056,200k_111632056,200k_111632056,300k_111632272,300k_111632287,300k_111632402
200k_111633975,200k_111634005,200k_111634180,200k_111634205,200k_111634370,300k_111634744,300k_111634744,300k_111634744
300k_111899987,300k_111900092,200k_111900209,200k_111900209,200k_111900209,200k_111900209,200k_111900209,200k_111900245
300k_1768962,300k_1768982,300k_1769378,300k_1769398,300k_1769513,300k_1769633,63k_1769698,200k_1769772,200k_1769837,200k_1769862,200k_1770017,200k_1770082,200k_1770112,200k_1770217,63k_1770439,200k_1770507,200k_1770742,200k_1770757,300k_1771104,300k_1771104,300k_1771104,300k_1771104,300k_1771104,300k_1771104,63k_1771104,300k_1771152,300k_1771167,300k_1771407,63k_1771434
200k_64507229,200k_64507319,200k_64507404,200k_64507444,200k_64507644,200k_64507664,200k_64507689,200k_64507751,200k_64507751,300k_64507751,300k_64507882,300k_64507902
200k_94915202,300k_94915597,300k_94915687,300k_94915757
300k_118968680,300k_118968795,300k_118968875,300k_118968905,300k_118968975,300k_118968990,200k_118969251
200k_27938993,300k_27939125
300k_49183353,300k_49183463,300k_49183653,300k_49183668,200k_49183876,300k_49183876,300k_49183876,200k_49184242,200k_49184347
200k_79936384,200k_79936384,200k_79936384,200k_79936384,200k_79936384,200k_79936384,200k_79936384,200k_79936384,200k_79936384,200k_79936384,200k_79936384,200k_79936384,200k_79936384,200k_79936384,200k_79936384,200k_79936424,200k_79936504,200k_79936554,200k_79936629,200k_79936644,200k_79936699,200k_79936714,200k_79936734,300k_79936893
200k_79937842,200k_79937932,200k_79938252,200k_79938509,200k_79938559,200k_79938629,200k_79938714,200k_79938959,200k_79939109,200k_79939209,200k_79939274,200k_79939349,200k_79939429,200k_79939489,200k_79939609,200k_79939612,200k_79939612,200k_79939612,200k_79939612,200k_79939612,200k_79939612,200k_79939612,300k_79939612,300k_79939759,63k_79939868
200k_79941635,200k_79941685,200k_79941760,200k_79941775,200k_79941830,200k_79941845,200k_79941865,300k_79942023
300k_91538843,300k_91538973,200k_91539103,200k_91539308,200k_91539323,200k_91539453,200k_91539468,200k_91539553,200k_91539643,200k_91539858,200k_91539948,200k_91540108,200k_91540223,200k_91540283,200k_91540353,200k_91540623,200k_91540693,200k_91540838
300k_109997732,300k_109997747,300k_109997947,300k_109997972,300k_109998102,300k_109998252,300k_109998267,300k_109998362,200k_109998422,200k_109998422,200k_109998422,300k_109998422,300k_109998422,300k_109998422,300k_109998422,300k_109998422,300k_109998422,300k_109998422,300k_109998422,200k_109998533,200k_109998638,200k_109998733
200k_30678813,200k_30679198,300k_30679452,300k_30679452,300k_30679452
200k_52534176,300k_52534348
300k_99905520,200k_99905891,200k_99906161
300k_103472475,200k_103472664,200k_103472714,200k_103472729,200k_103472779,200k_103472944,200k_103473074,200k_103473284,200k_103473314,200k_103473384,200k_103473559,200k_103473574,200k_103473614,200k_103473744
200k_20897686,300k_20897981,300k_20897996,300k_20898151,300k_20898326,63k_20898450,300k_20898746
300k_50083238,300k_50083343,200k_50083444,200k_50083594,200k_50083614
200k_50085152,200k_50085152,300k_50085152,300k_50085152,300k_50085242,300k_50085257,300k_50085357
300k_50091999,300k_50092014,300k_50092124,200k_50092130,200k_50092130,200k_50092130,200k_50092130,300k_50092130,300k_50092130,300k_50092130,300k_50092130,300k_50092130,300k_50092130,300k_50092130,63k_50092130,200k_50092152,200k_50092192,200k_50092302,200k_50092322,200k_50092457,200k_50092472,200k_50092562
300k_98435727,200k_98435916
300k_63422601,300k_63422751,300k_63422781,300k_63422846,200k_63423029,200k_63423264,200k_63423344,200k_63423384,200k_63423514,200k_63423624
300k_79271056,300k_79271231,200k_79271290
200k_93338549,200k_93338549,200k_93338549,200k_93338549,200k_93338549,300k_93338685
200k_14736120,200k_14736150,200k_14736265,200k_14736330,200k_14736495,300k_14736642
300k_14737477,200k_14737846,200k_14737846,200k_14737846,200k_14737846,200k_14737846,200k_14738026,200k_14738051,200k_14738346,200k_14738696,200k_14738731,200k_14738771,200k_14738961
300k_28838928,300k_28839033,200k_28839355,200k_28839355,200k_28839355,200k_28839355,200k_28839355,200k_28839355,200k_28839355,200k_28839355,200k_28839355,200k_28839355,200k_28839355,200k_28839355,200k_28839355,200k_28839355,63k_28839355
200k_31153614,300k_31153794,300k_31153829,300k_31153884,300k_31153979,300k_31153999
300k_31155031,200k_31155205,200k_31155205,200k_31155212
300k_53531987,200k_53532294,200k_53532514
200k_53533364,200k_53533753,200k_53533753,300k_53533753
300k_86564880,300k_86564900,300k_86564995,300k_86565085,300k_86565105,300k_86565240,300k_86565345,300k_86565475,300k_86565495,300k_86565520,300k_86565600,200k_86565766,200k_86565766,200k_86565766,200k_86565766,200k_86565766,200k_86565766,200k_86565818,200k_86565983,200k_86566093,200k_86566158,200k_86566173,200k_86566348,200k_86566413,200k_86566438,200k_86566558,200k_86566683,200k_86566758
300k_89972813,200k_89973049,200k_89973179
200k_1248837,300k_1248971,300k_1249026,300k_1249061,300k_1249161,300k_1249241,300k_1249387,300k_1249657,300k_1249877,300k_1250047,300k_1250347
200k_3709867,200k_3709897,200k_3709972,200k_3709987,200k_3710167,200k_3710192,200k_3710367,200k_3710382,300k_3710501,300k_3710516,300k_3710621,300k_3710761,300k_3710796
200k_8788319,200k_8788454,200k_8788629,200k_8788744,200k_8788927,300k_8788927,300k_8789175
200k_19460253,200k_19460378,200k_19460393,300k_19460790,300k_19460895
200k_27214818,200k_27214853,200k_27214928,200k_27215028,200k_27215308,200k_27215406,200k_27215406,200k_27215406,200k_27215406,200k_27215406,200k_27215406,300k_27215664,300k_27215749,300k_27215769,300k_27215844,300k_27215859,300k_27216054,300k_27216084,300k_27216219,300k_27216234,300k_27216384,300k_27216439,300k_27216474,300k_27216729,300k_27217107
200k_30631972,300k_30631972,200k_30632018
300k_38523433,300k_38523468,200k_38523751
300k_40623706,200k_40623970,200k_40623970,200k_40623970,200k_40623970,200k_40623970,200k_40623970,200k_40623970,200k_40623970,200k_40623970,200k_40623970,200k_40623970,200k_40624049,200k_40624229,200k_40624299,200k_40624399,200k_40624649,200k_40624709
200k_72201432,200k_72201827,300k_72202063,300k_72202063,300k_72202063,300k_72202063,300k_72202063,300k_72202063,300k_72202063,300k_72202063,300k_72202063,300k_72202063,300k_72202147,300k_72202172,300k_72202237,300k_72202282,300k_72202342,300k_72202412,300k_72202517
200k_12038846,200k_12038871,200k_12038981,200k_12039151,200k_12039396,200k_12039491,200k_12039671,200k_12039876,200k_12040266,300k_12040578,300k_12040608
200k_56038621,200k_56038751,300k_56039092
200k_4726483,200k_4726483,200k_4726483,300k_4726483,300k_4726483,200k_4726862
200k_7749374,200k_7749380,200k_7749380,200k_7749380,200k_7749380,200k_7749380,300k_7749380,300k_7749380,300k_7749380,300k_7749380,300k_7749380,300k_7749380,300k_7749380,300k_7749380,300k_7749380,300k_7749446,300k_7749626,300k_7749731,300k_7749836,300k_7750131,300k_7750196,300k_7750361,300k_7750461
200k_7751354,200k_7751429,200k_7751449,200k_7751589,200k_7751639,300k_7752001,300k_7752021,300k_7752051,300k_7752086,300k_7752171,300k_7752266,300k_7752281,300k_7752371,300k_7752391,300k_7752466,300k_7752646,300k_7752751,300k_7752856,300k_7752970,300k_7752970,300k_7752970,300k_7752970
200k_39119774,200k_39119774,200k_39119774,200k_39119774,200k_39119774,200k_39119774,200k_39119807,300k_39120068,300k_39120248,300k_39120263,300k_39120383,300k_39120458
200k_39122206,200k_39122331,200k_39122446,200k_39122536,200k_39122666,200k_39122737,200k_39122737,300k_39122737,300k_39122737,300k_39122737,300k_39122737,300k_39122737,300k_39122737,300k_39122737,300k_39122772,300k_39122812,300k_39122947,300k_39123012,300k_39123207
300k_39123879,300k_39123979,300k_39123994,300k_39124009,300k_39124024,300k_39124059,200k_39124195,300k_39124456,300k_39124636,300k_39124651,300k_39124771,300k_39124846,300k_39124968,300k_39124968,300k_39124968,300k_39124968,300k_39124968,300k_39124968,300k_39124968,300k_39124968,300k_39124968,300k_39124968,300k_39124968,300k_39124968,300k_39124968,300k_39125026,300k_39125046
200k_41698119,200k_41698244,200k_41698314,200k_41698409,63k_41698514,300k_41698702
300k_46292927,300k_46293102,300k_46293177,300k_46293327,300k_46293472,200k_46293555,200k_46293555,300k_46293555,200k_46293708
300k_50721507,200k_50721571,200k_50721571,200k_50721571
200k_10709213,200k_10709283,200k_10709308,200k_10709458,200k_10709533,200k_10709548,200k_10709658,200k_10709738,200k_10709773,200k_10709843,200k_10709883,200k_10710033,200k_10710063,200k_10710078,200k_10710178,200k_10710193,200k_10710233,200k_10710323,200k_10710483,200k_10710588,200k_10710728,200k_10710803,200k_10710953,200k_10710988,200k_10711153,200k_10711173,200k_10711208,200k_10711208,300k_10711336,300k_10711411,300k_10711586,300k_10711616,300k_10711741,300k_10711756,300k_10712126,300k_10712251,300k_10712591,300k_10712701,300k_10712876,300k_10713036,300k_10713071,300k_10713196,200k_10713394,200k_10713539
200k_32158064,200k_32158224,200k_32158471,200k_32158471,300k_32158471,300k_32158471
200k_73306043,200k_73306238,200k_73306244,200k_73306244,200k_73306244,200k_73306244,200k_73306244,200k_73306244,300k_73306244,300k_73306244,300k_73306244,300k_73306524
300k_73307019,200k_73307230,200k_73307380,200k_73307395,200k_73307630,200k_73307715,200k_73307900
200k_113538365,200k_113538571,200k_113538571,200k_113538571,200k_113538571,200k_113538571,200k_113538571,300k_113538930,300k_113539317
300k_122225909,300k_122225929,200k_122226176,200k_122226256,200k_122226516,200k_122226896,200k_122227101
200k_122227601,63k_122227925,300k_122228116,300k_122228116
300k_157329865,63k_157330066,200k_157330218,200k_157330483,200k_157330598
200k_162087632,200k_162087662,200k_162087737,200k_162087762,200k_162087887,200k_162087927,200k_162088182,200k_162088207,200k_162088392,200k_162088422,200k_162088532,200k_162088547,200k_162088562,300k_162088938,300k_162089018,300k_162089143,300k_162089163
200k_220364900,300k_220365066
200k_238671945,200k_238671990,200k_238672045,200k_238672175,300k_238672535,300k_238672690,300k_238672710,300k_238672825,300k_238673050,300k_238673065,300k_238673160,300k_238673235,300k_238673285
200k_1675928,300k_1676061,300k_1676106
200k_17929014,200k_17929039,200k_17929184,200k_17929269,200k_17929324,200k_17929399,200k_17929484,200k_17929524,200k_17929579,200k_17929604,200k_17929619,200k_17929719,200k_17929858,200k_17929858,200k_17929858,200k_17929858,200k_17929858,300k_17930215,300k_17930245,300k_17930420,300k_17930520
200k_32262605,200k_32262690,200k_32262920,200k_32263200,300k_32263590
300k_32264126,200k_32264483,200k_32264518,200k_32264598,200k_32264678,200k_32264818
200k_32265510,200k_32265605,300k_32265797
200k_32266825,200k_32266825,200k_32266825,200k_32266825,200k_32266825,200k_32266825,200k_32266825,300k_32266825,200k_32266840,200k_32266855,200k_32266965,200k_32267040,200k_32267315,200k_32267415,200k_32267600,200k_32267805
300k_32268341,200k_32268698,200k_32268733,200k_32268813,200k_32268893,200k_32269033
300k_33932827,300k_33933117,200k_33933332,200k_33933447
300k_49203369,300k_49203399,200k_49203426,200k_49203426,300k_49203426,300k_49203426,200k_49203470,200k_49203490,200k_49203650
200k_49204185,200k_49204510,300k_49204762
200k_50239414,300k_50239631
200k_60854029,200k_60854074,200k_60854194,200k_60854274,200k_60854379,200k_60854629,200k_60854739,200k_60854784,200k_60855034,200k_60855084,200k_60855099,200k_60855234,200k_60855268,200k_60855268,200k_60855268,200k_60855268,300k_60855573,300k_60855773,300k_60856153,300k_60856203
200k_27460384,200k_27460384,200k_27460384,300k_27460588
200k_43022189,200k_43022409,200k_43022689,200k_43022849,300k_43022990,300k_43023105
300k_45125447,300k_45125592,300k_45125857,300k_45126102,300k_45126149,300k_45126149,300k_45126149,300k_45126149,300k_45126149,300k_45126149,300k_45126149,300k_45126149,300k_45126149,200k_45126493,200k_45126613,200k_45126978
300k_32915555,200k_32915881,200k_32915881,200k_32915881,200k_32915881,300k_32915881,200k_32916072,200k_32916192,200k_32916277,200k_32916657,200k_32916962,300k_32917170
300k_129235887,200k_129236244,200k_129236416,200k_129236441,200k_129236521,200k_129236706
300k_149811756,300k_149811836,200k_149812147
200k_39643027,300k_39643027,63k_39643027
200k_169840646,200k_169840766,200k_169840946,200k_169841161,300k_169841277,300k_169841447,300k_169841532,300k_169841657,300k_169841762,63k_169841907,300k_169841917,300k_169842007,300k_169842072,300k_169842102,300k_169842192,200k_169842277,200k_169842277,200k_169842277,200k_169842277,300k_169842277,300k_169842277,300k_169842277,300k_169842277,300k_169842277,300k_169842277,200k_169842319,200k_169842414,200k_169842499,200k_169842589,200k_169842719
300k_130774341,300k_130774468,200k_130774509
200k_171337661,200k_171337771,300k_171337931,300k_171338126,300k_171338336,300k_171338461,300k_171338621,300k_171338951,300k_171339131
300k_29643628,200k_29643703,200k_29643738
300k_33248113,300k_33248113,200k_33248168,200k_33248208,200k_33248223,200k_33248293,200k_33248313,200k_33248358,200k_33248403,200k_33248603,200k_33248628,200k_33248768,200k_33248848,200k_33248908,200k_33248928,200k_33248958,200k_33248978,200k_33249033,200k_33249168,200k_33249188,200k_33249278,200k_33249368,200k_33249453,200k_33249533,200k_33249628,200k_33250000,200k_33250015,200k_33250030,200k_33250085
300k_88366801,300k_88366876,200k_88366998
200k_129955170,200k_129955170,300k_129955310,300k_129955615
200k_137475352,300k_137475352
200k_138794125,200k_138794222,300k_138794582,300k_138794597
200k_154538447,200k_154538473,300k_154538585
200k_158820589,300k_158820817,300k_158820892
300k_19160374,300k_19160579,63k_19160652,300k_19160764,300k_19161054,300k_19161144,200k_19161361
200k_22907670,200k_22908000,200k_22908155,300k_22908531,300k_22908606,300k_22908686,300k_22908721,300k_22908981
200k_99160350,200k_99160380,200k_99160450,200k_99160470,200k_99160540,200k_99160555,200k_99160570,200k_99160625,200k_99160675,200k_99160795,200k_99160860,200k_99160875,200k_99160985,200k_99161100,200k_99161135,300k_99161490,300k_99161505,300k_99161520,300k_99161625,300k_99161660,300k_99161705,300k_99161725
200k_99162278,200k_99162278,200k_99162278,200k_99162278,200k_99162278,200k_99162278,200k_99162278,200k_99162278,200k_99162278,200k_99162278,200k_99162278,200k_99162278,200k_99162278,200k_99162278,200k_99162278,300k_99162278,300k_99162278,300k_99162278,300k_99162278,300k_99162278,200k_99162292,200k_99162357,200k_99162377,200k_99162472
300k_101745672,300k_101745672,200k_101745705
300k_101747350,200k_101747366
200k_133161588,200k_133161907,300k_133161907
200k_135333762,200k_135333887,200k_135334137,200k_135334172,200k_135334187,200k_135334312,200k_135334397,200k_135334502,200k_135334532,200k_135334547,200k_135334582,300k_135334821,300k_135335131,300k_135335151,300k_135335206,300k_135335591
200k_156547258,200k_156547433,300k_156547804
200k_37988406,200k_37988691,200k_37988786,300k_37989123,63k_37989481,300k_37989483,300k_37989618,300k_37989678,300k_37989743
200k_37991420,200k_37991705,200k_37991800,300k_37992137,63k_37992495,300k_37992497,300k_37992632,300k_37992692,300k_37992757,300k_37992873
63k_107616386,200k_107616644,300k_107616874
200k_89565065,200k_89565065,200k_89565065,300k_89565065,200k_89565105,200k_89565245,200k_89565290,200k_89565395,200k_89565665,200k_89565790,200k_89565920,200k_89566105,200k_89566490,200k_89566650,200k_89566665,200k_89566735,300k_89566990
300k_97877951,300k_97877980,300k_97878175,300k_97878305,300k_97878385,300k_97878500,300k_97878645,200k_97879026,200k_97879116,200k_97879266,200k_97879416,200k_97879526,200k_97879601,200k_97879641,63k_97879666,200k_97879696,200k_97879866,200k_97879931,200k_97880086,200k_97880266,200k_97880381,200k_97880456,200k_97880746
300k_97881190,300k_97881320,300k_97881400,300k_97881515,300k_97881660,200k_97882040,200k_97882130,200k_97882280,200k_97882430,200k_97882540,200k_97882615,200k_97882655,63k_97882680,200k_97882710,200k_97882880,200k_97882945,200k_97883100,200k_97883280,200k_97883395,200k_97883470,200k_97883760
200k_100773735,200k_100773755,200k_100773775,200k_100773840,200k_100774035,200k_100774190,200k_100774250,200k_100774390,200k_100774635,200k_100774720,200k_100774805,200k_100774820,300k_100775186,300k_100775286,300k_100775421,63k_100775447
200k_100966402,200k_100966597,200k_100966657,200k_100966737,200k_100966767,200k_100966972,200k_100967027,300k_100967384,300k_100967384,300k_100967384,300k_100967384,300k_100967384,300k_100967384,300k_100967384,300k_100967384,300k_100967384,300k_100967384,300k_100967526,300k_100967706,300k_100967881,63k_100967935,300k_100968276
200k_115931443,200k_115931498,300k_115931565,300k_115931670,300k_115931795,300k_115931825,300k_115931905,300k_115931920
300k_124137777,200k_124137927
300k_126148562,300k_126148667,200k_126148997,200k_126149147,200k_126149162
200k_129480817,200k_129480817,200k_129480817,200k_129480817,63k_129480817,300k_129480828,300k_129481098,300k_129481228,300k_129481338,63k_129481540
300k_130552035,300k_130552268,200k_130552358,200k_130552358,200k_130552358,200k_130552358,200k_130552358,200k_130552358,200k_130552421,200k_130552436,200k_130552616,200k_130552716,200k_130552806,200k_130552871,200k_130552886,200k_130553016,200k_130553036
200k_134321844,300k_134321844,300k_134321844,300k_134321844,300k_134321844,300k_134321844,300k_134321844,200k_134321900,200k_134321955,200k_134322085,200k_134322245,200k_134322320
