300k_26100135,300k_26100230,300k_26100290,300k_26100390,300k_26100470,300k_26100550,63k_26100567,300k_26100830,200k_26101108,200k_26101383,200k_26101508,200k_26101718,200k_26102316,200k_26102421,200k_26102446,200k_26102466
200k_46747287,200k_46747437,200k_46747847,200k_46748037,200k_46748447,200k_46748477,200k_46748637,200k_46749067,200k_46749597,300k_46750251,300k_46750281,300k_46750381
200k_67883179,200k_67883249,200k_67883324,200k_67883394,200k_67883414,200k_67883667,200k_67883687,200k_67883782,200k_67883872,200k_67883977,200k_67884052,200k_67884162,200k_67884257,200k_67884297,200k_67884467,300k_67885069,300k_67885199,300k_67885239,300k_67885284,300k_67885444,300k_67885479,300k_67885604,300k_67885744,300k_67886407,300k_67886447,300k_67886977,300k_67887247,300k_67887347,300k_67887377,300k_67887407,300k_67887557,300k_67887967,300k_67888137,300k_67888177,300k_67888597,300k_67888717,300k_67889227,300k_67889667,300k_67890306,300k_67890336,300k_67890366
200k_207268184,200k_207268264,200k_207268364,63k_207268769,300k_207268896,300k_207268971,300k_207269266,300k_207269496,300k_207269801,300k_207269896
300k_228874781,300k_228874976,300k_228875056,200k_228875600,200k_228876165,200k_228876285,200k_228876515,200k_228876660,200k_228876885,200k_228876900,200k_228876990,200k_228877010,200k_228877080,200k_228877210,200k_228877340,200k_228877598,200k_228877858,200k_228878268,63k_228878375,200k_228878468,200k_228878538,200k_228878818
200k_70958916,200k_70959171,200k_70959311,200k_70959326,200k_70959566,200k_70959666,300k_70960122
200k_70963999,200k_70964139,200k_70964154,200k_70964394,200k_70964494,300k_70964950,300k_70965455,300k_70965500,300k_70965825,300k_70965960,300k_70966065,300k_70966355,300k_70966450,300k_70966465,300k_70966650,300k_70966835,300k_70966918,300k_70967138,300k_70967208,300k_70967278,300k_70967328
300k_88197891,300k_88197921,300k_88198241,300k_88198381,300k_88198441,300k_88198551,300k_88198771,300k_88198961,300k_88199071,300k_88199141,300k_88199231,300k_88199541,300k_88199571,300k_88199641,300k_88199941,300k_88200091,300k_88200307,300k_88200367,300k_88200472,300k_88200517,300k_88200737,300k_88200842,300k_88201137,300k_88201237,300k_88201272,300k_88201492,200k_88202106,200k_88202131,200k_88202331,200k_88202506,200k_88202666,200k_88202856,200k_88202876,300k_88203502,300k_88203607,300k_88203652,300k_88203872,300k_88203977,300k_88204272,300k_88204372,300k_88204407,300k_88204627,200k_88205241,200k_88205266,200k_88205466,200k_88205641,200k_88205801,200k_88205991,200k_88206011,200k_88206454,200k_88206586,200k_88206886,200k_88207176
200k_10294547,200k_10295097,200k_10295142,200k_10295157,200k_10295232,200k_10295277,200k_10295342,300k_10295897,300k_10296052
200k_94913592,200k_94914282,200k_94914722,200k_94915202,300k_94915597,300k_94915687,300k_94915757
300k_56920719,200k_56921236,200k_56921721,200k_56922031,200k_56922066,200k_56922351
300k_104199343,63k_104199466,200k_104200063,200k_104200218,200k_104200818
300k_104202364,63k_104202487,200k_104203084,200k_104203239,200k_104203839
200k_105592113,200k_105592208,200k_105592393,200k_105592488,200k_105592663,200k_105592703,200k_105592778,200k_105592858,200k_105592968,200k_105592988,300k_105593559,300k_105593584,300k_105593634,300k_105593719,300k_105593754,300k_105594300,300k_105594455,300k_105594580,300k_105594610
200k_114515106,200k_114515566,200k_114515596,200k_114515816,200k_114516016,200k_114516216,200k_114516246,200k_114516306,200k_114516386,200k_114516636,200k_114516846,200k_114517116,200k_114517356,200k_114517536,200k_114517646,200k_114518056,200k_114518256,200k_114518296,200k_114518466,300k_114519003,300k_114519423,300k_114519573,63k_114519711,300k_114519763,300k_114519793,300k_114520003,300k_114520153,300k_114520593,63k_114520770,300k_114520933,300k_114521433,300k_114521463,300k_114521693,300k_114521833,300k_114522233,300k_114522463,300k_114522673,300k_114522903,300k_114523363
200k_62233541,300k_62233950
300k_105561238,300k_105561663,300k_105561758,300k_105562300,300k_105562335,300k_105562600,300k_105562655,300k_105562750,200k_105563445,200k_105563710,200k_105563745,200k_105563910,200k_105564010,200k_105564405,200k_105564435,200k_105564665
200k_53531285,200k_53531310,300k_53531987
200k_66952117,300k_66952760,300k_66952840,300k_66953124
300k_12040578,300k_12040608,300k_12041123,300k_12041293,200k_12041858,200k_12041883,200k_12041993,200k_12042163,200k_12042408,200k_12042503,200k_12042683,200k_12042888,200k_12043278,200k_12043507,200k_12043862,200k_12044057
200k_51864303,300k_51864987,300k_51865022,300k_51865217,300k_51865267,300k_51865387,300k_51865522,300k_51865872,300k_51865947,300k_51866002,300k_51866022,300k_51866092,300k_51866456,300k_51866471,300k_51866486
300k_120009966,300k_120010466,300k_120010646,300k_120010661,300k_120011305,300k_120011440,300k_120011470,300k_120011485,300k_120011500,300k_120011645,300k_120011810,300k_120012060,300k_120012205,300k_120012330,200k_120012885,200k_120013020,200k_120013035
200k_216250059,200k_216250219,200k_216250309,200k_216250429,200k_216250812,200k_216250892,300k_216251343,300k_216251994,300k_216252304,300k_216252384,300k_216252434,300k_216252579,300k_216252739,300k_216253029,300k_216253314
200k_238671945,200k_238671990,200k_238672045,200k_238672175,300k_238672535,300k_238672690,300k_238672710,300k_238672825,300k_238673050,300k_238673065,300k_238673160,300k_238673235,300k_238673285
300k_32268341,200k_32268698,200k_32268733,200k_32268813,200k_32268893,200k_32269033,200k_32269725,200k_32269820,200k_32269890,200k_32269905,200k_32270015,200k_32270090,200k_32270365,200k_32270465,200k_32270650,200k_32270855,200k_32271162,200k_32271862,200k_32271992,200k_32272052,200k_32272582,200k_32272832,200k_32272992,200k_32273222,200k_32273412,200k_32273502
200k_39741536,300k_39742033,300k_39742108,300k_39742188,200k_39742760,200k_39742875,200k_39743065,200k_39743160,200k_39743310,200k_39743355,200k_39743525
200k_39744551,300k_39745047,300k_39745122,300k_39745202
300k_27102742,300k_27102912,200k_27103323,200k_27103408
300k_45567246,200k_45567906
200k_151014236,200k_151014406,200k_151014686,200k_151015036,200k_151015436,200k_151015736,200k_151016010,200k_151016060,200k_151016145,63k_151016224,200k_151016310,200k_151016395,200k_151016605,200k_151016765,300k_151017384,300k_151017814,300k_151018004
200k_83817579,200k_83817604,200k_83817684,200k_83817699,200k_83817799,200k_83817854,200k_83817869,200k_83817934,200k_83818094,200k_83818157,200k_83818417,200k_83818557,200k_83818607,200k_83818737,200k_83818797,300k_83819334,300k_83819434,300k_83819644,300k_83819694,300k_83819934,300k_83820321
300k_121399644,300k_121399724,200k_121400142,200k_121400272,200k_121400547,200k_121400582,200k_121400612,200k_121400712
200k_28302612,300k_28303057,300k_28303222,300k_28303327,300k_28303537,300k_28303612,300k_28303697,63k_28303871,300k_28303877,300k_28303947,300k_28304017,300k_28304032
200k_86349764,300k_86350401,300k_86350741
200k_158820589,300k_158820817,300k_158820892
300k_19157359,300k_19157564,63k_19157637,300k_19157749,300k_19158039,300k_19158129,200k_19158818
300k_30485777,300k_30485792,300k_30486369,200k_30487051,200k_30487101,200k_30487211,200k_30487311,200k_30487366,200k_30487501,200k_30487586,200k_30487666
300k_99156753,300k_99156783,300k_99156828,300k_99156863,300k_99157458,300k_99157688,300k_99157708,300k_99157928,300k_99158003,300k_99158466,300k_99158481,300k_99158496,300k_99158601,300k_99158636,300k_99158681,300k_99158701,300k_99159269,300k_99159339,300k_99159615,300k_99159705,300k_99159725,200k_99160350,200k_99160380,200k_99160450,200k_99160470,200k_99160540,200k_99160555,200k_99160570,200k_99160625,200k_99160675,200k_99160795,200k_99160860,200k_99160875,200k_99160985,200k_99161100,200k_99161135
200k_37991420,200k_37991705,200k_37991800,300k_37992137,63k_37992495,300k_37992497,300k_37992632,300k_37992692,300k_37992757,300k_37992873,300k_37993483,300k_37993783,300k_37993843,300k_37994063,300k_37994113,300k_37994363,300k_37994424,300k_37994449,300k_37994544,300k_37994564,300k_37994589,300k_37994609
300k_38021664,300k_38021874,300k_38021904,300k_38021939,300k_38022054,300k_38022144,300k_38022184,300k_38022349,300k_38022902,300k_38022967,300k_38023107,300k_38023192,300k_38023262,300k_38023347,300k_38023637,300k_38023712,300k_38024375,300k_38024905,300k_38025172,300k_38025477,300k_38025967,300k_38026127,300k_38026351,300k_38026366,300k_38026431,300k_38026446,300k_38026576,300k_38026924,200k_38027405,200k_38027425,200k_38027485,200k_38027555,200k_38027610,200k_38027715,200k_38027730,200k_38027810,200k_38027830,200k_38028015
300k_97877511,300k_97877951,300k_97877980,300k_97878175,300k_97878305,300k_97878385,300k_97878500,300k_97878645,200k_97879026,200k_97879116,200k_97879266,200k_97879416,200k_97879526,200k_97879601,200k_97879641,63k_97879666,200k_97879696,200k_97879866,200k_97879931,200k_97880086,200k_97880266,200k_97880381,200k_97880456,200k_97880746,300k_97881190,300k_97881320,300k_97881400,300k_97881515,300k_97881660,200k_97882040,200k_97882130,200k_97882280,200k_97882430,200k_97882540,200k_97882615,200k_97882655,63k_97882680,200k_97882710,200k_97882880,200k_97882945,200k_97883100,200k_97883280,200k_97883395,200k_97883470,200k_97883760,200k_97884324,200k_97884364,200k_97884449,200k_97884469,200k_97884549,200k_97884669,200k_97884809,200k_97884864,200k_97884884,200k_97884914,200k_97884984,200k_97885283,200k_97885298,200k_97885398,200k_97885518,200k_97885548,200k_97885563,200k_97885663,200k_97885688
