300k_1027783,200k_1028613,200k_1029103,200k_1029353,200k_1029543,200k_1029643,200k_1029723,200k_1029853,200k_1030043,200k_1030083
300k_26100713,300k_26100903,300k_26101023,300k_26101223,300k_26101383,300k_26101543,63k_26101578,300k_26102103,200k_26102660,200k_26103210,200k_26103460,200k_26103880,200k_26105075,200k_26105285,200k_26105335,200k_26105375,200k_26105865,200k_26105945,200k_26106475,200k_26106605,200k_26106795,200k_26107075
200k_46747287,200k_46747437,200k_46747847,200k_46748037,200k_46748447,200k_46748477,200k_46748637,200k_46749067,200k_46749597,300k_46750251,300k_46750281,300k_46750381
300k_55353903,200k_55354913,200k_55355833
200k_67879106,200k_67879306,200k_67879636,200k_67879756,200k_67880136,200k_67880196,200k_67880336,200k_67880486,200k_67880626,200k_67880666,200k_67881172,200k_67881212,200k_67881402,200k_67881582,200k_67881792,200k_67881942,200k_67882162,200k_67882352,200k_67882432,200k_67882772,300k_67883976,300k_67884236,300k_67884316,300k_67884406,300k_67884726,300k_67884796,300k_67885046,300k_67885326,300k_67886407,300k_67886447,300k_67886977,300k_67887247,300k_67887347,300k_67887377,300k_67887407,300k_67887557,300k_67887967,300k_67888137,300k_67888177,300k_67888597,300k_67888717,300k_67889227,300k_67889667,300k_67890306,300k_67890336,300k_67890366,300k_67891285,300k_67891675
300k_228872070,300k_228872460,300k_228872620,200k_228873708,200k_228874838,200k_228875078,200k_228875538,200k_228875828,200k_228876278,200k_228876308,200k_228876488,200k_228876528,200k_228876668,200k_228876928,200k_228877188,200k_228877598,200k_228877858,200k_228878268,63k_228878375,200k_228878468,200k_228878538,200k_228878818
200k_13377890,200k_13378500,200k_13379310,200k_13379650,200k_13379700,200k_13380100,200k_13380500,200k_13380978,200k_13381228,200k_13381368,200k_13381438,200k_13382138,200k_13382910,200k_13383250,200k_13383730,200k_13383870,200k_13384240,200k_13384430,200k_13384560,200k_13384830,200k_13385410,200k_13385740,200k_13386090,200k_13386560,300k_13387964,300k_13388044,300k_13388104,300k_13388194,63k_13388410,300k_13388524,300k_13388714
200k_70960585,200k_70961095,200k_70961375,200k_70961405,200k_70961885,200k_70962085,300k_70962998,300k_70964008,300k_70964098,300k_70964748,300k_70965018,300k_70965228,300k_70965808,300k_70965998,300k_70966028,300k_70966398,300k_70966768,300k_70966918,300k_70967138,300k_70967208,300k_70967278,300k_70967328,300k_70968216
200k_75497199,200k_75497229,200k_75497299,200k_75497739,200k_75497919,200k_75498039,200k_75498269,200k_75498299,200k_75498459,200k_75498979,200k_75499059,200k_75499179,200k_75499749,200k_75499939,200k_75500009,200k_75500771,200k_75501771,200k_75502051,200k_75502171,200k_75502311,200k_75502391,200k_75502581,200k_75502851,200k_75502881,200k_75502931,200k_75502961,200k_75503221,200k_75503491,200k_75503721,200k_75504445,200k_75505685,300k_75505901
300k_82293348,300k_82293478,300k_82293648,300k_82293748,300k_82294178,300k_82294238,300k_82294268,300k_82294298,300k_82294378,300k_82294548,300k_82294598,300k_82294898,300k_82294988,63k_82296491,300k_82297067,200k_82298591,200k_82299441,63k_82299596
300k_88197891,300k_88197921,300k_88198241,300k_88198381,300k_88198441,300k_88198551,300k_88198771,300k_88198961,300k_88199071,300k_88199141,300k_88199231,300k_88199541,300k_88199571,300k_88199641,300k_88199941,300k_88200091,300k_88200391,300k_88200511,300k_88200721,300k_88200811,300k_88201251,300k_88201461,300k_88202051,300k_88202251,300k_88202321,300k_88202761,200k_88203989,200k_88204039,200k_88204439,200k_88204789,200k_88205109,200k_88205489,200k_88205529,200k_88206416,200k_88206586,200k_88206886,200k_88207176
300k_85430989,300k_85431319,300k_85431549,200k_85432212,200k_85432322,200k_85432902,200k_85433352,200k_85433682,200k_85433932,200k_85434092,200k_85434332
200k_94912842,200k_94913592,200k_94914282,200k_94914722,200k_94915202,300k_94915597,300k_94915687,300k_94915757,300k_94916757
300k_10563844,300k_10564544,200k_10565635,200k_10565935,200k_10566185,200k_10566555,200k_10566625,200k_10566825,200k_10567185,200k_10567785
200k_16708761,200k_16709311,200k_16709721,200k_16710121,200k_16710451,200k_16710831,200k_16711921,200k_16713151,200k_16713672,200k_16713922,200k_16714082,200k_16714332,200k_16714422,200k_16714732,200k_16715072,200k_16715192,200k_16715432,200k_16715562,200k_16716152,200k_16716562,200k_16716702,200k_16717192,200k_16717412,200k_16717932,200k_16718232,200k_16718442,200k_16718672,200k_16719032,200k_16719782,300k_16721321,300k_16721981,300k_16722271,300k_16722431,300k_16722891,300k_16724281,300k_16724471
200k_54664711,200k_54665161,200k_54665821,200k_54666081,200k_54666141,200k_54666171,200k_54666211,200k_54666481,200k_54666941,200k_54666971,200k_54667021,200k_54667131,200k_54667181,200k_54667441,200k_54667481,200k_54667591,200k_54667931,200k_54667971,200k_54668021,200k_54668061,200k_54668301,200k_54668881,200k_54668911,200k_54669671,200k_54669731,200k_54669941,300k_54671238,300k_54671668,300k_54671748,300k_54672028,300k_54673136,300k_54673196,300k_54673296,300k_54673376,300k_54673406
200k_102298221,200k_102298251,200k_102299641,200k_102300361,200k_102300551,200k_102300741,200k_102300771,200k_102301101,200k_102301281,200k_102301711,200k_102301741,300k_102303096,300k_102303236,300k_102303286,63k_102303662,300k_102304356,300k_102304776,300k_102305206,300k_102305356,300k_102305756,300k_102306276,300k_102306426,300k_102306606,300k_102307036,300k_102307196,300k_102307406,300k_102307636,300k_102308369,300k_102308829,300k_102309139,300k_102309249,300k_102309749,300k_102310049,300k_102310199,300k_102310259,300k_102310479,300k_102310779,300k_102311359,300k_102312759,300k_102312809,300k_102313049,300k_102313279,300k_102313419,300k_102313449,300k_102314328,300k_102314428,300k_102314588
300k_104199388,63k_104199633,200k_104200827,200k_104201137,200k_104202337,200k_104203897
200k_105588093,200k_105588123,200k_105588153,200k_105588373,200k_105589565,200k_105589755,200k_105590125,200k_105590315,200k_105590665,200k_105590745,200k_105590895,200k_105591055,200k_105591275,200k_105591315,300k_105592456,300k_105592506,300k_105592606,300k_105592776,300k_105592846,300k_105593938,300k_105594248,300k_105594498,300k_105594558,300k_105595678,300k_105595718,300k_105596208,300k_105596288,300k_105596538,300k_105596688,300k_105596888
200k_114513561,200k_114515106,200k_114515566,200k_114515596,200k_114515816,200k_114516016,200k_114516216,200k_114516246,200k_114516306,200k_114516386,200k_114516636,200k_114516846,200k_114517116,200k_114517356,200k_114517536,200k_114517646,200k_114518056,200k_114518256,200k_114518296,200k_114518466,300k_114519003,300k_114519423,300k_114519573,63k_114519711,300k_114519763,300k_114519793,300k_114520003,300k_114520153,300k_114520593,63k_114520770,300k_114520933,300k_114521433,300k_114521463,300k_114521693,300k_114521833,300k_114522233,300k_114522463,300k_114522673,300k_114522903,300k_114523363
300k_50090317,300k_50090347,300k_50090567,300k_50090707,300k_50090977,63k_50091005,300k_50091037,300k_50091067,300k_50091277,300k_50091347,300k_50091467,200k_50092996,200k_50093186,200k_50093426,200k_50093576,200k_50093726,200k_50093806,200k_50094026,200k_50094066,200k_50094336,200k_50094366,200k_50094546
300k_105535461,300k_105536081,300k_105536121,300k_105536321,63k_105536357,63k_105536876,300k_105536881,300k_105536951,63k_105537311,300k_105537591,300k_105537621,300k_105537651,300k_105537761,300k_105537901,300k_105538111,300k_105538651,300k_105538741,63k_105538978,300k_105539361,300k_105539391,300k_105539561,300k_105539621,300k_105539801,300k_105540041,300k_105540441,300k_105540531,300k_105540601,300k_105540941,300k_105541181,63k_105541851,300k_105542071,300k_105542201,300k_105542401,300k_105542561,300k_105542591,300k_105543781,300k_105543831,300k_105544241,300k_105544531,300k_105545061,300k_105545151,300k_105545341,300k_105545721,300k_105545761,300k_105545921,300k_105546121,300k_105546171,300k_105546211,300k_105546341,300k_105546531,63k_105546637,300k_105546741,300k_105546771,300k_105546991,300k_105547301,300k_105547471,300k_105547691,300k_105547731,300k_105547981,300k_105548081,300k_105548331,300k_105548471,300k_105548831,63k_105549767,300k_105550321,300k_105550611,300k_105551001,300k_105551191,300k_105551431,300k_105551981,300k_105552131,300k_105552161,300k_105552491,300k_105552531,300k_105552561,300k_105552711,300k_105552741,300k_105552881,300k_105553471,300k_105553611,300k_105554231,300k_105554421,63k_105554747,300k_105554911,300k_105555391,300k_105555421,300k_105555731,300k_105556251,300k_105556651,300k_105556911,300k_105557111,300k_105557361,300k_105557551,300k_105557681,300k_105557911,300k_105558111,63k_105558115,300k_105558311,300k_105559161,300k_105559351,300k_105560436,300k_105560506,300k_105561036,300k_105561146,300k_105561336,200k_105562725,200k_105563255,200k_105563325,200k_105563655,200k_105563855,200k_105564405,200k_105564435,200k_105564665,200k_105565551,200k_105565711,200k_105566161,200k_105566201
300k_60716070,300k_60716220,300k_60716290,300k_60716440,300k_60716800,300k_60717590,300k_60717630,300k_60717970,300k_60718000,300k_60718210,300k_60718240,300k_60719250,300k_60719460,300k_60719490,300k_60719520,300k_60719880,300k_60720160,300k_60720430,300k_60720470,200k_60721126,200k_60721306,200k_60721406,200k_60721576,200k_60721666,200k_60721896,200k_60721936,200k_60722256,200k_60722486,200k_60722946,200k_60723136,200k_60723666,200k_60723806,200k_60724483,200k_60724863,200k_60725003,200k_60726223,200k_60727733,200k_60728133,200k_60728836,200k_60729776
200k_68472032,200k_68472592,200k_68473332,200k_68474331,200k_68474371,200k_68474731,200k_68474761,200k_68474811,200k_68474991,200k_68475041,200k_68475371,200k_68475761,200k_68476135,200k_68476245,200k_68476505,200k_68476865,200k_68477225,200k_68477265,200k_68477325,200k_68477585,200k_68477675,200k_68477915,200k_68478065,200k_68478225,200k_68478295,200k_68478605,200k_68478955,200k_68478985,200k_68479565,200k_68479775,300k_68480678,300k_68480788,300k_68481128,300k_68481218,300k_68481248,300k_68481278,300k_68481777,300k_68482437,300k_68482487,300k_68482687
200k_93336419,200k_93337599,200k_93338469,200k_93338499,200k_93338629,200k_93338679,300k_93340036,300k_93341046,300k_93341226,300k_93341276,300k_93342166,300k_93342216
300k_101789471,300k_101789661,300k_101789841,63k_101790731,200k_101792257,200k_101792517,200k_101792787,200k_101792917,200k_101792957,200k_101793167,200k_101793197,200k_101793347,200k_101794237
200k_53533418,200k_53533468,300k_53534823,300k_53536300
200k_66950982,300k_66952268,300k_66952428,300k_66952996
300k_69600746,63k_69601220,300k_69602166,200k_69602611,200k_69603241,63k_69603510,200k_69604271,200k_69604971,200k_69605111,200k_69605191
200k_27213279,200k_27213349,200k_27213499,200k_27213699,200k_27214259,200k_27214629,200k_27214659,200k_27215039,200k_27215269,200k_27215439,200k_27215759,300k_27216874,300k_27217044,300k_27217084,300k_27217234,300k_27217264,300k_27217654,300k_27217714,300k_27217984,300k_27218014,300k_27218314,300k_27218424,300k_27218494,300k_27219004,300k_27219761,300k_27220509,300k_27220549,300k_27221199,300k_27221539,300k_27221589,300k_27221719,300k_27221989,300k_27222039,300k_27222179,300k_27222469,300k_27222529,300k_27222919,300k_27223119,300k_27223309,300k_27223789,300k_27224009,300k_27224199,300k_27224239
300k_46100091,63k_46101465,63k_46102628,200k_46104091,200k_46104151,200k_46104311,200k_46104341,200k_46104541,200k_46104861
200k_57168523,300k_57169663,300k_57169733,300k_57171133
300k_73514175,300k_73514435,63k_73514504,300k_73514665,300k_73514955,200k_73515608,200k_73515898,200k_73515968,200k_73516108,200k_73516148,200k_73516188,200k_73516428,200k_73516598,200k_73516628,200k_73516788,200k_73517318
200k_73589232,200k_73589352,200k_73589382,200k_73589592,200k_73589772,200k_73590072,200k_73590132,200k_73590282,200k_73591447,200k_73591597,200k_73591637,200k_73591737,200k_73592057,200k_73592087,200k_73592117,200k_73592337,200k_73593220,200k_73593520,200k_73593860,200k_73593890,200k_73594240,200k_73594280,200k_73594570,200k_73594670,200k_73594910,200k_73595000,200k_73595920,200k_73596370,300k_73597361,300k_73597913,300k_73598093,300k_73599612,300k_73599982,300k_73600082,300k_73600172,300k_73600402,300k_73600732,300k_73600762,300k_73601012,300k_73601112,300k_73601422,300k_73602318,300k_73602618,300k_73602898,300k_73603320,300k_73603630,300k_73603670,300k_73603800,300k_73603980,300k_73604080,300k_73604430,300k_73604920,300k_73605180,300k_73605660
300k_73782253,300k_73782433,300k_73782693,300k_73782723,300k_73783973,300k_73784513,300k_73785253,300k_73785643,300k_73785673,300k_73785993,300k_73786293,300k_73786333,300k_73786363,300k_73786493,300k_73786563,300k_73786593,300k_73786783,300k_73786943,300k_73787573,300k_73788996,300k_73789356,200k_73790449,200k_73790479,200k_73790509,200k_73790769,200k_73790819,200k_73791039,200k_73791119,200k_73791229,200k_73791269,200k_73791709,200k_73791889,200k_73792099,200k_73792129,200k_73792679,200k_73792759,200k_73793059,200k_73793089,200k_73793389,200k_73793439,200k_73794009,200k_73794659,200k_73794839
300k_12037119,300k_12037859,300k_12037919,300k_12038949,300k_12039289,200k_12040419,200k_12040469,200k_12040689,200k_12041029,200k_12041519,200k_12041709,200k_12042069,200k_12042479,200k_12043259,200k_12043689,200k_12044399,200k_12044789
200k_61633816,200k_61634056,200k_61635356,200k_61635426,300k_61636951
200k_77693811,300k_77694958,300k_77695718
300k_77724935,300k_77725195,300k_77725755,300k_77725805,300k_77726125,300k_77726495,300k_77727289,300k_77727329,300k_77728562,300k_77728752,300k_77728812,300k_77729442,300k_77729612,300k_77729652,300k_77731231,300k_77731261,300k_77731451,300k_77731661,300k_77732131,300k_77732171,300k_77732331,300k_77732381,300k_77732531,300k_77732561,200k_77733976,200k_77734516,200k_77734546,200k_77735506,200k_77735536,200k_77735686,200k_77735716,200k_77735746,200k_77736126,200k_77736426,200k_77736456,200k_77736616,200k_77738137,200k_77738167,200k_77738317,200k_77738547,200k_77738777,200k_77738977,200k_77739057,200k_77739227,200k_77739960,200k_77739990,200k_77740020,200k_77740230,200k_77740270,200k_77740480,200k_77740820,200k_77740890,200k_77740980,200k_77741190,200k_77741480,200k_77741590,200k_77741650,200k_77741790,200k_77742000,200k_77742040,200k_77742260,200k_77742460,200k_77742890,200k_77743080,200k_77743120,200k_77743260,200k_77743300,200k_77743830,200k_77743970,200k_77744360,200k_77744500,200k_77745040,200k_77745320
200k_39120005,200k_39120255,200k_39120485,200k_39120665,200k_39120925,200k_39121085,200k_39121225,300k_39121747
200k_25622019,300k_25622924,300k_25624064
200k_44029318,200k_44030378,200k_44031468,300k_44032843,300k_44032873,300k_44033083,300k_44033433,300k_44033473,300k_44033713,300k_44034033,300k_44034123,300k_44034363,300k_44034453,300k_44034623,300k_44034693,300k_44034743,300k_44035003,300k_44035033,300k_44035143,300k_44035603,300k_44035693,300k_44035723,300k_44035933,300k_44036243,300k_44036513,300k_44036673,300k_44037568,300k_44037608
200k_55815630,300k_55817213,300k_55818373,300k_55818493,300k_55818533,300k_55818763,300k_55818793,300k_55820073
200k_160567061,300k_160568638
200k_191213241,200k_191213271,200k_191213321,300k_191214890
200k_211291914,200k_211292074,200k_211292224,300k_211293120,300k_211293290,300k_211293410,300k_211293750,300k_211294384,300k_211294944,300k_211295134,300k_211295274,300k_211295504
200k_216250059,200k_216250219,200k_216250309,200k_216250429,200k_216250909,200k_216251069,300k_216251970,300k_216253273
200k_228174434,200k_228174574,200k_228174834,200k_228175124,200k_228175274,300k_228176203
200k_32258978,200k_32259008,200k_32259198,200k_32259378,200k_32259428,200k_32260668,200k_32260838,200k_32261298,200k_32261858,300k_32262912
300k_32265615,200k_32266329,200k_32266399,200k_32266559,200k_32266719,200k_32266999,200k_32268382,200k_32268572,200k_32268712,200k_32268742,200k_32268962,200k_32269112,200k_32269662,200k_32269862,200k_32270232,200k_32270642,200k_32271162,200k_32271862,200k_32271992,200k_32272052,200k_32272582,200k_32272832,200k_32272992,200k_32273222,200k_32273412,200k_32273502
200k_33839051,200k_33839441,300k_33840889,300k_33840999,63k_33841029,300k_33841189,300k_33841739
200k_39743355,300k_39744348,300k_39744498,300k_39744658,300k_39746141,300k_39746491,300k_39747255,300k_39747465,300k_39747525,300k_39747555,300k_39747965,300k_39748035,300k_39748265,300k_39748375,300k_39748415,300k_39748445,300k_39748675,300k_39748845,300k_39749015,300k_39749075,300k_39749155,300k_39749215,300k_39749415,300k_39749675,300k_39749725,300k_39749835,300k_39749865,300k_39750045,300k_39750085,300k_39751224,300k_39751394,300k_39751634
200k_44537363,200k_44538033,300k_44539168,300k_44539368,300k_44540923,300k_44541533,300k_44541703,300k_44542233,300k_44542263
200k_56178746,300k_56180114,300k_56180334,300k_56180434,300k_56180754,300k_56181494,300k_56181674,300k_56181964,300k_56182515,300k_56183065,300k_56183125,300k_56183645
300k_57147053,300k_57147753,300k_57147883,300k_57148123,200k_57149686,200k_57150066,200k_57150596,200k_57151216,200k_57151936
200k_27459764,200k_27460804,200k_27461714,300k_27462657
200k_4531615,200k_4532105,200k_4532185,200k_4532215,200k_4532375,200k_4532415,300k_4533714
300k_4829263,200k_4829983,200k_4830393,200k_4830623,200k_4831603,200k_4831903,200k_4831973,200k_4832423
200k_28380548,200k_28380688,200k_28380958,200k_28381228,200k_28381768,300k_28382852
300k_32909396,300k_32909576,300k_32909996,300k_32911016,63k_32911999,300k_32913396,300k_32914256,200k_32915707,200k_32916297,200k_32916577,200k_32917707,200k_32918097,200k_32918337,200k_32918507,200k_32919267,200k_32919877
300k_33704403,200k_33705787
200k_150296679,200k_150296809,200k_150297419,200k_150297879,200k_150298009,200k_150298279,200k_150298519,200k_150298599,200k_150298799,200k_150298869,200k_150298929,200k_150299139,200k_150299209,300k_150300359,300k_150300669,300k_150301381,300k_150301451,300k_150302298,300k_150302328,300k_150302838,300k_150302898,300k_150302938,300k_150303508,300k_150303588,300k_150303638,300k_150303668,300k_150304438
200k_151014236,200k_151014406,200k_151014686,200k_151015036,200k_151015436,200k_151015736,200k_151016206,200k_151016306,200k_151016476,63k_151016635,200k_151016806,200k_151016976,200k_151017396,200k_151017716,300k_151018955,300k_151019815,300k_151020195
200k_73924154,200k_73924334,200k_73924404,200k_73924594,200k_73925094,200k_73926064,200k_73926384,200k_73926964,200k_73927384,200k_73928967,200k_73929777,300k_73931269,300k_73931529,300k_73931729,300k_73931919,300k_73932369,300k_73932809,300k_73933079,300k_73934039
200k_83817057,200k_83817107,200k_83817267,200k_83817297,200k_83817497,200k_83817607,200k_83817637,200k_83817767,200k_83818087,200k_83818157,200k_83818417,200k_83818557,200k_83818607,200k_83818737,200k_83818797,300k_83819334,300k_83819434,300k_83819644,300k_83819694,300k_83819934,300k_83820324
300k_90820614,300k_90821094,300k_90821444,300k_90821814,300k_90822184,300k_90822614,200k_90824206,200k_90824556,200k_90824856,200k_90825246,200k_90825586,200k_90826296,200k_90826896,200k_90827486,200k_90827646,200k_90828166,200k_90828516,200k_90828736,200k_90829386,200k_90830036,200k_90831226,200k_90831726
300k_169833801,300k_169833981,300k_169834251,300k_169834341,300k_169834481,300k_169835535,300k_169835725,300k_169836005,300k_169836035,300k_169836395,300k_169836455,300k_169837327,300k_169837707,300k_169837887,300k_169838047,300k_169838107,300k_169838247,300k_169838287,300k_169838627,300k_169838797,300k_169839047,300k_169839257,63k_169839548,300k_169839567,300k_169839747,300k_169839877,300k_169839937,300k_169840117,300k_169840457,300k_169841017,300k_169841257,300k_169841707,300k_169841737,300k_169841837,200k_169843062,200k_169843302,200k_169843662,200k_169844092,200k_169844352,200k_169844542,200k_169844712,200k_169844892,200k_169845152
200k_86671073,200k_86671103,200k_86671843,200k_86673217,63k_86673330,200k_86673447,200k_86673527,200k_86673627,200k_86673867,200k_86673937,200k_86673997,200k_86674037,300k_86675437,300k_86675876,300k_86676026,300k_86676066,300k_86676096,300k_86676541,300k_86676571,300k_86676601,300k_86676771,300k_86676811,300k_86676881,300k_86677071,300k_86677151,300k_86677191,300k_86677381,300k_86677661,300k_86677831,300k_86677871,300k_86678171,300k_86678451,300k_86678491,300k_86678801,300k_86678831,300k_86678891,300k_86679051,300k_86679201,300k_86679261,300k_86679381,300k_86679806,300k_86679836,300k_86679926,300k_86680116,300k_86680216,300k_86680426,300k_86680476,300k_86680676,300k_86680746,300k_86681585,300k_86681615,300k_86681895,300k_86682135,300k_86682175,300k_86683059,300k_86683129,300k_86683169,300k_86683419,300k_86683449,300k_86683529,300k_86683859,300k_86684029,300k_86684089,300k_86684329,300k_86684499,300k_86684569,300k_86684809,300k_86684979,300k_86685513,300k_86685543,300k_86685583,300k_86686153,300k_86686193,300k_86686373
200k_138626729,200k_138626779,200k_138627329,300k_138628786
300k_138731194,300k_138731624,300k_138731814,300k_138731974,200k_138733122,200k_138733852,200k_138733922,200k_138733962,200k_138734192,200k_138734232,200k_138734412,200k_138734922,200k_138734962,200k_138735142,200k_138735182,200k_138735882,200k_138736362,200k_138736392,200k_138736772,200k_138736822,200k_138736932
200k_171337163,200k_171337383,300k_171338440,300k_171338830,300k_171339250,300k_171339500,300k_171339820,300k_171340480,300k_171340840,300k_171342078
300k_64283013,300k_64283727,300k_64283967,300k_64284067,300k_64284227,300k_64284317,300k_64284517,300k_64285187,300k_64285247,300k_64285297,300k_64285497,300k_64285687,300k_64285767,300k_64286167,300k_64286227,200k_64287070,200k_64287100,200k_64287140,200k_64287250,200k_64287290,200k_64287540,200k_64287590,200k_64287620,200k_64287980,200k_64288040,200k_64288070,200k_64288220
200k_72084919,200k_72085029,200k_72085209,200k_72085249,200k_72085529,200k_72085639,200k_72085739,200k_72085789,200k_72086099,200k_72086139,200k_72086269,200k_72086359,300k_72087026,300k_72087396,300k_72087846,300k_72087886,300k_72088036,300k_72088236,300k_72088376,300k_72088716,300k_72088956,300k_72089526,300k_72090026,300k_72090226,300k_72090426,300k_72090856,300k_72090946,300k_72091096,300k_72091786,300k_72092086,300k_72092316,300k_72092716
200k_86348094,200k_86348884,200k_86349764,300k_86350401,300k_86350741,300k_86352078,300k_86352168
200k_137475708,300k_137476805
300k_167385289,200k_167386606,200k_167386906,200k_167387246,200k_167387276,200k_167387496,200k_167387626
300k_19157574,300k_19157984,63k_19158130,300k_19158354,300k_19158934,300k_19159114,200k_19160491
300k_27950162,300k_27951702,300k_27952522,200k_27953732,200k_27953922,200k_27954222
300k_83089022,63k_83089891,300k_83090522,300k_83090742,300k_83091062,300k_83091242,300k_83091412,300k_83091672,300k_83091892,300k_83091982,300k_83092072,300k_83092252,300k_83092402,63k_83092531,300k_83092862,300k_83093162,300k_83093582,300k_83093762,300k_83093812,300k_83094032,300k_83094172,300k_83094482,200k_83096077
300k_99155442,300k_99155502,300k_99155592,300k_99155662,300k_99156853,300k_99157313,300k_99157353,300k_99157793,300k_99157943,300k_99158711,300k_99158741,300k_99158771,300k_99158981,300k_99159051,300k_99159141,300k_99159181,300k_99160316,300k_99160456,300k_99161008,300k_99161188,300k_99161228,200k_99162478,200k_99162538,200k_99162678,200k_99162718,200k_99162858,200k_99162888,200k_99162918,200k_99163028,200k_99163128,200k_99163368,200k_99163498,200k_99163528,200k_99163748,200k_99163978,200k_99164048,200k_99164298,200k_99164428,200k_99164468,200k_99164658
300k_110737501,300k_110737981,300k_110738361,300k_110738721,300k_110739021,200k_110740138,200k_110740338
300k_150760565,300k_150760755,200k_150762213,200k_150762473,200k_150762603,200k_150763033,200k_150763253,200k_150763473
200k_37989969,200k_37990539,200k_37990729,300k_37991403,63k_37992120,300k_37992123,300k_37992393,300k_37992513,300k_37992643,300k_37992873,300k_37993483,300k_37993783,300k_37993843,300k_37994063,300k_37994113,300k_37994363,300k_37994463,300k_37994513,300k_37994703,300k_37994743,300k_37994793,300k_37994833
300k_100884254,200k_100885791,200k_100886531
300k_97877511,300k_97877951,300k_97877991,300k_97878381,300k_97878641,300k_97878801,300k_97879031,300k_97879321,200k_97880082,200k_97880262,200k_97880562,200k_97880862,200k_97881082,200k_97881232,200k_97881312,63k_97881362,200k_97881422,200k_97881762,200k_97881892,200k_97882202,200k_97882562,200k_97882792,200k_97882942,200k_97883522,200k_97884382,200k_97884462,200k_97884632,200k_97884672,200k_97884832,200k_97885072,200k_97885352,200k_97885462,200k_97885502,200k_97885562,200k_97885702,200k_97886300,200k_97886330,200k_97886530,200k_97886770,200k_97886830,200k_97886860,200k_97887060,200k_97887110
200k_100964076,200k_100964466,200k_100964586,200k_100964746,200k_100964806,200k_100965216,200k_100965326,300k_100966253,300k_100966453,300k_100966653,300k_100967093,300k_100967273,300k_100967303,300k_100967333,300k_100967493,300k_100968333,300k_100968723,300k_100969013,300k_100969373,300k_100969723,63k_100969830,300k_100970513
200k_130253774,200k_130254134,200k_130254724,200k_130254894,300k_130256009,300k_130256279,300k_130256479,300k_130256809,300k_130256849,300k_130257179,300k_130257459,300k_130257916,300k_130259243,300k_130259403,300k_130260082,300k_130260122,300k_130260292,300k_130260482,300k_130260692,300k_130260732,300k_130261222,300k_130261562,300k_130261592,300k_130261752
300k_136031738,300k_136032108,300k_136032378,300k_136032838,300k_136032928,300k_136033308,300k_136033578,300k_136033708,300k_136034188,300k_136034728,300k_136034758,300k_136034818,300k_136035827,300k_136036067,300k_136037218,200k_136038199,200k_136038499,200k_136038559
300k_140377744,300k_140378464,300k_140378724,300k_140379587,300k_140379617,300k_140379937,300k_140380487,300k_140380797,300k_140381667,300k_140381807,300k_140382037,300k_140382427,300k_140382597,300k_140383117,300k_140383347,300k_140383667,300k_140383917,300k_140384337,300k_140385087,300k_140385177,300k_140385637,300k_140385877,300k_140386407,300k_140387653,63k_140388750,200k_140389798,200k_140390808
