300k_24676933,300k_24677218,300k_24677423,300k_24677518,63k_24677535,200k_24677653,200k_24677853,200k_24678123
300k_26100135,300k_26100230,300k_26100290,300k_26100390,300k_26100470,300k_26100550,63k_26100567,300k_26100830,200k_26101108,200k_26101383,200k_26101508,200k_26101718
300k_26103153,300k_26103248,300k_26103308,300k_26103408,300k_26103488,200k_26103539,200k_26103539,200k_26103539,200k_26103539,200k_26103539,200k_26103539,200k_26103539,200k_26103539,300k_26103539,300k_26103539,63k_26103539,200k_26103675,200k_26103715,200k_26103980,200k_26104045,200k_26104140,200k_26104280,300k_26104534,63k_26104551,300k_26104814,200k_26105092,200k_26105367,200k_26105492,200k_26105627,200k_26105627,200k_26105627,200k_26105627,200k_26105627,200k_26105627,200k_26105627,200k_26105627,200k_26105627,200k_26105627,200k_26105627
300k_55317029,200k_55317179
200k_228873535,200k_228873535,200k_228873535,200k_228873535,300k_228873535,300k_228873535,300k_228873535,200k_228873646,200k_228873871,200k_228873886,200k_228873976,200k_228873996,200k_228874066,200k_228874196,200k_228874326
200k_70961944,200k_70961944,200k_70961944,200k_70961944,200k_70961944,200k_70961944,300k_70961944,300k_70961944,300k_70961944,300k_70962223,300k_70962358,300k_70962463
200k_79686126,200k_79686166,300k_79686349
200k_111632056,200k_111632056,200k_111632056,200k_111632056,200k_111632056,300k_111632272,300k_111632287,300k_111632402
300k_111899987,300k_111900092,200k_111900209,200k_111900209,200k_111900209,200k_111900209,200k_111900209,200k_111900245
300k_1769378,300k_1769398,300k_1769513,300k_1769633,63k_1769698,200k_1769772,200k_1769837,200k_1769862,200k_1770017,200k_1770082,200k_1770112,200k_1770217,63k_1770439,200k_1770507,200k_1770742,200k_1770757
200k_64507229,200k_64507319,200k_64507404,200k_64507444,200k_64507644,200k_64507664,200k_64507689,200k_64507751,200k_64507751,300k_64507751,300k_64507882,300k_64507902
300k_118968680,300k_118968795,300k_118968875,300k_118968905,300k_118968975,300k_118968990,200k_118969251
200k_27938993,300k_27939125
200k_79938252,200k_79938509,200k_79938559,200k_79938629,200k_79938714,200k_79938959,200k_79939109,200k_79939209,200k_79939274,200k_79939349,200k_79939429,200k_79939489,200k_79939609,200k_79939612,200k_79939612,200k_79939612,200k_79939612,200k_79939612,200k_79939612,200k_79939612,300k_79939612,300k_79939759,63k_79939868
200k_79941635,200k_79941685,200k_79941760,200k_79941775,200k_79941830,200k_79941845,200k_79941865,300k_79942023
300k_91538843,300k_91538973,200k_91539103,200k_91539308,200k_91539323,200k_91539453,200k_91539468,200k_91539553,200k_91539643,200k_91539858,200k_91539948,200k_91540108,200k_91540223,200k_91540283,200k_91540353,200k_91540623,200k_91540693,200k_91540838
200k_30679198,300k_30679452,300k_30679452,300k_30679452
200k_52534176,300k_52534348
300k_103472475,200k_103472664,200k_103472714,200k_103472729,200k_103472779,200k_103472944,200k_103473074,200k_103473284,200k_103473314,200k_103473384,200k_103473559,200k_103473574,200k_103473614,200k_103473744
200k_20897686,300k_20897981,300k_20897996,300k_20898151,300k_20898326,63k_20898450,300k_20898746
300k_50083238,300k_50083343,200k_50083444,200k_50083594,200k_50083614
200k_50085152,200k_50085152,300k_50085152,300k_50085152,300k_50085242,300k_50085257,300k_50085357
300k_50091999,300k_50092014,300k_50092124,200k_50092130,200k_50092130,200k_50092130,200k_50092130,300k_50092130,300k_50092130,300k_50092130,300k_50092130,300k_50092130,300k_50092130,300k_50092130,63k_50092130,200k_50092152,200k_50092192,200k_50092302,200k_50092322,200k_50092457,200k_50092472,200k_50092562
300k_98435727,200k_98435916
300k_63422601,300k_63422751,300k_63422781,300k_63422846,200k_63423029,200k_63423264,200k_63423344,200k_63423384,200k_63423514,200k_63423624
300k_79271056,300k_79271231,200k_79271290
200k_93338549,200k_93338549,200k_93338549,200k_93338549,200k_93338549,300k_93338685
200k_14736120,200k_14736150,200k_14736265,200k_14736330,200k_14736495,300k_14736642
200k_31153614,300k_31153794,300k_31153829,300k_31153884,300k_31153979,300k_31153999
300k_31155031,200k_31155205,200k_31155205,200k_31155212
200k_53533753,200k_53533753,300k_53533753
300k_89972813,200k_89973049,200k_89973179
200k_1248837,300k_1248971,300k_1249026,300k_1249061,300k_1249161,300k_1249241,300k_1249387,300k_1249657,300k_1249877,300k_1250047,300k_1250347
200k_3709867,200k_3709897,200k_3709972,200k_3709987,200k_3710167,200k_3710192,200k_3710367,200k_3710382,300k_3710501,300k_3710516,300k_3710621,300k_3710761,300k_3710796
200k_8788319,200k_8788454,200k_8788629,200k_8788744,200k_8788927,300k_8788927,300k_8789175
200k_27214818,200k_27214853,200k_27214928,200k_27215028,200k_27215308,200k_27215406,200k_27215406,200k_27215406,200k_27215406,200k_27215406,200k_27215406,300k_27215664,300k_27215749,300k_27215769,300k_27215844,300k_27215859,300k_27216054,300k_27216084,300k_27216219,300k_27216234,300k_27216384,300k_27216439,300k_27216474,300k_27216729
200k_30631972,300k_30631972,200k_30632018
300k_38523433,300k_38523468,200k_38523751
200k_72201827,300k_72202063,300k_72202063,300k_72202063,300k_72202063,300k_72202063,300k_72202063,300k_72202063,300k_72202063,300k_72202063,300k_72202063,300k_72202147,300k_72202172,300k_72202237,300k_72202282,300k_72202342,300k_72202412,300k_72202517
200k_4726853,200k_4726853,200k_4726853,300k_4726853,300k_4726853,200k_4726862
200k_7749874,200k_7749880,200k_7749880,200k_7749880,200k_7749880,200k_7749880,300k_7749880,300k_7749880,300k_7749880,300k_7749880,300k_7749880,300k_7749880,300k_7749880,300k_7749880,300k_7749880,300k_7749880,300k_7749880,300k_7749880,300k_7749880,300k_7750131,300k_7750196,300k_7750361,300k_7750461
200k_39119774,200k_39119774,200k_39119774,200k_39119774,200k_39119774,200k_39119774,200k_39119807,300k_39120068,300k_39120248,300k_39120263,300k_39120383,300k_39120458
200k_39122206,200k_39122331,200k_39122446,200k_39122536,200k_39122666,200k_39122737,200k_39122737,300k_39122737,300k_39122737,300k_39122737,300k_39122737,300k_39122737,300k_39122737,300k_39122737,300k_39122772,300k_39122812,300k_39122947,300k_39123012,300k_39123207
200k_41698119,200k_41698244,200k_41698314,200k_41698409,63k_41698514,300k_41698702
300k_46292927,300k_46293102,300k_46293177,300k_46293327,300k_46293472,200k_46293555,200k_46293555,300k_46293555,200k_46293708
200k_50721583,200k_50721583,200k_50721583,300k_50721583
200k_10709213,200k_10709283,200k_10709308,200k_10709458,200k_10709533,200k_10709548,200k_10709658,200k_10709738,200k_10709773,200k_10709843,200k_10709883,200k_10710033,200k_10710063,200k_10710078,200k_10710178,200k_10710193,200k_10710233,200k_10710323,200k_10710483,200k_10710588,200k_10710728,200k_10710803,200k_10710953,200k_10710988,200k_10711153,200k_10711173,200k_10711208,200k_10711208,300k_10711336,300k_10711411,300k_10711586,300k_10711616,300k_10711741,300k_10711756
300k_10712591,300k_10712701,300k_10712876,300k_10713036,300k_10713071,300k_10713196,200k_10713394,200k_10713539
200k_73306043,200k_73306238,200k_73306244,200k_73306244,200k_73306244,200k_73306244,200k_73306244,200k_73306244,300k_73306244,300k_73306244,300k_73306244,300k_73306524
300k_73307019,200k_73307230,200k_73307380,200k_73307395,200k_73307630,200k_73307715,200k_73307900
300k_122225909,300k_122225929,200k_122226176,200k_122226256,200k_122226516
200k_157330365,300k_157330365,63k_157330365,200k_157330483,200k_157330598
200k_220364900,300k_220365066
200k_1675928,300k_1676061,300k_1676106
200k_32265510,200k_32265605,300k_32265797
200k_32266825,200k_32266825,200k_32266825,200k_32266825,200k_32266825,200k_32266825,200k_32266825,300k_32266825,200k_32266840,200k_32266855,200k_32266965,200k_32267040,200k_32267315,200k_32267415,200k_32267600,200k_32267805
300k_33932827,300k_33933117,200k_33933332,200k_33933447
300k_49203369,300k_49203399,200k_49203426,200k_49203426,300k_49203426,300k_49203426,200k_49203470,200k_49203490,200k_49203650
200k_49204510,300k_49204762
200k_50239414,300k_50239631
200k_27460384,200k_27460384,200k_27460384,300k_27460588
300k_30744186,300k_30744346,300k_30744401,300k_30744614,300k_30744706,200k_30744771,200k_30745036
200k_43022189,200k_43022409,200k_43022689,200k_43022849,300k_43022990,300k_43023105
200k_32915881,200k_32915881,200k_32915881,200k_32915881,300k_32915881,200k_32916072,200k_32916192,200k_32916277
200k_32916962,300k_32917170
200k_48987518,200k_48987598,200k_48987618,200k_48987748,200k_48987943,200k_48988135,300k_48988135,300k_48988135,300k_48988135,63k_48988135
200k_39643027,300k_39643027,63k_39643027
200k_169840646,200k_169840766,200k_169840946,200k_169841161,300k_169841277,300k_169841447,300k_169841532,300k_169841657,300k_169841762,63k_169841907,300k_169841917,300k_169842007,300k_169842072,300k_169842102,300k_169842192,200k_169842277,200k_169842277,200k_169842277,200k_169842277,300k_169842277,300k_169842277,300k_169842277,300k_169842277,300k_169842277,300k_169842277,200k_169842319,200k_169842414,200k_169842499,200k_169842589,200k_169842719
300k_130774341,300k_130774468,200k_130774509
200k_171337661,200k_171337771,300k_171337931,300k_171338126,300k_171338336,300k_171338461,300k_171338621
300k_29643628,200k_29643703,200k_29643738
300k_33247613,300k_33247613,200k_33247668,200k_33247708,200k_33247723,200k_33247793,200k_33247813,200k_33247858,200k_33247903,200k_33248103,200k_33248128,200k_33248268,200k_33248348,200k_33248408,200k_33248428,200k_33248458,200k_33248478,200k_33248533,200k_33248668,200k_33248688,200k_33248778,200k_33248868,200k_33248953,200k_33249033,200k_33249128
300k_88366801,300k_88366876,200k_88366998
200k_129955170,200k_129955170,300k_129955310
200k_137475352,300k_137475352
200k_154538447,200k_154538473,300k_154538585
200k_158821089,300k_158821317,300k_158821392
300k_19160374,300k_19160579,63k_19160652,300k_19160764,300k_19161054,300k_19161144,200k_19161361
200k_99162278,200k_99162278,200k_99162278,200k_99162278,200k_99162278,200k_99162278,200k_99162278,200k_99162278,200k_99162278,200k_99162278,200k_99162278,200k_99162278,200k_99162278,200k_99162278,200k_99162278,300k_99162278,300k_99162278,300k_99162278,300k_99162278,300k_99162278,200k_99162292,200k_99162357,200k_99162377,200k_99162472
300k_101745672,300k_101745672,200k_101745705
300k_101747350,200k_101747366
200k_133161907,300k_133161907
200k_135333762,200k_135333887,200k_135334137,200k_135334172,200k_135334187,200k_135334312,200k_135334397,200k_135334502,200k_135334532,200k_135334547,200k_135334582,300k_135334821
63k_107616386,200k_107616644,300k_107616874
200k_89565065,200k_89565065,200k_89565065,300k_89565065,200k_89565105,200k_89565245,200k_89565290,200k_89565395,200k_89565665,200k_89565790,200k_89565920,200k_89566105
200k_89566490,200k_89566650,200k_89566665,200k_89566735,300k_89566990
200k_115931443,200k_115931498,300k_115931565,300k_115931670,300k_115931795,300k_115931825,300k_115931905,300k_115931920
300k_124137777,200k_124137927
200k_129480817,200k_129480817,200k_129480817,200k_129480817,63k_129480817,300k_129480828,300k_129481098,300k_129481228,300k_129481338,63k_129481540
300k_130552035,300k_130552268,200k_130552358,200k_130552358,200k_130552358,200k_130552358,200k_130552358,200k_130552358,200k_130552421,200k_130552436,200k_130552616,200k_130552716,200k_130552806,200k_130552871,200k_130552886,200k_130553016,200k_130553036
200k_134321844,300k_134321844,300k_134321844,300k_134321844,300k_134321844,300k_134321844,300k_134321844,200k_134321900,200k_134321955,200k_134322085,200k_134322245,200k_134322320
