200k_1116679,63k_1116874,200k_1116949
63k_7949980,200k_7950272
200k_9153947,63k_9153961
63k_11410226,200k_11410441
200k_16669843,63k_16669894,200k_16670003
63k_16670654,200k_16670935,200k_16671005,200k_16671215
200k_18501897,63k_18501997
200k_18505413,63k_18505513
200k_20437265,63k_20437462
63k_21195864,200k_21195970,200k_21196260
200k_24055554,200k_24055819,200k_24055909,63k_24055972
63k_25945206,200k_25945390,200k_25945505,200k_25945520,200k_25945540,200k_25945610,200k_25945625,200k_25945640
300k_26100135,300k_26100230,300k_26100290,300k_26100390,300k_26100470,300k_26100550,63k_26100567,300k_26100830,200k_26101108,200k_26101383,200k_26101508,200k_26101718
200k_27648033,200k_27648143,200k_27648323,63k_27648331
63k_29564675,200k_29564930,63k_29565080
200k_38408066,200k_38408316,200k_38408386,63k_38408469,200k_38408536
200k_41494559,200k_41494647,200k_41494662,200k_41494682,200k_41494857,200k_41494987,200k_41495087,200k_41495127,63k_41495131,200k_41495192,200k_41495347,200k_41495432
63k_41989819,200k_41989899,200k_41990099
63k_41994777,200k_41995041
63k_45298894,200k_45299053
200k_51888626,63k_51888739,200k_51888746
200k_52130839,200k_52131049,200k_52131159,63k_52131313
200k_52133856,200k_52134066,200k_52134176,63k_52134330
200k_53367042,63k_53367049,200k_53367167,200k_53367397
200k_53372279,63k_53372286,200k_53372404,200k_53372634
200k_58626061,63k_58626074
200k_58629073,63k_58629086
200k_59008788,200k_59008858,63k_59008923,200k_59009018,200k_59009288,200k_59009588
63k_59182505,200k_59182591,200k_59182836
63k_59185534,200k_59185620,200k_59185865
200k_59983452,200k_59983717,200k_59983872,63k_59984039
200k_62700285,63k_62700407
63k_63194045,200k_63194092
200k_64196000,63k_64196122,200k_64196255
200k_65641975,200k_65642155,63k_65642336,200k_65642345
200k_67084378,63k_67084565,200k_67084673,200k_67084693
200k_68858220,63k_68858332,200k_68858420,200k_68858450
200k_70745957,63k_70746041
63k_74857706,200k_74857726
200k_78025857,200k_78026027,200k_78026067,200k_78026187,63k_78026279,200k_78026377,200k_78026407,200k_78026437,200k_78026537,200k_78026567
200k_92980994,200k_92981119,200k_92981289,200k_92981474,200k_92981669,63k_92981823
200k_95510331,63k_95510427
200k_95593855,63k_95593991
63k_95906517,200k_95906564
200k_98332781,200k_98333026,63k_98333074
200k_98335791,200k_98336036,63k_98336084
200k_98410995,63k_98411270
63k_98457152,200k_98457281
200k_98494562,200k_98494637,63k_98494815
63k_98497188,200k_98497276
200k_108121586,200k_108121661,200k_108121911,200k_108122066,200k_108122156,200k_108122176,200k_108122246,200k_108122366,200k_108122587,63k_108122768
200k_108131700,200k_108131735,200k_108131845,63k_108131959
63k_108201670,200k_108201763
63k_108285289,200k_108285553
200k_110671148,63k_110671176
200k_110777439,200k_110777559,200k_110777624,63k_110777882,200k_110777904,200k_110778004,200k_110778024
200k_110944673,200k_110944728,63k_110944912,200k_110944973,200k_110945183,200k_110945273
63k_113046438,200k_113046725,63k_113047012
63k_116252314,200k_116252472,200k_116252557
63k_116255324,200k_116255482,200k_116255567
63k_118792593,200k_118792799
200k_154997538,200k_154997674,63k_154997781
63k_159267241,200k_159267277
63k_159270257,200k_159270293
200k_163098339,63k_163098567
63k_167191567,200k_167191586
63k_168409681,200k_168409742
63k_168438982,200k_168439215
63k_168442231,200k_168442464
200k_171168019,200k_171168104,200k_171168284,200k_171168389,200k_171168589,200k_171168754,200k_171168879,63k_171168958,200k_171169109
200k_173008513,63k_173008628,200k_173008633,200k_173008663,200k_173008953
200k_173447077,200k_173447177,200k_173447227,200k_173447401,63k_173447513,200k_173447531,200k_173447561,200k_173447771,200k_173447891,200k_173448121,200k_173448181,200k_173448361
63k_174132477,200k_174132582,63k_174132875
200k_175901366,63k_175901574
63k_179280084,200k_179280157
63k_180562388,200k_180562665
200k_183592386,200k_183592406,200k_183592511,200k_183592591,200k_183592606,200k_183592621,200k_183592716,200k_183592841,200k_183592871,200k_183592886,200k_183593046,200k_183593311,200k_183593381,200k_183593486,200k_183593616,200k_183593646,200k_183593871,200k_183594056,200k_183594086,200k_183594116,200k_183594416,200k_183594706,200k_183594736,200k_183594766,63k_183594922,200k_183595056
63k_184265377,200k_184265527
200k_185109644,63k_185109925
63k_185343356,200k_185343551,200k_185343571,200k_185343706
200k_185344026,200k_185344056,200k_185344141,63k_185344215,200k_185344221,200k_185344311,200k_185344341,200k_185344391,200k_185344406,200k_185344641
63k_185534886,200k_185535138
63k_185535641,200k_185535823
63k_186443000,200k_186443294
200k_186812054,63k_186812185
200k_192456394,63k_192456406,200k_192456599
200k_192459416,63k_192459429,200k_192459621
63k_192690293,200k_192690590
63k_192693307,200k_192693604
200k_192915490,63k_192915622,200k_192915700,200k_192915890,200k_192916080
200k_192919754,63k_192920003
200k_192923343,63k_192923592
200k_192951483,200k_192951743,63k_192951892,200k_192952123
200k_192954869,200k_192955129,63k_192955279,200k_192955509
63k_198088529,200k_198088823
200k_200377037,200k_200377052,63k_200377089
200k_200380062,200k_200380077,63k_200380114
200k_200399649,63k_200399672,200k_200399779
63k_203965784,200k_203965818
200k_205141712,200k_205141727,200k_205141892,63k_205142125
200k_206666982,200k_206667052,200k_206667197,200k_206667362,200k_206667482,200k_206667557,200k_206667657,63k_206667667
200k_209330510,63k_209330579
200k_209333897,63k_209333966
200k_219724035,200k_219724115,63k_219724216
200k_219727433,200k_219727648,200k_219727828,200k_219727843,200k_219727933,63k_219727954
200k_219730447,200k_219730662,200k_219730842,200k_219730857,200k_219730947,63k_219730968
200k_222142552,200k_222142567,63k_222142628,200k_222142767,200k_222142787,200k_222142972,200k_222143072,200k_222143147,200k_222143167,200k_222143407,63k_222143597,200k_222143602,200k_222143632
200k_222145568,200k_222145583,63k_222145644,200k_222145783,200k_222145803,200k_222145988,200k_222146088,200k_222146163,200k_222146183,200k_222146423,63k_222146613,200k_222146618,200k_222146648
200k_222150548,200k_222150568,200k_222150653,63k_222150731
200k_223097261,63k_223097461,200k_223097551,200k_223097641,200k_223097921
200k_224355077,63k_224355374,200k_224355607
63k_224356612,200k_224356647
200k_224461456,200k_224461526,200k_224461656,63k_224461658,200k_224461716,200k_224461746,200k_224461916,200k_224462076,200k_224462156,200k_224462236,200k_224462266,200k_224462411,200k_224462581,200k_224462691
63k_224597494,200k_224597530,200k_224597600,200k_224597765,200k_224597785
200k_228878268,63k_228878375,200k_228878468,200k_228878538,200k_228878818
200k_230029889,200k_230030139,200k_230030309,200k_230030454,63k_230030457,200k_230030519,200k_230030629
200k_232106409,63k_232106418,200k_232106494,63k_232106719
200k_232117384,200k_232117599,200k_232117754,63k_232117969
200k_234537014,200k_234537049,63k_234537185,200k_234537219,200k_234537344,200k_234537374,200k_234537604,200k_234537624
63k_243922826,200k_243922889
63k_4174356,200k_4174529,200k_4174664,63k_4174850
63k_5108447,200k_5108499,200k_5108604,200k_5108814,200k_5109029,200k_5109254,200k_5109449,200k_5109489,200k_5109504,200k_5109719,200k_5109964
63k_6424181,200k_6424233
200k_6833953,63k_6834020,200k_6834243
200k_9015188,200k_9015298,63k_9015298
200k_9017581,63k_9017707
200k_9076805,200k_9076945,200k_9077240,63k_9077251,200k_9077455,200k_9077675,200k_9077925
200k_13142942,200k_13143112,63k_13143114
63k_22041614,200k_22041798
200k_22046664,63k_22046779,200k_22046954,200k_22046994,200k_22047214,200k_22047264,200k_22047364,200k_22047524,200k_22047554,200k_22047784,200k_22047824
200k_22262896,63k_22262979
200k_22726527,200k_22726782,200k_22726817,200k_22726892,200k_22726912,200k_22726932,200k_22726997,200k_22727122,200k_22727277,200k_22727387,63k_22727397,200k_22727512,200k_22727532,200k_22727547,200k_22727562,200k_22727672,200k_22727707,200k_22727817,63k_22727998,200k_22728007,200k_22728292,200k_22728382,200k_22728407,200k_22728697,200k_22728732,200k_22728857
63k_30226780,200k_30226956
63k_30234929,200k_30234934
63k_35932423,200k_35932642
200k_43952494,63k_43952594
200k_52614515,63k_52614554
200k_53797456,200k_53797641,200k_53797671,200k_53797771,63k_53797797
200k_62726516,200k_62726581,63k_62726670,200k_62726686
200k_65225104,200k_65225214,200k_65225229,200k_65225374,200k_65225409,63k_65225441,200k_65225479,200k_65225514,200k_65225629,200k_65225659,200k_65225779,200k_65225874,200k_65225894
63k_65267160,200k_65267433,200k_65267448,200k_65267673
63k_65270827,200k_65271099,200k_65271114,200k_65271339
63k_69777738,200k_69777770,200k_69777865,200k_69777955,200k_69778075
63k_69780759,200k_69780791,200k_69780886,200k_69780976,200k_69781096
200k_72043711,63k_72043947
200k_76679664,200k_76679804,63k_76680046
200k_76738331,63k_76738537
200k_78161582,63k_78161648,200k_78161882,200k_78162072
200k_78164599,63k_78164665,200k_78164899,200k_78165089
200k_78189346,63k_78189511,200k_78189676
63k_78190513,200k_78190516,200k_78190641
200k_97810302,63k_97810306,200k_97810352,200k_97810377,63k_97810426,200k_97810462,200k_97810497
63k_99638633,200k_99638920
63k_99641764,200k_99642051
63k_104474764,200k_104474872,63k_104475044,200k_104475102,200k_104475187,200k_104475217,200k_104475337
200k_105724432,63k_105724484,200k_105724647,200k_105724742,200k_105724832
200k_105727462,63k_105727514,200k_105727677,200k_105727772,200k_105727862
200k_110362188,200k_110362433,200k_110362568,200k_110362583,63k_110362683
200k_114424585,200k_114424765,200k_114424870,200k_114424995,63k_114425181
200k_114930594,200k_114930694,63k_114930796
63k_115033085,200k_115033246,200k_115033326
63k_115036121,200k_115036282,200k_115036362
200k_115060459,63k_115060546
200k_115078816,63k_115079052
63k_115079457,200k_115079611,200k_115079776
200k_115087282,200k_115087437,63k_115087611
200k_116582689,200k_116582769,63k_116582884,200k_116582992
200k_118922711,63k_118922770
200k_118925027,63k_118925240
200k_118928044,63k_118928257
200k_119004362,63k_119004629,200k_119004632
63k_119008201,200k_119008284,200k_119008299,200k_119008464,63k_119008466,200k_119008499,200k_119008684,200k_119008974
200k_119022591,63k_119022833,200k_119023121
200k_119026336,200k_119026416,200k_119026586,200k_119026646,200k_119026716,200k_119026731,200k_119026816,63k_119026954,200k_119027021,200k_119027161,200k_119027231
63k_122827888,200k_122828174,200k_122828189
63k_133740659,200k_133740891
200k_134913497,63k_134913525
200k_134974823,200k_134975083,63k_134975185,200k_134975453
200k_135048882,63k_135049087
200k_135107883,63k_135107893,200k_135108013,200k_135108053,200k_135108083,200k_135108303,200k_135108433,200k_135108473,200k_135108503
200k_135205318,63k_135205528,200k_135205808
200k_1693936,63k_1694170,200k_1694290
200k_1710995,63k_1711048,200k_1711250,200k_1711405
200k_1714510,63k_1714563,200k_1714765,200k_1714920
200k_4474639,63k_4474667
200k_4477658,63k_4477686
200k_4480008,63k_4480275
200k_8273721,63k_8273978
63k_9763535,200k_9763675
200k_14434380,63k_14434516
200k_45682851,63k_45683030
200k_45685865,63k_45686044
63k_59868869,200k_59868920
200k_59871752,63k_59871752
200k_63775114,63k_63775327
200k_63776107,200k_63776147,63k_63776271,200k_63776272,200k_63776427,200k_63776707,200k_63776912,200k_63776927,200k_63776962,200k_63777262,200k_63777347,200k_63777367,200k_63777532,200k_63777567,200k_63777697,200k_63777992,200k_63778207
200k_63957421,63k_63957548,200k_63957791,200k_63957806,200k_63957966,200k_63957986,200k_63958016
200k_65488132,200k_65488392,200k_65488607,200k_65488792,200k_65488897,200k_65488992,200k_65489147,200k_65489432,200k_65489542,200k_65489632,200k_65489717,200k_65489887,200k_65490037,63k_65490041,200k_65490242,200k_65490437
200k_68239494,200k_68239559,200k_68239644,63k_68239752,200k_68239769,200k_68239939,200k_68240159
200k_68272728,200k_68272763,63k_68272770
200k_68274381,200k_68274396,63k_68274532,200k_68274566,200k_68274586,200k_68274706
200k_69153586,63k_69153737,200k_69154026,200k_69154176
200k_70230937,200k_70231037,200k_70231329,200k_70231542,200k_70231577,200k_70231592,200k_70231712,200k_70231787,200k_70231907,63k_70232089,200k_70232127,200k_70232207,200k_70232272
63k_70246763,200k_70246786
200k_70398145,63k_70398179
200k_87904853,200k_87905138,200k_87905288,200k_87905508,200k_87905523,200k_87905628,200k_87905753,200k_87905783,200k_87905813,200k_87905878,63k_87905897,200k_87906003,200k_87906068
200k_87909592,200k_87909622,200k_87909652,200k_87909717,63k_87909736,200k_87909842,200k_87909907
200k_88257174,200k_88257239,200k_88257459,63k_88257584
200k_100593854,200k_100594014,200k_100594149,63k_100594215
200k_100596869,200k_100597029,200k_100597164,63k_100597230
63k_104558400,200k_104558631
200k_104565869,63k_104565983
200k_107730399,63k_107730415
200k_114314650,200k_114314695,200k_114314770,63k_114314812,200k_114314855,200k_114314890,200k_114315010,200k_114315030,200k_114315045,200k_114315240,200k_114315360,200k_114315465
200k_115802760,63k_115802998
63k_116680753,200k_116681021,200k_116681281,200k_116681496,200k_116681731
63k_119452265,200k_119452304
200k_121197093,63k_121197277
63k_126178780,200k_126178980
200k_129314578,63k_129314631
200k_129320070,63k_129320124,200k_129320155,200k_129320265,200k_129320400,200k_129320545,200k_129320600,200k_129320670,200k_129320945,200k_129321025
63k_130392633,200k_130392684
200k_3978294,200k_3978354,200k_3978574,63k_3978623,200k_3978724
200k_4128768,200k_4128783,200k_4128803,200k_4128883,200k_4129073,63k_4129132,200k_4129308,200k_4129363,200k_4129458,200k_4129508,200k_4129523,200k_4129608,200k_4129628,200k_4129678,200k_4129738,200k_4129753,200k_4129883
200k_4131784,200k_4131799,200k_4131819,200k_4131899,200k_4132089,63k_4132148,200k_4132324,200k_4132379,200k_4132474,200k_4132524,200k_4132539,200k_4132624,200k_4132644,200k_4132694,200k_4132754,200k_4132769,200k_4132899,200k_4132964,200k_4133107,200k_4133294,200k_4133469,200k_4133569,200k_4133784,200k_4134084
200k_8796243,63k_8796299,200k_8796558,200k_8796598
200k_8822044,200k_8822059,200k_8822169,63k_8822412
200k_10335942,200k_10336212,63k_10336405
63k_10337059,200k_10337242
63k_14988323,200k_14988355,200k_14988525,200k_14988560
200k_14993635,63k_14993920
200k_21625021,200k_21625036,200k_21625231,63k_21625444,200k_21625461
63k_22429009,200k_22429137
63k_22781721,200k_22781747
63k_24970147,200k_24970218
63k_24975352,200k_24975423
200k_24988037,200k_24988062,200k_24988282,200k_24988377,200k_24988602,200k_24988617,200k_24988742,63k_24988890,200k_24989102,63k_24989259,200k_24989387,200k_24989557,63k_24989660,200k_24989772
200k_24995216,63k_24995319,200k_24995431,200k_24995621,200k_24995661,63k_24995687,200k_24995741,200k_24995931,200k_24996071,200k_24996106,200k_24996406,200k_24996476
200k_25003172,63k_25003177
63k_28023806,200k_28024090
63k_28026819,200k_28027103
200k_28930444,63k_28930619
200k_28934062,63k_28934236
200k_29395608,200k_29395798,200k_29395908,200k_29396198,63k_29396336
200k_31754153,63k_31754200
200k_40457060,63k_40457274
200k_42986734,63k_42987018
63k_43665478,200k_43665711
63k_43669144,200k_43669377
63k_47296222,200k_47296289
200k_47310272,63k_47310521
63k_48395359,200k_48395527
63k_54434072,200k_54434238
200k_54444021,200k_54444251,63k_54444289,200k_54444541
200k_54446051,63k_54446067,200k_54446101,200k_54446301,200k_54446511,200k_54446741
200k_54610835,63k_54610881
200k_56690217,200k_56690332,200k_56690542,200k_56690812,63k_56690884
63k_56875924,200k_56876185
63k_56878977,200k_56879238
63k_58336446,200k_58336541
63k_58339458,200k_58339553
200k_60012939,63k_60013172,63k_60013423,200k_60013544
200k_62983496,63k_62983531,200k_62983676,200k_62983907,200k_62983927,200k_62984092,200k_62984107,200k_62984202,200k_62984262,200k_62984452,200k_62984652,200k_62984667,200k_62984682
200k_63051848,63k_63051913
200k_65140418,63k_65140642
63k_65150403,200k_65150513,200k_65150588
200k_69162760,200k_69162990,200k_69163086,200k_69163221,63k_69163517,200k_69163671,200k_69163786,200k_69164011,200k_69164096,200k_69164191,200k_69164276,200k_69164486,200k_69164506
63k_69178060,200k_69178201,200k_69178321,200k_69178351,200k_69178571,200k_69178601,200k_69178616
63k_69178943,200k_69179081,200k_69179171,200k_69179266
200k_69201819,200k_69201919,63k_69202052,200k_69202164,200k_69202274
63k_69229968,200k_69229996,200k_69230041,200k_69230126,200k_69230231,200k_69230246,200k_69230276,200k_69230291,200k_69230341,200k_69230426,200k_69230491,200k_69230631,200k_69230716,200k_69230841,200k_69230856,200k_69230911,200k_69230976,200k_69230996
63k_69416854,200k_69416963
63k_69420446,200k_69420555
200k_69434720,200k_69434945,63k_69435028
200k_69454045,63k_69454121
200k_69631540,200k_69631555,200k_69631605,200k_69631645,200k_69631660,63k_69631739,200k_69631795,200k_69631895
200k_69634628,200k_69634643,200k_69634693,200k_69634733,200k_69634748,63k_69634827,200k_69634883,200k_69634983,200k_69635128,200k_69635186,200k_69635216,200k_69635386
200k_72101836,200k_72102096,63k_72102207
200k_72726199,63k_72726315
200k_72729219,63k_72729335
200k_76919807,63k_76920062,200k_76920227,200k_76920527,200k_76920717,200k_76920777
200k_76938907,63k_76939045,200k_76939127,200k_76939272,200k_76939426
200k_76941033,63k_76941311
200k_79994938,200k_79995028,200k_79995198,200k_79995213,200k_79995228,200k_79995318,200k_79995333,200k_79995398,200k_79995423,200k_79995533,200k_79995683,200k_79995838,200k_79995858,200k_79995933,63k_79996050,200k_79996073,200k_79996088,200k_79996188,200k_79996213,200k_79996268,200k_79996288,200k_79996363,200k_79996493,200k_79996518,200k_79996533,200k_79996583,200k_79996753,200k_79996773,200k_79996863,200k_79996893,200k_79997048,200k_79997083,200k_79997228,200k_79997328,200k_79997543,200k_79997568
63k_88825662,200k_88825879
63k_88828682,200k_88828898
200k_89842767,200k_89842797,200k_89842857,63k_89843016
63k_90088554,200k_90088691
200k_90115427,63k_90115580
200k_90123459,63k_90123700
200k_90124889,63k_90125067
200k_90126727,200k_90126772,63k_90126819
200k_90129737,200k_90129782,63k_90129829
200k_90150399,63k_90150690,200k_90150929
200k_93561608,63k_93561799
200k_94677219,200k_94677334,200k_94677404,200k_94677649,200k_94677800,200k_94678010,200k_94678080,200k_94678140,200k_94678170,63k_94678277,200k_94678470
200k_94681520,63k_94681697,200k_94681890,200k_94682110
63k_94956253,200k_94956523
63k_102213831,200k_102214028,200k_102214113
63k_102283936,200k_102284017
63k_107782034,200k_107782116
63k_115803728,200k_115804008
63k_118464473,200k_118464494,200k_118464524,200k_118464574,200k_118464714,200k_118464774,200k_118464879,200k_118464904,200k_118465077,200k_118465092,200k_118465117,200k_118465197,200k_118465272,200k_118465307
63k_118467535,200k_118467557,200k_118467587,200k_118467637,200k_118467777,200k_118467837,200k_118467942,200k_118467967,200k_118468140,200k_118468155,200k_118468180,200k_118468260,200k_118468335,200k_118468370,200k_118468480,200k_118468700
200k_120906812,63k_120906989,200k_120907092
200k_120911235,200k_120911340,63k_120911400
200k_120914406,200k_120914511,63k_120914571
200k_121865835,200k_121865990,200k_121866270,200k_121866375,200k_121866400,63k_121866475,200k_121866500,200k_121866575,200k_121866675,200k_121866750
200k_121867065,200k_121867095,200k_121867115,200k_121867300,63k_121867377,200k_121867645
63k_130057659,200k_130057880
63k_22245925,63k_22246170,200k_22246303,200k_22246423
200k_22249451,63k_22249500,200k_22249711
200k_22250031,63k_22250104,200k_22250361,200k_22250431
200k_22393960,63k_22394010
63k_22687919,200k_22688083
200k_23455948,63k_23456000,200k_23456118
200k_23457357,200k_23457422,200k_23457442,200k_23457572,200k_23457707,63k_23457734,200k_23457972,200k_23458127,200k_23458212,200k_23458442,200k_23458457,200k_23458602,200k_23458642,200k_23458727
200k_23483758,200k_23483913,200k_23483933,200k_23483983,63k_23484028,200k_23484228,200k_23484333,200k_23484353,200k_23484403,200k_23484463,200k_23484493,200k_23484593,200k_23484673,200k_23484768,200k_23484818,200k_23484933,200k_23485038
63k_23500625,200k_23500871
200k_25082245,63k_25082500,200k_25082515,200k_25082775,200k_25082948,200k_25083048,200k_25083258
200k_26551289,63k_26551318
200k_28620379,63k_28620498
200k_28657943,200k_28658053,200k_28658283,63k_28658365,200k_28658448,200k_28658548,200k_28658743
200k_30867888,63k_30867922
200k_30879732,63k_30879803
200k_34184459,200k_34184554,200k_34184579,200k_34184754,200k_34184889,63k_34185139
200k_34187491,200k_34187586,200k_34187611,200k_34187786,200k_34187921,63k_34188172
63k_34527493,200k_34527528
63k_40057533,200k_40057790
200k_40139720,63k_40139858
200k_40345788,63k_40346000,200k_40346058
63k_42269157,200k_42269303
63k_43912782,200k_43912866,200k_43912891
200k_45941204,200k_45941394,63k_45941636,200k_45941704,200k_45941794
200k_50210850,63k_50210852,200k_50210930,200k_50211055,200k_50211175
63k_50216384,200k_50216438,200k_50216488,200k_50216788
63k_50554534,200k_50554637,200k_50554682,200k_50554777,200k_50554812,200k_50555042,200k_50555177,200k_50555427,200k_50555512
200k_50561959,63k_50562069
200k_50857917,63k_50858058,200k_50858142,200k_50858162
200k_51289628,200k_51289698,200k_51289873,63k_51289964,200k_51290038,200k_51290088,200k_51290248,200k_51290383,200k_51290438,200k_51290473
200k_61157717,63k_61157843
63k_64561275,200k_64561285,200k_64561390
63k_64564296,200k_64564306,200k_64564411
200k_64651484,63k_64651587,200k_64651754,200k_64651854,200k_64651904
200k_64654502,63k_64654605,200k_64654772,200k_64654872,200k_64654922
200k_72349217,63k_72349279,200k_72349367
63k_72359681,200k_72359727
63k_72368413,200k_72368623,200k_72368893
63k_72373461,200k_72373717
63k_72376480,200k_72376735,200k_72376997
200k_72382888,63k_72383035
200k_72387801,63k_72387948
63k_74327820,200k_74327879
63k_74340294,200k_74340367
63k_74448288,200k_74448351
200k_74508305,200k_74508595,63k_74508810
200k_75881979,200k_75882154,200k_75882224,200k_75882384,200k_75882419,200k_75882529,200k_75882644,63k_75882742,200k_75882819,200k_75882989
63k_80744294,200k_80744400,200k_80744460
63k_80822068,200k_80822228
63k_80825125,200k_80825285
63k_103554954,200k_103554979
63k_103559538,200k_103559563
200k_106904233,63k_106904435
200k_106908227,63k_106908430
63k_108504028,200k_108504039,200k_108504279,200k_108504419
200k_110054383,63k_110054464,200k_110054553
200k_110057406,63k_110057487,200k_110057576
200k_110062499,200k_110062794,200k_110063079,63k_110063193,200k_110063339,200k_110063604
200k_110140350,200k_110140605,63k_110140858,200k_110141085,200k_110141160,200k_110141420
63k_114148930,200k_114148961
200k_21684898,63k_21684949
63k_22654233,200k_22654342
63k_22656608,200k_22656643
200k_22759809,200k_22759944,63k_22760021
200k_22761419,63k_22761490,200k_22761624,200k_22761749
200k_22857095,200k_22857210,200k_22857305,63k_22857505,200k_22857640,200k_22857925
200k_24603784,200k_24603894,63k_24604022,200k_24604044,200k_24604164
200k_25465244,63k_25465366
200k_39637214,200k_39637254,200k_39637374,200k_39637554,63k_39637701,200k_39637864
200k_45720134,63k_45720287
200k_51396186,63k_51396394
200k_51410045,200k_51410215,63k_51410297,200k_51410415,200k_51410595,200k_51410625,200k_51410655
200k_53210651,200k_53210896,63k_53211145,200k_53211351
63k_53598054,200k_53598252
63k_53601147,200k_53601345
63k_55770748,200k_55770789
200k_55842851,63k_55843142
63k_62132040,200k_62132290,63k_62132559
63k_64342437,200k_64342493
200k_64911178,63k_64911276,200k_64911283,200k_64911313,200k_64911338,200k_64911418,200k_64911443,200k_64911458,200k_64911628,200k_64911643,200k_64911758,200k_64911878,200k_64911983
200k_69596444,63k_69596668
200k_74957502,63k_74957507,200k_74957657
200k_80051122,63k_80051405
200k_81588647,200k_81588677,200k_81588737,200k_81588977,63k_81589029
200k_81596507,200k_81596572,63k_81596611,200k_81596727
200k_81599517,200k_81599582,63k_81599621,200k_81599737
63k_90051442,200k_90051476
63k_90378053,200k_90378086
200k_93234496,200k_93234581,63k_93234591
200k_94746145,63k_94746176,200k_94746455
200k_94749554,63k_94749585,200k_94749864
63k_94802778,200k_94803038
63k_94805890,200k_94806150
200k_94818893,63k_94819104
200k_103298929,200k_103299019,63k_103299260
200k_104402029,63k_104402122
200k_104766357,63k_104766620
63k_25110089,200k_25110327,200k_25110477
200k_26327033,63k_26327103
200k_26966731,63k_26966880
63k_28494802,200k_28494892
200k_35648697,63k_35648700,200k_35648867
200k_37200346,63k_37200443
200k_37205910,63k_37206007
63k_45341621,200k_45341753
200k_45754298,63k_45754598,200k_45754678
63k_45806658,200k_45806751
200k_45835120,200k_45835270,200k_45835490,200k_45835565,63k_45835648,200k_45835760,200k_45835840
200k_45838137,200k_45838287,200k_45838507,200k_45838582,63k_45838665,200k_45838777,200k_45838857
200k_48387701,63k_48387811
63k_48821292,200k_48821416,200k_48821516
63k_51177565,200k_51177844
63k_51179287,200k_51179294
200k_52542029,63k_52542162
200k_52578279,200k_52578445,200k_52578485,200k_52578525,200k_52578590,200k_52578605,200k_52578895,200k_52578935,200k_52579205,200k_52579485,63k_52579510,200k_52579525,200k_52579650,200k_52579710,200k_52579805,200k_52579930,200k_52579995,200k_52580010,200k_52580070,63k_52580185,200k_52580260,200k_52580320
63k_52711319,200k_52711372,200k_52711412,200k_52711647
200k_53095590,63k_53095673,200k_53095680,200k_53095710
63k_59698740,200k_59698877,200k_59698987,200k_59699037
200k_69490647,200k_69490667,200k_69490917,63k_69491032
200k_70102753,63k_70103029
63k_72383357,200k_72383539,200k_72383764,200k_72383894
63k_75252828,200k_75252888,200k_75252988
63k_78666889,200k_78666931,200k_78667026
200k_79670096,63k_79670364,200k_79670546
63k_80147511,200k_80147578
63k_84047807,200k_84048033
200k_91330921,200k_91331151,200k_91331381,200k_91331411,63k_91331532
63k_93794589,200k_93794711
200k_96704669,63k_96704749
200k_96739373,63k_96739494
200k_98543122,200k_98543232,63k_98543329
63k_12626081,200k_12626224
200k_12630064,63k_12630139
200k_12634004,200k_12634229,63k_12634449
200k_12637985,200k_12638210,63k_12638430
200k_12642174,63k_12642241
63k_12644683,200k_12644949
63k_12648124,200k_12648391
200k_26607542,63k_26607641
200k_26627020,63k_26627024
200k_46838637,200k_46838862,63k_46838945
200k_46841655,200k_46841880,63k_46841964
63k_46864039,200k_46864204
63k_48612114,200k_48612268
200k_50237410,63k_50237690,200k_50237770
200k_51795950,63k_51796116,200k_51796327
200k_53517427,200k_53517697,63k_53517966,200k_53518077,200k_53518227
200k_74612022,63k_74612118,200k_74612182
200k_77706703,63k_77706765
200k_82170967,63k_82171121
200k_82172642,200k_82172892,200k_82172907,63k_82173042,200k_82173087
200k_85752759,63k_85752840
200k_86772302,63k_86772414
200k_88105166,63k_88105196,200k_88105296,200k_88105446,200k_88105566,200k_88105601,200k_88105716,200k_88105786,200k_88105856
63k_89673347,200k_89673400,200k_89673570
200k_4613204,200k_4613344,63k_4613508,200k_4613704,200k_4613749,200k_4613864,200k_4613934,200k_4614004,63k_4614017,200k_4614024,200k_4614039,200k_4614094,200k_4614134,200k_4614334,200k_4614419,200k_4614439,200k_4614454,200k_4614529,63k_4614663,200k_4614754,200k_4614779,200k_4614894
200k_4663246,63k_4663497
200k_6840329,63k_6840432,200k_6840459,200k_6840474,200k_6840754,200k_6840774,200k_6840854,200k_6841130,200k_6841170
200k_6842530,200k_6842740,63k_6843030,200k_6843170,200k_6843320
200k_6849266,200k_6849426,200k_6849561,200k_6849661,200k_6849816,200k_6849921,63k_6850203,200k_6850401,200k_6850691,200k_6850901,200k_6850986,200k_6851196
200k_6852282,200k_6852442,200k_6852577,200k_6852677,200k_6852832,200k_6852937,63k_6853219,200k_6853417,200k_6853707,200k_6853917,200k_6854002,200k_6854212,200k_6854430,200k_6854520,200k_6854580,200k_6854870
200k_6950216,200k_6950231,63k_6950452,200k_6950476,200k_6950586,200k_6950601,200k_6950722
63k_8324928,200k_8324959,200k_8325014
200k_8651412,200k_8651492,200k_8651507,63k_8651740
200k_14234522,200k_14234612,200k_14234682,200k_14234832,200k_14235092,200k_14235262,63k_14235326,200k_14235572
200k_14238116,200k_14238206,200k_14238276,200k_14238426,200k_14238686,200k_14238856,63k_14238920,200k_14239166
200k_14255787,200k_14256077,63k_14256130
63k_14256454,200k_14256462
63k_17349701,200k_17349815
63k_26720379,200k_26720592,200k_26720662
63k_26735922,200k_26736170
200k_28255246,63k_28255475
200k_28260213,63k_28260442
63k_35286282,200k_35286344
200k_35298825,200k_35298910,200k_35299095,63k_35299187
63k_35491826,200k_35492046
200k_35511446,63k_35511477,200k_35511713
200k_35514466,63k_35514497
200k_39001981,63k_39002277
63k_40213778,200k_40213900
200k_43917409,200k_43917624,200k_43917834,200k_43917949,200k_43918034,200k_43918104,200k_43918119,63k_43918141,200k_43918324,200k_43918509
200k_46395317,63k_46395492,200k_46395774
63k_47051576,200k_47051865,63k_47052091
200k_47112478,63k_47112518
63k_47940242,200k_47940252
200k_57070005,200k_57070225,63k_57070304,200k_57070585
63k_61447009,200k_61447241
200k_61628886,63k_61629081,200k_61629096,200k_61629146
200k_61638605,63k_61638699
200k_64689249,200k_64689279,200k_64689404,200k_64689494,63k_64689503,200k_64689509,200k_64689539,200k_64689709,200k_64689789,200k_64690004,200k_64690024,200k_64690064,200k_64690224
200k_64692267,200k_64692297,200k_64692422,200k_64692512,63k_64692521,200k_64692527,200k_64692557,200k_64692727,200k_64692807,200k_64693022,200k_64693042,200k_64693082,200k_64693242
200k_64694895,200k_64695025,200k_64695305,200k_64695465,63k_64695678
200k_64796391,200k_64796406,200k_64796691,200k_64796706,200k_64796951,200k_64797026,63k_64797246,200k_64797256,200k_64797356,63k_64797440,200k_64797486,200k_64797661,200k_64797681,200k_64797881,200k_64797961,200k_64798166,200k_64798306,200k_64798386,200k_64798547,200k_64798597
200k_65568866,63k_65569107,200k_65569186,200k_65569241,200k_65569346,200k_65569586,200k_65569871
200k_68116962,200k_68117212,200k_68117242,63k_68117385,200k_68117402,200k_68117572,200k_68117792
200k_68118622,200k_68118822,63k_68119089,200k_68119352,63k_68119517
200k_70892532,63k_70892730,200k_70892832,200k_70892952
200k_71023489,63k_71023758,200k_71023994
63k_74127072,200k_74127172
63k_74130468,200k_74130568
200k_74134561,63k_74134716
200k_77631947,63k_77632244
200k_77914063,63k_77914241,200k_77914253,200k_77914368,63k_77914379,200k_77914483,200k_77914593
200k_79630452,200k_79630482,63k_79630591
200k_12046082,63k_12046094
200k_20910923,200k_20911053,63k_20911096
200k_21945675,200k_21945825,63k_21945898,200k_21946005,200k_21946200
200k_25535759,200k_25536029,63k_25536270
200k_25624698,63k_25624767
200k_29629639,63k_29629937,200k_29630144
63k_39768017,200k_39768227
63k_39771035,200k_39771245
200k_43310070,63k_43310109,200k_43310305,200k_43310380,200k_43310650,200k_43310685
200k_43733216,200k_43733341,63k_43733614,200k_43733891,200k_43733956,200k_43734173
200k_44180073,200k_44180259,63k_44180438
63k_51704036,200k_51704066,200k_51704296,200k_51704336,200k_51704496
200k_51739196,63k_51739327,200k_51739386,200k_51739461,200k_51739606
200k_51742219,63k_51742350,200k_51742409,200k_51742484,200k_51742629
200k_54669980,200k_54670065,63k_54670116,200k_54670180
200k_54672999,200k_54673084,63k_54673135,200k_54673199
200k_56112690,200k_56112730,63k_56113022
63k_56115180,200k_56115200,200k_56115435
200k_57622957,200k_57622987,63k_57623141
200k_67710659,200k_67710899,200k_67711054,200k_67711334,63k_67711335
200k_74059156,63k_74059314
200k_74062177,63k_74062334
63k_76733542,200k_76733647
63k_76741846,200k_76741914
200k_77324778,200k_77324998,200k_77325078,200k_77325253,200k_77325433,63k_77325479,200k_77325568
200k_557173,200k_557428,63k_557588
63k_2889294,200k_2889447
200k_2950139,200k_2950199,63k_2950212
200k_6539631,200k_6539889,63k_6539908,200k_6539914
200k_7715548,63k_7715577
200k_7722235,63k_7722464
200k_9120101,200k_9120126,63k_9120368
63k_9120993,200k_9121116
63k_10537407,200k_10537510
63k_15158608,200k_15158687
63k_15577982,200k_15578120,200k_15578275,200k_15578420,200k_15578550
200k_15744839,200k_15744919,200k_15745059,200k_15745249,63k_15745315,200k_15745549,200k_15745714,200k_15745994,200k_15746154,200k_15746239,200k_15746366,63k_15746409
200k_17791323,63k_17791380
63k_20479098,200k_20479142
200k_20480262,63k_20480342,200k_20480522
200k_40648261,63k_40648320
63k_41152852,200k_41152865,200k_41152885,200k_41153010
200k_41170943,63k_41171079
200k_41701938,200k_41702063,200k_41702133,200k_41702228,63k_41702418,63k_41702648
200k_42501767,200k_42502022,63k_42502080,200k_42502217
200k_42571513,63k_42571789
200k_46133974,63k_46134032,200k_46134214
63k_47867206,200k_47867217,200k_47867487,200k_47867527,63k_47867589,200k_47867717
200k_47870399,63k_47870434
200k_48767721,63k_48767882
200k_50087714,200k_50087859,200k_50087964,200k_50088104,200k_50088224,63k_50088320,200k_50088404
200k_50090727,200k_50090872,200k_50090977,200k_50091117,200k_50091237,63k_50091334,200k_50091417
200k_50092249,200k_50092509,63k_50092544,200k_50092639
200k_52238537,200k_52238732,63k_52238968
63k_52240815,63k_52241090,200k_52241292,200k_52241372
200k_52241912,63k_52242148
63k_52243995,63k_52244270,200k_52244472,200k_52244552,200k_52244597
63k_52246273,200k_52246527,200k_52246769,200k_52246969,200k_52247029,200k_52247044
63k_52260053,200k_52260286,200k_52260371
200k_56121476,200k_56121501,200k_56121516,63k_56121631,200k_56121676,200k_56121756,200k_56121936,200k_56121966,200k_56122166,200k_56122251,200k_56122391,200k_56122471,200k_56122501,200k_56122611,200k_56122631,200k_56122826,200k_56122886,200k_56123076,200k_56123156,200k_56123176,200k_56123261,200k_56123276,200k_56123391,200k_56123476,200k_56123491,200k_56123516,200k_56123716,200k_56123751,200k_56123766,200k_56123861,200k_56123881,200k_56123946,200k_56123981
200k_603331,63k_603557
200k_606824,63k_607050
200k_2685941,63k_2686158
200k_2907758,200k_2907778,63k_2908040
200k_2910767,200k_2910787,63k_2911049
63k_3154499,200k_3154747
63k_6903273,200k_6903488
200k_7865574,200k_7865719,63k_7865936
200k_8370748,63k_8371036
200k_8374436,63k_8374637
200k_8421494,200k_8421764,200k_8421874,200k_8422044,63k_8422203
200k_8439437,63k_8439529
200k_9831837,200k_9831907,63k_9832143
200k_10274235,200k_10274525,63k_10274566
200k_11970384,200k_11970624,200k_11970729,63k_11970996,200k_11971049,63k_11971120
63k_12007003,200k_12007094
63k_12320608,200k_12320614
63k_12703331,200k_12703468,63k_12703509,200k_12703718,200k_12703753,200k_12703898,200k_12704058
63k_16048241,200k_16048485,200k_16048615
63k_16049035,200k_16049230
63k_16052264,200k_16052459
200k_16365198,63k_16365486
200k_16494543,63k_16494703
63k_18811376,200k_18811584
63k_18814397,200k_18814605
63k_30703434,200k_30703714,200k_30703784,200k_30703989
63k_30707343,200k_30707623,200k_30707693,200k_30707898
200k_30850091,63k_30850211
63k_38212659,200k_38212686
200k_38217366,63k_38217497
200k_38220833,63k_38220965
200k_38245967,200k_38246132,200k_38246202,63k_38246262,200k_38246342
200k_39444050,200k_39444260,63k_39444380
63k_40768632,200k_40768779,200k_40768794
200k_41960965,63k_41961217
200k_42067514,63k_42067595
200k_42410168,63k_42410188
200k_42413197,63k_42413217
63k_46403227,200k_46403413,200k_46403508
63k_47978263,200k_47978371,200k_47978391,200k_47978551
63k_54327724,200k_54327744
200k_55766899,200k_55766939,200k_55766969,63k_55767101,200k_55767104,200k_55767344,200k_55767529,200k_55767624,200k_55767839,200k_55767949,200k_55768019,200k_55768039,200k_55768109,200k_55768124,200k_55768304,200k_55768339,200k_55768459,200k_55768519,200k_55768549,200k_55768644,200k_55768724,200k_55768749,200k_55768919,200k_55768934,200k_55768954
200k_57624749,63k_57624798,200k_57625094
63k_57663959,200k_57664002
200k_58336800,63k_58336913
200k_61182787,63k_61183023
63k_66926058,200k_66926134
200k_67624993,200k_67625153,200k_67625183,200k_67625213,63k_67625298,200k_67625543,200k_67625593,200k_67625763,200k_67625893,200k_67626153
63k_67663112,200k_67663175
63k_68278833,200k_68278949,200k_68279109
200k_69888234,63k_69888482
200k_70388949,63k_70389031,200k_70389109,200k_70389349,200k_70389539,200k_70389709,200k_70389879,200k_70389909,200k_70390079,200k_70390309
63k_74766229,200k_74766435
200k_74970922,63k_74971006
200k_96993021,200k_96993101,200k_96993121,200k_96993231,200k_96993246,200k_96993286,200k_96993446,200k_96993496,200k_96993646,200k_96993791,200k_96993811,200k_96993831,63k_96993868,200k_96993921,200k_96993941
200k_96996796,200k_96996876,200k_96996896,200k_96997006,200k_96997021,200k_96997061,200k_96997221,200k_96997271,200k_96997421,200k_96997566,200k_96997586,200k_96997606,63k_96997643,200k_96997696,200k_96997716
200k_100324790,200k_100324820,63k_100324988,200k_100325110
63k_103037524,200k_103037741
63k_103038973,200k_103039235,200k_103039355
63k_103040666,200k_103040884
63k_103042116,200k_103042377,200k_103042497
200k_103280399,63k_103280609
200k_106204798,63k_106205076
200k_113693968,63k_113694045
200k_118737816,63k_118737840
63k_118738584,200k_118738816
200k_118740496,63k_118740589
63k_122456817,200k_122457044
63k_122459829,200k_122460056
200k_123421125,63k_123421309,200k_123421410
200k_136720238,63k_136720383
63k_139674367,200k_139674389
200k_152792330,63k_152792341,200k_152792520
200k_153662121,200k_153662226,63k_153662374
200k_158719631,63k_158719686,200k_158719811,200k_158719991,200k_158720181,200k_158720211,200k_158720481,200k_158720631
200k_160094162,200k_160094267,200k_160094302,200k_160094437,200k_160094472,200k_160094592,200k_160094607,200k_160094672,200k_160094692,200k_160094707,63k_160094727,200k_160094787,200k_160094802,200k_160094887,200k_160094917,200k_160095027,200k_160095092,200k_160095127,200k_160095287,200k_160095307,200k_160095402,200k_160095482,200k_160095537,200k_160095622,200k_160095707,200k_160095742,200k_160095807,200k_160095832,200k_160095927,63k_160095946,200k_160095982,200k_160096137,200k_160096157,200k_160096262
63k_160753089,200k_160753189
200k_160756940,200k_160757020,63k_160757074,200k_160757110
200k_163036526,63k_163036566
200k_173555615,63k_173555654
200k_173559973,63k_173560012
200k_173876379,63k_173876458
200k_175539604,200k_175539714,200k_175539934,200k_175539974,200k_175540154,200k_175540224,200k_175540324,63k_175540562,200k_175540734,200k_175540794
200k_177047103,63k_177047276
200k_178176466,200k_178176494,200k_178176624,63k_178176664,200k_178176714,200k_178176729,200k_178176794,200k_178176954,200k_178177214,200k_178177369,200k_178177394,200k_178177469,200k_178177494
63k_179894721,200k_179894906
200k_180870641,63k_180870766,200k_180870796
200k_180873663,63k_180873788,200k_180873818
63k_183878902,200k_183879058,63k_183879328
200k_189391289,63k_189391510
200k_190729449,200k_190729469,200k_190729529,200k_190729559,200k_190729744,200k_190729814,63k_190729957,200k_190730094,200k_190730194,200k_190730264,200k_190730304
200k_191028526,63k_191028761,200k_191028861,200k_191029031
200k_191584206,63k_191584502
200k_191810478,200k_191810613,200k_191810678,200k_191810693,200k_191810708,63k_191810800
200k_191812876,200k_191813026,200k_191813141,200k_191813311,200k_191813531,63k_191813586,200k_191813726,200k_191813996,63k_191814115,200k_191814121,200k_191814286,200k_191814386,200k_191814546,200k_191814646,200k_191814791,200k_191814916,200k_191815066,200k_191815091,200k_191815301,200k_191815496,200k_191815511
200k_191815893,200k_191816043,200k_191816158,200k_191816328,200k_191816548,63k_191816604,200k_191816743,200k_191817013,63k_191817133,200k_191817138,200k_191817303,200k_191817403,200k_191817563,200k_191817663,200k_191817808,200k_191817933,200k_191818083,200k_191818108,200k_191818318,200k_191818513,200k_191818528
200k_197369796,200k_197369811,63k_197370041
200k_198328175,63k_198328348,200k_198328406,200k_198328471
200k_199564976,63k_199565215
200k_204371412,200k_204371577,63k_204371862,200k_204371912
63k_204394116,200k_204394388
200k_208749039,63k_208749141
63k_216222191,200k_216222333,200k_216222403,200k_216222538,63k_216222564,200k_216222683,200k_216222728,63k_216222750,200k_216222868,200k_216222958,200k_216223028,200k_216223193,63k_216223239,200k_216223298,200k_216223313,200k_216223503,200k_216223588,200k_216223618
200k_216846447,63k_216846451
200k_219818384,200k_219818474,63k_219818493
200k_220376860,63k_220377153
200k_220377810,63k_220377819
63k_220386044,200k_220386120
200k_223576435,63k_223576458,200k_223576535,200k_223576555,200k_223576675
200k_225077711,63k_225077781,200k_225077866
200k_228235740,63k_228235859
200k_228253411,63k_228253579
63k_228275231,200k_228275481
63k_228278247,200k_228278497
200k_234669997,200k_234670137,63k_234670300
200k_234672167,63k_234672452,200k_234672482,200k_234672687,200k_234672777,200k_234672967
200k_234675259,63k_234675544,200k_234675574,200k_234675779,200k_234675869,200k_234676059
200k_236912564,63k_236912837
200k_238968715,63k_238968815
200k_241557186,200k_241557286,200k_241557566,200k_241557751,200k_241557786,200k_241557961,200k_241558181,200k_241558246,200k_241558336,200k_241558411,63k_241558453,200k_241558541,200k_241558581,200k_241558701,200k_241558721
63k_241903071,200k_241903352
200k_241903837,63k_241903842
200k_242261802,200k_242261962,63k_242262161,200k_242262202,200k_242262322,200k_242262532
200k_242266988,200k_242267048,200k_242267208,63k_242267244,200k_242267368
200k_242425624,63k_242425646,200k_242425654,200k_242425824,200k_242425994,200k_242426254,200k_242426394
200k_823142,200k_823172,200k_823367,63k_823371,200k_823437,200k_823537
63k_1335308,200k_1335405,200k_1335550,63k_1335614,63k_1335904,200k_1335990
200k_1338462,63k_1338733,200k_1338942,200k_1339082,200k_1339159,200k_1339274,200k_1339304,200k_1339334,200k_1339469,200k_1339539
200k_1747443,63k_1747474,200k_1747483
200k_1758112,200k_1758232,200k_1758352,200k_1758537,200k_1758612,63k_1758676
63k_3412353,200k_3412638,200k_3412738,200k_3412818
63k_4210394,200k_4210587
200k_5041994,200k_5042034,63k_5042096,200k_5042104,200k_5042244,200k_5042274
63k_5045789,200k_5045853
200k_5059234,63k_5059324,200k_5059474
200k_5740765,200k_5740965,200k_5741035,200k_5741155,200k_5741340,200k_5741515,63k_5741576,200k_5741775
200k_5746876,63k_5746931,200k_5746986
200k_5873978,63k_5874269
200k_5899366,63k_5899603
63k_5901008,200k_5901136
63k_7725647,200k_7725668,200k_7725848,200k_7726003,200k_7726118
63k_9051331,200k_9051480
63k_9054342,200k_9054491
200k_13313019,200k_13313129,63k_13313217,200k_13313284,200k_13313379,200k_13313514
63k_13316745,200k_13316885
63k_13321315,200k_13321455
200k_13703613,63k_13703751,200k_13703838
200k_13706631,63k_13706769,200k_13706856
63k_19192726,200k_19192774
63k_19195740,200k_19195788
63k_19203063,200k_19203271
200k_19204073,200k_19204223,63k_19204250
200k_22902427,63k_22902552
200k_22905600,63k_22905725
63k_31267723,200k_31267935,200k_31268115
200k_32968873,200k_32968963,200k_32968988,200k_32969023,200k_32969063,63k_32969272,200k_32969288
63k_33723766,200k_33723932,200k_33724222
200k_36552320,63k_36552396
200k_36986179,200k_36986369,63k_36986417
63k_43438383,200k_43438587
63k_46319880,200k_46320016,200k_46320106
200k_47805769,200k_47805804,200k_47805819,63k_47805975
63k_51775226,200k_51775323
200k_52634756,63k_52634766
200k_55749214,200k_55749374,63k_55749408,200k_55749664
200k_56829031,200k_56829266,200k_56829401,63k_56829613,200k_56829731
200k_56832052,200k_56832287,200k_56832422,63k_56832634,200k_56832752
200k_56985915,200k_56985980,200k_56986085,200k_56986110,200k_56986230,200k_56986320,200k_56986365,63k_56986638
200k_57020242,200k_57020272,63k_57020491,200k_57020572,200k_57020637
63k_59108385,200k_59108466
63k_60564658,200k_60564701
200k_60752521,63k_60752579,200k_60752681,200k_60752901,200k_60753021,200k_60753281
63k_60758660,200k_60758773,200k_60759023
200k_60975368,200k_60975468,200k_60975633,63k_60975637,200k_60975833,200k_60975878
200k_62706517,200k_62706552,200k_62706637,200k_62706707,200k_62706722,200k_62706797,200k_62706937,63k_62706943,200k_62707067,200k_62707087,200k_62707372,200k_62707417,200k_62707507,200k_62707537
200k_16223912,200k_16224162,63k_16224244,200k_16224487,200k_16224627,200k_16224887
63k_17660245,200k_17660419
63k_22557359,200k_22557382
200k_26733421,200k_26733456,200k_26733471,63k_26733592
200k_26736773,200k_26736808,200k_26736823,63k_26736944
63k_30133844,200k_30134067
200k_34658999,200k_34659029,200k_34659044,200k_34659164,200k_34659179,200k_34659319,200k_34659334,200k_34659349,200k_34659439,200k_34659549,200k_34659609,200k_34659719,200k_34659764,200k_34659864,63k_34659889,200k_34659959,200k_34660034,200k_34660134
200k_38343677,200k_38343887,63k_38344063
63k_39543962,200k_39544102
200k_42599420,63k_42599622
200k_47266483,200k_47266693,63k_47266791
63k_17304395,200k_17304463,200k_17304698,63k_17304747
200k_31030621,63k_31030869
63k_31293921,200k_31294034,200k_31294259
63k_31295358,200k_31295599,200k_31295629
63k_34682461,200k_34682513
200k_36170790,200k_36170925,200k_36171000,200k_36171020,200k_36171145,200k_36171160,200k_36171195,63k_36171320,200k_36171385,200k_36171460,200k_36171670
200k_36173826,200k_36173961,200k_36174036,200k_36174056,200k_36174181,200k_36174196,200k_36174231,63k_36174356,200k_36174421,200k_36174496,200k_36174706
63k_37323299,200k_37323360
200k_44319134,63k_44319304
63k_49763645,200k_49763714,200k_49763969
200k_49842875,63k_49842947
200k_50838359,63k_50838448
200k_8395969,63k_8396165
200k_8400929,63k_8401125
63k_23991813,200k_23992106
200k_27526796,63k_27527040,200k_27527226
200k_32927183,200k_32927283,63k_32927284,200k_32927383,200k_32927458
200k_39373156,200k_39373176,200k_39373196,200k_39373316,63k_39373333,200k_39373381,200k_39373396,200k_39373481,200k_39373511,200k_39373556,200k_39373576
200k_40332737,200k_40332782,63k_40332893,200k_40332907,200k_40332952
200k_40336141,200k_40336186,63k_40336297,200k_40336311,200k_40336356
63k_40340102,200k_40340144
63k_40343116,200k_40343158
63k_40354795,200k_40355086
200k_42237497,200k_42237572,200k_42237612,200k_42237632,63k_42237915,200k_42237987,200k_42238092,200k_42238143
200k_47176853,63k_47176949
63k_47201267,200k_47201327
63k_47204282,200k_47204342
200k_53899228,200k_53899293,200k_53899423,200k_53899448,200k_53899468,200k_53899573,200k_53899718,200k_53899768,200k_53899888,63k_53899889,200k_53899923,200k_53899953,200k_53900143,200k_53900228,200k_53900253,200k_53900408
63k_55377762,200k_55377875,200k_55377905
200k_64472538,63k_64472803,200k_64472913
200k_64476172,63k_64476437,200k_64476547
200k_65001378,200k_65001603,200k_65001753,200k_65001818,200k_65002038,200k_65002203,200k_65002278,200k_65002523,200k_65002583,200k_65002758,200k_65002993,200k_65003248,200k_65003348,200k_65003498,63k_65003565,200k_65003718
200k_65007001,200k_65007061,200k_65007236,200k_65007471,200k_65007726,200k_65007826,200k_65007976,63k_65008043,200k_65008196,200k_65008351,200k_65008501,200k_65008666,200k_65008956,200k_65009051
63k_65013268,200k_65013273,200k_65013363,200k_65013533,200k_65013573,200k_65013673,200k_65013853,200k_65014103,200k_65014323,200k_65014563
63k_65016694,200k_65016943
200k_67040724,63k_67040811
63k_67049803,200k_67049989
63k_67052849,200k_67053035
63k_71893927,200k_71894150
63k_105975589,200k_105975785
200k_107012709,200k_107012959,63k_107013152
200k_107016516,63k_107016709
200k_107318635,63k_107318878
200k_107349060,200k_107349290,200k_107349575,200k_107349750,200k_107349825,63k_107349916,200k_107350210
63k_117632362,200k_117632512,200k_117632702,200k_117632742
63k_127246233,200k_127246396
63k_128563907,200k_128564145,63k_128564280
200k_128586585,200k_128586620,200k_128586765,200k_128586785,63k_128586803,200k_128587010,200k_128587080
200k_128589626,200k_128589661,200k_128589806,200k_128589826,63k_128589843,200k_128590051,200k_128590121
200k_134309768,63k_134309962
200k_141657831,63k_141658063,200k_141658206,200k_141658336
200k_141660869,63k_141661101,200k_141661244,200k_141661374
63k_145786532,200k_145786548,200k_145786693
200k_148330576,63k_148330637,200k_148330641,200k_148330881
200k_148662063,200k_148662263,63k_148662314
200k_150349995,200k_150350010,200k_150350120,63k_150350232
200k_151015436,200k_151015736,200k_151016010,200k_151016060,200k_151016145,63k_151016224,200k_151016310,200k_151016395,200k_151016605,200k_151016765
200k_151063123,63k_151063152,200k_151063423
63k_151063742,200k_151063873,63k_151064098,200k_151064283,200k_151064493
200k_151513178,200k_151513253,200k_151513423,63k_151513573,200k_151513663,200k_151513828
200k_151516197,200k_151516272,200k_151516442,63k_151516592,200k_151516682,200k_151516847
200k_151590668,200k_151590818,200k_151591073,63k_151591079,200k_151591378
63k_154994930,200k_154995013
63k_154999060,200k_154999143
200k_165536557,63k_165536655,200k_165536772
200k_172422329,63k_172422387,200k_172422544
200k_172426421,63k_172426479,200k_172426636
200k_177384100,63k_177384187,200k_177384190,200k_177384235,200k_177384345,200k_177384480,200k_177384510,200k_177384670,200k_177384810,200k_177384880
63k_177622388,200k_177622480,63k_177622676,200k_177622745,200k_177622900,200k_177623065
200k_177977984,63k_177978082
200k_177981016,63k_177981114
200k_180422172,200k_180422252,200k_180422452,200k_180422612,200k_180422687,63k_180422702,200k_180422707,200k_180422847,200k_180422942,200k_180423032,200k_180423142
200k_180425427,200k_180425507,200k_180425707,200k_180425867,200k_180425942,63k_180425957,200k_180425962,200k_180426102,200k_180426197,200k_180426287,200k_180426397
200k_182644242,200k_182644467,200k_182644497,63k_182644763
200k_183686520,63k_183686817
63k_187518165,200k_187518365
63k_187521996,200k_187522195,200k_187522395
200k_190284986,63k_190285103
63k_193758442,200k_193758726
63k_194707842,200k_194708123
200k_196852833,200k_196852848,200k_196852968,200k_196853013,200k_196853043,200k_196853163,200k_196853213,200k_196853233,200k_196853298,200k_196853403,200k_196853418,200k_196853433,63k_196853577,200k_196853853,200k_196854048,200k_196854273
200k_196855848,200k_196855863,200k_196855983,200k_196856028,200k_196856058,200k_196856178,200k_196856228,200k_196856248,200k_196856313,200k_196856418,200k_196856433,200k_196856448,63k_196856592,200k_196856868,200k_196857063,200k_196857288
200k_196993671,200k_196993816,63k_196993904
200k_197304234,200k_197304249,63k_197304365,200k_197304419,200k_197304449,200k_197304469,200k_197304584,200k_197304819,200k_197304989,200k_197305054,200k_197305139,200k_197305424,200k_197305589,200k_197305679,200k_197305869
200k_772694,200k_772784,200k_772799,200k_772874,63k_772955,200k_772974,200k_773139,200k_773284,200k_773299,200k_773419,200k_773539,200k_773694,200k_773714,200k_773734,200k_773884,200k_773899,200k_774014,200k_774114,200k_774179,200k_774259,200k_774539,200k_774554,200k_774659,200k_774679
200k_1561999,63k_1562190
63k_5032127,200k_5032150
63k_5035138,200k_5035161
63k_5039121,200k_5039241
63k_5042133,200k_5042253
63k_24325013,63k_24325273,200k_24325375,200k_24325425,200k_24325520
200k_24330852,63k_24331024
200k_24333871,63k_24334042
63k_26478015,200k_26478196,200k_26478466,200k_26478546
63k_37758113,63k_37758295,200k_37758546
200k_38763974,200k_38764074,63k_38764187
63k_38766970,200k_38767006
200k_39540780,200k_39540810,200k_39540920,200k_39541180,200k_39541330,200k_39541530,200k_39541780,200k_39541880,63k_39542064,200k_39542140,200k_39542200
63k_39656922,200k_39657056
200k_54781065,63k_54781332
200k_54785125,63k_54785392,200k_54785635
200k_54865369,200k_54865499,200k_54865549,200k_54865819,200k_54866109,200k_54866149,200k_54866339,200k_54866399,200k_54866429,63k_54866543,200k_54866559,200k_54866709,200k_54866749,200k_54866779,200k_54866849
200k_54868209,200k_54868329,200k_54868359,200k_54868589,200k_54868649,200k_54868922,200k_54868937,200k_54869162,200k_54869277,200k_54869537,200k_54869672,200k_54869882,200k_54870067,200k_54870102,63k_54870333,200k_54870362,200k_54870412,200k_54870457,200k_54870607,200k_54870632,200k_54870647,200k_54870672,200k_54870767,200k_54871022,200k_54871077,200k_54871237,200k_54871257,200k_54871277,200k_54871317,200k_54871412,200k_54871452,200k_54871472,200k_54871517,200k_54871687,200k_54871807,200k_54871822,200k_54871837
200k_54886296,200k_54886326,63k_54886430
200k_54888696,200k_54888936,63k_54888997,200k_54889006,200k_54889236,200k_54889281,200k_54889386,200k_54889466
200k_54892764,200k_54893004,63k_54893065,200k_54893074,200k_54893304,200k_54893349,200k_54893454,200k_54893534
200k_54905630,200k_54905745,200k_54905865,200k_54906015,200k_54906030,200k_54906045,200k_54906145,63k_54906148,200k_54906165,200k_54906285,200k_54906305,200k_54906320,200k_54906400,200k_54906470
200k_54958000,63k_54958079
200k_57254039,200k_57254124,63k_57254186,200k_57254244,200k_57254329,200k_57254344,200k_57254414,200k_57254524,200k_57254539,200k_57254614,200k_57254689,200k_57254709,200k_57254829,200k_57254844,200k_57254944,200k_57255154,200k_57255169,200k_57255284,200k_57255369,200k_57255394,200k_57255424,200k_57255494,200k_57255649,200k_57255669,200k_57255754,200k_57255799,200k_57255814,200k_57256089,200k_57256219,200k_57256239,200k_57256394,200k_57256469
200k_57257060,200k_57257145,63k_57257207,200k_57257265,200k_57257350,200k_57257365,200k_57257435,200k_57257545,200k_57257560,200k_57257635,200k_57257710,200k_57257730,200k_57257850,200k_57257865,200k_57257965,200k_57258175,200k_57258190,200k_57258305,200k_57258390,200k_57258415,200k_57258445,200k_57258515,200k_57258670,200k_57258690,200k_57258775,200k_57258820,200k_57258835,200k_57259110,200k_57259240,200k_57259260,200k_57259415,200k_57259490
200k_66534486,63k_66534672,200k_66534861
63k_71860903,200k_71860948
200k_72637359,63k_72637473
63k_74052720,200k_74052973,200k_74053168
200k_77366153,63k_77366297
200k_78977855,200k_78977875,200k_78977975,200k_78978120,200k_78978255,200k_78978350,63k_78978399,200k_78978685,63k_78978735,200k_78978830,200k_78978850
63k_79523463,200k_79523598
200k_85422287,200k_85422307,200k_85422412,200k_85422627,200k_85422647,63k_85422721
200k_103357333,63k_103357493,63k_103357691,63k_103357939,63k_103358138
200k_106382397,200k_106382467,200k_106382627,63k_106382680,200k_106382757,200k_106382797,200k_106382977,200k_106383067,200k_106383317,200k_106383377,200k_106383587
63k_106383889,200k_106384037,200k_106384227,200k_106384417
200k_106387300,200k_106387570,200k_106387650,200k_106387680,200k_106387700,200k_106387815,200k_106388025,200k_106388110,200k_106388220,200k_106388245,200k_106388315,200k_106388340,200k_106388465,200k_106388700,200k_106388815,200k_106388835,63k_106388878,200k_106388885,200k_106389045,200k_106389080,200k_106389270,200k_106389285,63k_106389320,200k_106389470,200k_106389490
63k_107956934,200k_107957045,200k_107957240
63k_110467276,200k_110467443
200k_112795160,63k_112795432
63k_119337147,200k_119337431
63k_119340158,200k_119340442
200k_120205051,200k_120205191,200k_120205383,63k_120205500,200k_120205693
200k_120437424,200k_120437454,200k_120437584,200k_120437619,200k_120437774,200k_120438029,200k_120438059,200k_120438079,200k_120438209,200k_120438224,63k_120438295,200k_120438394,200k_120438469,200k_120438484,200k_120438559,200k_120438589,200k_120438781,200k_120438801,200k_120438816,200k_120438851,200k_120438901,200k_120438921,200k_120438936,200k_120439041,200k_120439099,200k_120439139,63k_120439217,200k_120439499,200k_120439589,200k_120439659,200k_120439779,200k_120439819,200k_120439849
200k_120441256,200k_120441286,200k_120441316,200k_120441406,200k_120441421,200k_120441621,200k_120441656,200k_120441891,200k_120441941,200k_120441996,200k_120442106,200k_120442136,200k_120442261,63k_120442262,200k_120442276
200k_120458854,63k_120459050
63k_124621751,200k_124621797,200k_124622087
200k_140787517,63k_140787666
200k_143061286,200k_143061361,200k_143061481,200k_143061556,200k_143061596,200k_143061796,63k_143062088,200k_143062116
63k_143071148,200k_143071312,200k_143071607
63k_143074169,200k_143074334,200k_143074629
63k_145974845,200k_145974877
200k_147195745,63k_147195888,200k_147195890
200k_147196585,200k_147196660,63k_147196882
200k_147326620,63k_147326635
200k_160521196,200k_160521386,63k_160521550,200k_160521736
200k_166332402,63k_166332504
200k_166421129,200k_166421149,200k_166421424,200k_166421489,200k_166421589,200k_166421789,63k_166421835
63k_169369764,200k_169369784
63k_169372820,200k_169372839
200k_170569602,63k_170569768
200k_173078717,63k_173078753
200k_175281700,63k_175281977,200k_175282070
63k_175400713,200k_175400777
63k_175405854,200k_175405918
200k_175436206,63k_175436461,200k_175436691
200k_175438073,200k_175438143,200k_175438253,63k_175438290
63k_175440122,200k_175440352
200k_175441734,200k_175441804,200k_175441914,63k_175441951
63k_180981323,200k_180981361,200k_180981516,200k_180981676
200k_183420501,63k_183420561
200k_184328305,63k_184328550,200k_184328655,200k_184328685
200k_184329995,63k_184330119
200k_184385370,200k_184385390,200k_184385690,200k_184385895,63k_184385958
200k_186861406,63k_186861561,200k_186861731
200k_189049104,63k_189049349,200k_189049534
63k_32811072,200k_32811309
200k_34049963,63k_34049978
63k_35428530,200k_35428774
63k_35432723,200k_35432967
200k_36030706,200k_36030756,63k_36030904
200k_39718206,63k_39718477
200k_44820411,200k_44820426,200k_44820461,200k_44820536,200k_44820551,200k_44820581,63k_44820726,200k_44820731,200k_44820761,200k_44820776,200k_44820801,200k_44821026,200k_44821181,200k_44821201,200k_44821466,200k_44821581,200k_44821631,200k_44821751,200k_44821771,200k_44821951,200k_44821966,200k_44821981,200k_44822091,200k_44822106,200k_44822241,200k_44822301
63k_44875878,200k_44875934
200k_54620818,63k_54620986,200k_54620988
200k_54623854,63k_54624022,200k_54624024
200k_55597386,63k_55597628
200k_57792017,200k_57792222,63k_57792311,200k_57792392,200k_57792597,200k_57792677,200k_57792797,63k_57792951,200k_57792977
200k_57796850,200k_57797055,63k_57797143,200k_57797225,200k_57797430,200k_57797510,200k_57797630,63k_57797783,200k_57797810,200k_57797980
63k_58048685,200k_58048911
63k_58051700,200k_58051926
200k_58133936,63k_58134200
200k_58317008,63k_58317117
200k_58361265,63k_58361279,200k_58361375,200k_58361410
200k_58365840,63k_58366127
63k_58389323,200k_58389603
63k_58393407,200k_58393687
200k_58408012,63k_58408311,63k_58408576,200k_58408695,200k_58408830,200k_58409130
63k_58411647,200k_58411765,200k_58411900,200k_58412200
63k_58418538,200k_58418592
63k_58422542,200k_58422572
200k_58427802,63k_58428101,200k_58428222
63k_58445449,200k_58445632
63k_58576008,200k_58576055,200k_58576285
200k_58874680,63k_58874681,200k_58874780
63k_64132573,200k_64132654
200k_68337186,200k_68337271,63k_68337549
200k_68340206,200k_68340291,63k_68340570
200k_68608031,200k_68608181,200k_68608361,63k_68608464,200k_68608601
200k_73331160,200k_73331240,63k_73331499,200k_73331645,200k_73331675,200k_73331895
200k_74973945,63k_74974187,200k_74974195,200k_74974315
63k_78355413,200k_78355514
63k_79136878,200k_79137048,200k_79137302
63k_80895677,200k_80895756
200k_86603654,200k_86603894,63k_86604112,200k_86604114
200k_86609587,200k_86609657,200k_86609762,200k_86609867,200k_86609907,200k_86610037,63k_86610091
200k_86621183,200k_86621333,200k_86621413,200k_86621593,63k_86621642,200k_86621778,63k_86622022,200k_86622133,200k_86622268,63k_86622314,200k_86622548,200k_86622693,200k_86622918,200k_86622998
200k_86628502,63k_86628582
200k_86649292,200k_86649582,63k_86649711
200k_86659901,200k_86659941,200k_86659981,200k_86660031,200k_86660147,200k_86660177,200k_86660297,200k_86660352,200k_86660442,200k_86660457,200k_86660542,200k_86660557,200k_86660582,200k_86660667,200k_86660812,200k_86660977,200k_86661077,200k_86661357,200k_86661377,200k_86661392,63k_86661434,200k_86661472,200k_86661567,200k_86661692,200k_86661717,63k_86661724,200k_86661852,200k_86661867,200k_86661897,200k_86661922,200k_86662057,200k_86662097,200k_86662232,200k_86662377,200k_86662397,200k_86662517,200k_86662567,200k_86662642,200k_86662672,200k_86662712,200k_86662732
200k_86668313,200k_86668333,200k_86668493,200k_86668698,200k_86668833,200k_86668898,63k_86668919,200k_86669033,200k_86669073,200k_86669365,200k_86669445,200k_86669535,200k_86669645,200k_86669685,200k_86669795,200k_86669820,200k_86669915
200k_86673217,63k_86673330,200k_86673447,200k_86673527,200k_86673627,200k_86673867,200k_86673937,200k_86673997,200k_86674037
200k_110797422,200k_110797482,63k_110797677
200k_110835311,200k_110835491,63k_110835517,200k_110835571,200k_110835681
200k_110838360,200k_110838540,63k_110838565,200k_110838620,200k_110838730
63k_111014901,200k_111015033
200k_114750851,63k_114751088
200k_114912308,200k_114912393,200k_114912408,200k_114912433,200k_114912613,200k_114912853,200k_114912868,200k_114913053,200k_114913173,200k_114913193,200k_114913343,200k_114913438,200k_114913633,200k_114913663,200k_114913733,200k_114913748,200k_114913898,200k_114913913,200k_114913928,63k_114914134,200k_114914198,200k_114914343
63k_117345844,200k_117345932
200k_117449243,200k_117449358,63k_117449552
200k_117452734,200k_117452849,63k_117453043
200k_119838685,63k_119838844
63k_119850528,200k_119850810
200k_123211079,63k_123211212,200k_123211394
200k_130822878,63k_130822983,200k_130823243,200k_130823263
200k_135155022,63k_135155247
200k_135158037,63k_135158262
200k_136900093,63k_136900131
63k_138499071,200k_138499234
63k_139782469,200k_139782658,200k_139782688,200k_139782818
200k_141311155,200k_141311295,63k_141311365,200k_141311495,200k_141311755,200k_141311905
63k_141916495,200k_141916541
200k_142501211,200k_142501366,63k_142501619,63k_142501898
200k_142504244,200k_142504399,63k_142504652
200k_145443170,200k_145443210,200k_145443305,200k_145443350,200k_145443635,200k_145443710,200k_145443870,200k_145443905,200k_145443980,200k_145444100,200k_145444230,200k_145444305,200k_145444390,200k_145444405,200k_145444480,200k_145444495,200k_145444565,200k_145444585,200k_145444680,200k_145444795,200k_145444995,200k_145445160,200k_145445285,63k_145445407,200k_145445550
200k_145453854,200k_145453984,200k_145454094,200k_145454239,200k_145454334,200k_145454549,200k_145454689,200k_145454789,200k_145454914,200k_145455119,200k_145455244,200k_145455404,200k_145455424,200k_145455464,63k_145455669,200k_145455694,200k_145455959,200k_145455989
200k_147197819,63k_147197873,200k_147197889
63k_147200290,200k_147200347,200k_147200432,200k_147200572
63k_147203315,200k_147203373,200k_147203458,200k_147203598
200k_148738085,63k_148738293,200k_148738295,200k_148738455,200k_148738495,200k_148738525,200k_148738775,200k_148739015,200k_148739285,200k_148739335,200k_148739495,200k_148739675,200k_148739745,200k_148739935,200k_148740155,200k_148740225,200k_148740285
200k_153855870,63k_153856020
200k_153861120,63k_153861385,200k_153861675
200k_154062919,63k_154063062
200k_159837454,63k_159837726,200k_159837934
63k_168279410,200k_168279572
200k_171703426,63k_171703570
200k_172462628,200k_172462758,200k_172462808,200k_172463088,200k_172463118,63k_172463292,200k_172463438,200k_172463468,200k_172463498,200k_172463548
200k_173843988,63k_173844002
63k_174974433,200k_174974451,200k_174974531
63k_174977521,200k_174977539,200k_174977619
200k_176422654,200k_176422954,63k_176423053
63k_177786039,200k_177786325
200k_177823074,200k_177823119,200k_177823289,200k_177823384,200k_177823469,200k_177823689,63k_177823963
63k_177833113,200k_177833343,200k_177833523,200k_177833653
63k_2429116,200k_2429305
63k_11457938,200k_11458162,63k_11458343,63k_11458570
63k_11462221,200k_11462445,63k_11462626,63k_11462853
200k_14517229,200k_14517344,200k_14517634,200k_14517844,200k_14517959,200k_14518029,63k_14518042,200k_14518154
200k_14982562,63k_14982755,200k_14983012
63k_14984730,200k_14984849,200k_14985049,200k_14985207
200k_18021297,200k_18021422,63k_18021525
200k_18024314,200k_18024439,63k_18024542
63k_18265454,200k_18265649
200k_25088697,200k_25088845,200k_25088860,200k_25089060,200k_25089075,200k_25089185,63k_25089306,200k_25089345
200k_25091524,63k_25091770
200k_25095877,63k_25096122,200k_25096262,200k_25096292,200k_25096437,200k_25096702,200k_25096817,200k_25096847,200k_25096862
200k_25097879,200k_25098099,63k_25098163,200k_25098315,200k_25098555,200k_25098620,200k_25098775
200k_27738585,63k_27738855
200k_30175009,200k_30175109,200k_30175199,200k_30175239,200k_30175254,200k_30175459,200k_30175639,200k_30175659,200k_30175674,200k_30175699,200k_30175774,200k_30175879,200k_30175989,200k_30176069,200k_30176104,200k_30176284,200k_30176374,200k_30176459,63k_30176662,200k_30176709,200k_30176829,200k_30176849,200k_30177124,200k_30177214,200k_30177259,200k_30177274,200k_30177572,200k_30177722,63k_30177835,200k_30177922,200k_30178202,200k_30178382
200k_30181536,200k_30181651,63k_30181672,200k_30181841,200k_30181881,200k_30181946,200k_30182026,200k_30182076,200k_30182151,200k_30182196,200k_30182446
63k_31007683,200k_31007862,200k_31008012,200k_31008032,200k_31008232
200k_33090086,63k_33090285
200k_33217216,200k_33217266,63k_33217416,200k_33217521,200k_33217636,200k_33217721,200k_33217736,200k_33217871
63k_37753179,63k_37753468,200k_37753680,200k_37753810,63k_37753964,200k_37754140
63k_39281388,200k_39281415
200k_39281820,63k_39281987
200k_41610823,200k_41610908,63k_41610984,200k_41611023
200k_41613173,200k_41613263,63k_41613380,200k_41613673
63k_42516381,63k_42516563,200k_42516664
200k_46681967,200k_46682092,63k_46682265
200k_46683349,200k_46683364,200k_46683454,200k_46683469,63k_46683701
200k_47380807,63k_47380953
200k_47383835,63k_47383981
200k_50782883,63k_50783155
200k_50787319,63k_50787592
63k_50788974,200k_50789118
63k_50816990,200k_50817189
200k_55416595,63k_55416851
200k_57043573,200k_57043668,63k_57043958,200k_57044073
63k_73526775,200k_73526988
63k_79779567,200k_79779785,200k_79779815
200k_82551882,200k_82552007,200k_82552127,200k_82552202,200k_82552222,200k_82552347,200k_82552367,63k_82552401,200k_82552462,200k_82552487
200k_82554903,200k_82555028,200k_82555148,200k_82555223,200k_82555243,200k_82555368,200k_82555388,63k_82555422,200k_82555483,200k_82555508
63k_94019373,200k_94019572
63k_94126066,200k_94126070
200k_100902646,63k_100902787
200k_100906433,63k_100906574
200k_106332555,63k_106332691
200k_106335567,63k_106335703
63k_111612420,200k_111612475
200k_111612785,200k_111612995,200k_111613245,200k_111613355,200k_111613585,200k_111613675,200k_111613885,200k_111613945,200k_111614055,200k_111614085,200k_111614305,200k_111614355,63k_111614583,200k_111614695,200k_111614925
200k_123088839,200k_123089129,63k_123089398,200k_123089564
200k_123091861,200k_123092151,63k_123092419,200k_123092586,200k_123092776,200k_123092934
200k_125312611,63k_125312775,200k_125313001
200k_125580510,200k_125580550,200k_125580810,200k_125580890,200k_125580925,200k_125581095,200k_125581130,63k_125581163,200k_125581340,200k_125581430,200k_125581520,200k_125581550,200k_125581645,200k_125581665
63k_133058436,200k_133058563,200k_133058698
200k_133072518,63k_133072553
200k_133077664,63k_133077720
63k_133131391,200k_133131613
63k_133131961,200k_133132018,200k_133132298
200k_136914382,63k_136914597
200k_136928393,63k_136928634,200k_136928828
63k_139852843,200k_139853056,200k_139853206,200k_139853495
200k_140929097,63k_140929182
200k_145130548,200k_145130608,200k_145130623,200k_145130648,200k_145130788,63k_145130936,200k_145131218,200k_145131233
200k_148564297,200k_148564387,63k_148564525
63k_150481611,200k_150481824,200k_150481839,200k_150481929
63k_154528412,200k_154528455
63k_156571145,200k_156571200,200k_156571335,200k_156571410,63k_156571707,200k_156571720,200k_156571935,200k_156572125,200k_156572290
63k_156574156,200k_156574211,200k_156574346,200k_156574421,63k_156574718,200k_156574731,200k_156574946,200k_156575136,200k_156575301
200k_160179537,200k_160179572,200k_160179657,200k_160179867,200k_160179952,200k_160180032,200k_160180207,200k_160180377,63k_160180388,200k_160180487,200k_160180777,200k_160180812,200k_160180982,200k_160181117
200k_166363248,200k_166363478,63k_166363479,200k_166363593,200k_166363798,200k_166363933
63k_170209152,200k_170209313,200k_170209328,200k_170209448
200k_170462270,200k_170462410,63k_170462512,63k_170462648,200k_170462660,200k_170462675,200k_170462805
200k_170463210,63k_170463338
200k_170467389,200k_170467589,200k_170467719,63k_170467731
200k_170468179,63k_170468313,200k_170468418,200k_170468473,200k_170468683,200k_170468778,200k_170468803,200k_170468928,200k_170469078,200k_170469318,200k_170469438,200k_170469598,200k_170469613,200k_170469803
63k_170482997,200k_170483291
200k_170491801,200k_170491861,63k_170492024,200k_170492291,200k_170492441,63k_170492541,200k_170492741,200k_170492851,200k_170492991,200k_170493221,200k_170493381
63k_189430,200k_189446,200k_189491,200k_189731,200k_189756
63k_4679519,200k_4679792,200k_4679807,200k_4679867
63k_8300810,63k_8301052,200k_8301108,200k_8301134,200k_8301344
63k_11869566,200k_11869810
200k_13512641,63k_13512737
63k_16959921,200k_16960173,200k_16960258
200k_17093140,200k_17093320,200k_17093355,200k_17093510,200k_17093575,200k_17093590,200k_17093680,200k_17093888,200k_17094078,200k_17094193,63k_17094308,200k_17094353,200k_17094483,200k_17094703,200k_17094978
63k_17097759,200k_17097804,200k_17097934,200k_17098154,200k_17098429
200k_19017564,63k_19017689,200k_19017864
63k_19020702,200k_19020878
63k_20446719,200k_20446725,200k_20446870
200k_20474937,63k_20475096
200k_20476074,200k_20476164,200k_20476264,63k_20476339,200k_20476379,200k_20476494,200k_20476719,63k_20476928
200k_20485308,63k_20485505
63k_20488232,200k_20488247
200k_20490237,63k_20490505
63k_20518546,200k_20518669
200k_20522998,63k_20523246
200k_20526007,63k_20526255
63k_23057871,200k_23057907
200k_23227705,200k_23227755,200k_23227880,200k_23227900,200k_23227980,200k_23227995,200k_23228015,200k_23228120,200k_23228260,200k_23228365,200k_23228495,63k_23228508,200k_23228595,200k_23228625,200k_23228760,200k_23228920,200k_23229000,200k_23229055,200k_23229070,200k_23229100,200k_23229175,200k_23229215,200k_23229330,200k_23229380,200k_23229420,200k_23229515,200k_23229540,200k_23229645
200k_23288522,200k_23288562,200k_23288802,200k_23288982,63k_23289036,200k_23289162,200k_23289177
63k_23491924,200k_23491997,200k_23492082,200k_23492102,200k_23492152,200k_23492167
200k_26137814,200k_26137989,63k_26138227
63k_26138735,200k_26138804
63k_26145390,200k_26145629
63k_26589335,200k_26589527
200k_28827920,63k_28827938,200k_28828175
63k_35422367,200k_35422438,200k_35422583
200k_35727632,200k_35727657,200k_35727842,200k_35727947,200k_35728032,200k_35728057,200k_35728072,200k_35728277,63k_35728334,200k_35728387,200k_35728467,200k_35728482,200k_35728632,200k_35728727,200k_35728937,200k_35728962,200k_35729062,200k_35729132,200k_35729147,200k_35729252,200k_35729377,200k_35729392
200k_40949103,63k_40949224
200k_65788116,63k_65788387
200k_68162404,200k_68162639,63k_68162918
200k_69092338,63k_69092529
200k_69212934,200k_69213208,63k_69213466,200k_69213478
200k_69214693,63k_69214709,200k_69214988,200k_69215148,200k_69215313,200k_69215493
200k_69306182,63k_69306404
200k_69408913,200k_69409023,63k_69409126
200k_73980104,200k_73980244,200k_73980289,200k_73980379,200k_73980394,63k_73980567,200k_73980639,200k_73980674
63k_81585145,200k_81585384,200k_81585534
200k_81894879,63k_81894911
200k_81926708,200k_81926988,200k_81927068,200k_81927208,200k_81927428,200k_81927518,200k_81927558,63k_81927600,200k_81927638
200k_95768793,63k_95768939,200k_95769063,200k_95769122,200k_95769187,200k_95769312,200k_95769557,200k_95769642,200k_95769682,200k_95769767,200k_95769787
200k_97763069,63k_97763196
63k_100345371,200k_100345489
63k_105449455,200k_105449505,63k_105449741
63k_105450629,200k_105450665,200k_105450825,200k_105451095,200k_105451245,200k_105451435
63k_105453866,200k_105454115
63k_111626119,200k_111626174,63k_111626396,63k_111626533
63k_116276100,200k_116276116,200k_116276256
63k_120037653,200k_120037709
63k_120057005,200k_120057036
63k_120886003,200k_120886136,200k_120886401
200k_120939888,200k_120939938,200k_120940068,63k_120940135,200k_120940208,200k_120940448,200k_120940468,200k_120940678,200k_120940748,200k_120940933
200k_133222568,200k_133222838,200k_133222968,200k_133223268,200k_133223408,200k_133223528,200k_133223648,200k_133223878,63k_133224049,200k_133224053,200k_133224276
63k_138251132,63k_138251422,200k_138251426,200k_138251441,200k_138251596,200k_138251781,200k_138251851
200k_141802227,200k_141802517,63k_141802661
200k_141807476,63k_141807619
63k_143111189,200k_143111475,200k_143111765,200k_143112015
200k_149645871,63k_149646079
200k_149650105,63k_149650313
63k_150415058,200k_150415078
63k_150782074,200k_150782133,200k_150782395,200k_150782415,200k_150782535
200k_155140425,63k_155140557
200k_479628,200k_479848,200k_479963,200k_480038,200k_480058,200k_480193,200k_480213,200k_480288,63k_480510,200k_480558,200k_480638,200k_480753,200k_480823,200k_480863,200k_481110,200k_481330
200k_6119218,63k_6119497
200k_16610430,63k_16610619
200k_16613446,63k_16613635
63k_20028332,200k_20028351,200k_20028591
63k_20031371,200k_20031390,200k_20031630
200k_23841352,200k_23841552,63k_23841757
200k_29760973,63k_29761155
63k_40207328,200k_40207459,200k_40207659
200k_41146002,63k_41146063
63k_42749605,200k_42749802,200k_42750027,200k_42750282,200k_42750377
200k_48815360,63k_48815502
63k_53625926,200k_53626127,200k_53626167,200k_53626227
200k_57467652,63k_57467905
200k_57470717,63k_57470970
200k_58330394,63k_58330591
200k_58333426,63k_58333623
63k_58347400,200k_58347668
63k_58350427,200k_58350696
200k_59871885,63k_59872052,200k_59872070
63k_60138685,200k_60138940,200k_60139010
200k_63934393,63k_63934527,200k_63934818,200k_63934883
63k_63937950,200k_63938240,200k_63938305
200k_70981680,63k_70981792,200k_70981865
200k_70982875,63k_70982935,200k_70983105
200k_71127122,63k_71127403
200k_71130474,63k_71130755
200k_72468030,63k_72468310
200k_72471049,63k_72471329
63k_80218736,200k_80218743
63k_80249187,200k_80249371
63k_80253738,200k_80253922
200k_81773615,63k_81773628,200k_81773765
63k_94313983,200k_94314271
63k_94316996,200k_94317283
200k_97270246,200k_97270306,200k_97270321,200k_97270396,200k_97270411,200k_97270526,200k_97270591,200k_97270631,200k_97270751,200k_97270970,200k_97270995,63k_97271120,200k_97271170,200k_97271360,200k_97271380,200k_97271395
200k_97866279,200k_97866299,63k_97866480
200k_97867599,63k_97867718,200k_97867774
63k_97868385,200k_97868494
63k_101399741,200k_101399843
200k_102184901,200k_102184931,200k_102184986,200k_102185086,200k_102185126,200k_102185256,200k_102185361,200k_102185446,200k_102185476,200k_102185596,200k_102185686,200k_102185781,200k_102185976,200k_102186071,200k_102186216,200k_102186296,63k_102186440,200k_102186516,200k_102186701,200k_102186721,200k_102186856,200k_102187097
200k_105032072,63k_105032111
200k_105036949,63k_105036988
200k_116621751,63k_116621788,200k_116621871
200k_117662995,200k_117663135,200k_117663275,200k_117663315,200k_117663475,200k_117663515,200k_117663805,200k_117664065,63k_117664230,200k_117664325,63k_117664469,200k_117664583,200k_117664623,200k_117664738,200k_117664813
63k_117667529,200k_117667642,200k_117667682,200k_117667797,200k_117667872
63k_117712135,200k_117712269,200k_117712294,200k_117712399
200k_117741444,200k_117741699,63k_117741748,200k_117741999
200k_117744459,200k_117744714,63k_117744762,200k_117745014
200k_118168344,63k_118168390,200k_118168629
200k_122156624,200k_122156639,63k_122156759,200k_122156884,200k_122156914
200k_122176425,63k_122176496
200k_124405842,63k_124406041,63k_124406260
200k_125465472,200k_125465502,200k_125465652,200k_125465712,200k_125465852,200k_125465892,200k_125466062,200k_125466272,200k_125466352,200k_125466422,200k_125466552,200k_125466592,63k_125466619,200k_125466642,200k_125466942,200k_125467182,200k_125467222
200k_125467762,200k_125467792,200k_125468002,200k_125468072,200k_125468262,63k_125468349
63k_128111912,200k_128112050
200k_133919581,63k_133919702,200k_133919811,200k_133919921
200k_133927110,63k_133927342
200k_133930749,63k_133930867,200k_133931054,200k_133931209
63k_133941237,200k_133941316,200k_133941431,200k_133941506,200k_133941671,63k_133941810
63k_133994430,200k_133994513
200k_133995443,63k_133995490,200k_133995668,200k_133995718,200k_133995803,200k_133995948,200k_133996123,63k_133996176,200k_133996388
63k_134010123,200k_134010373
63k_134012654,200k_134012859
200k_134121224,63k_134121514
200k_134122559,200k_134122649,63k_134122854,200k_134122874
63k_135843263,200k_135843277
200k_141072073,63k_141072150
200k_141076409,63k_141076486
63k_141101128,200k_141101212,200k_141101287
63k_141104146,200k_141104230,200k_141104305
200k_141107183,200k_141107318,200k_141107333,200k_141107428,200k_141107568,63k_141107703,200k_141107773,200k_141107883,63k_141108101,200k_141108158
200k_141108598,63k_141108641
200k_141111051,200k_141111191,63k_141111326,200k_141111396,200k_141111506,63k_141111724,200k_141111781
200k_141112221,63k_141112264
63k_141973484,200k_141973558
63k_142593911,200k_142594192,200k_142594382
200k_143281663,63k_143281699
200k_144627730,200k_144627800,200k_144627830,200k_144627970,200k_144628020,63k_144628037
63k_144629597,200k_144629780,200k_144629810,200k_144630010,200k_144630145
63k_145071626,200k_145071883
63k_145938585,200k_145938682,200k_145938952,200k_145939182
63k_146047177,200k_146047254,200k_146047354,200k_146047634
63k_2492723,200k_2492773
200k_13034241,200k_13034271,63k_13034310
200k_14955367,200k_14955402,63k_14955586
200k_22219170,63k_22219387,200k_22219575
200k_34177433,200k_34177453,200k_34177518,63k_34177644
200k_36294258,200k_36294393,200k_36294553,63k_36294743,200k_36294763,200k_36294923
200k_36470780,200k_36470950,63k_36471100
200k_71634281,200k_71634556,63k_71634576
63k_75203184,200k_75203362
63k_80323520,200k_80323660,200k_80323740,200k_80323780,200k_80323920,200k_80323935,200k_80324040,200k_80324225,200k_80324320,200k_80324460
63k_80327153,200k_80327293,200k_80327373,200k_80327413,200k_80327553,200k_80327568,200k_80327673,200k_80327858,200k_80327953,200k_80328093
200k_81580824,63k_81580946
200k_85886387,200k_85886602,200k_85886617,200k_85886752,200k_85886892,200k_85886907,63k_85887041,200k_85887097
200k_85890640,200k_85890655,200k_85890790,200k_85890930,200k_85890945,63k_85891079,200k_85891135
200k_86883798,200k_86883978,63k_86884146
200k_91153004,63k_91153112,200k_91153284,200k_91153449,200k_91153684,200k_91153879,200k_91153894,63k_91154000,200k_91154169
200k_97879026,200k_97879116,200k_97879266,200k_97879416,200k_97879526,200k_97879601,200k_97879641,63k_97879666,200k_97879696,200k_97879866,200k_97879931,200k_97880086,200k_97880266,200k_97880381,200k_97880456,200k_97880746
200k_97882040,200k_97882130,200k_97882280,200k_97882430,200k_97882540,200k_97882615,200k_97882655,63k_97882680,200k_97882710,200k_97882880,200k_97882945,200k_97883100,200k_97883280,200k_97883395,200k_97883470,200k_97883760
63k_97894515,200k_97894779,200k_97894909
63k_100788607,200k_100788705,200k_100788788,200k_100788803,200k_100788883,200k_100788958,200k_100789113,200k_100789143,200k_100789243,200k_100789263,200k_100789378,200k_100789483,200k_100789513,200k_100789653,200k_100789783,200k_100789838,200k_100789973,200k_100790103,200k_100790273,200k_100790303,200k_100790373,200k_100790518,200k_100790538,200k_100790633,200k_100790648,200k_100790663,200k_100790688
63k_101943324,200k_101943429
63k_103253721,200k_103253922
63k_107948750,200k_107948896
200k_115978646,200k_115978761,200k_115978871,200k_115979026,200k_115979101,200k_115979286,200k_115979511,200k_115979536,200k_115979701,200k_115979801,200k_115979816,200k_115980011,63k_115980040,200k_115980171,200k_115980341,63k_115980423
200k_120175652,63k_120175700
200k_126030098,63k_126030242
200k_126161729,200k_126161799,200k_126162034,63k_126162224,200k_126162344,200k_126162429,200k_126162544,200k_126162629,200k_126162834,200k_126162934
200k_126200751,63k_126200872
63k_126232726,200k_126232892
63k_126235647,200k_126235800
63k_126240768,200k_126240921
200k_129378336,63k_129378398,200k_129378601,63k_129378900
200k_129592212,63k_129592482
200k_131542293,200k_131542488,200k_131542513,200k_131542663,200k_131542753,200k_131542818,200k_131542848,200k_131542958,200k_131543038,63k_131543046,200k_131543153,200k_131543173,200k_131543188
200k_138285481,200k_138285641,63k_138285696
200k_138764272,200k_138764492,63k_138764683
200k_138807099,200k_138807399,200k_138807429,200k_138807459,200k_138807489,200k_138807789,200k_138807819,200k_138807859,200k_138807889,63k_138808066,200k_138808069,200k_138808129,200k_138808289,200k_138808419,200k_138808689,200k_138808719,200k_138808879,200k_138808919,200k_138808949,200k_138809079,200k_138809129,200k_138809199,200k_138809289
63k_138818944,200k_138819079,200k_138819309,200k_138819559,200k_138819699,200k_138819779
200k_139608790,63k_139608971,200k_139609180
200k_139613773,200k_139613843,63k_139613918,200k_139614003,200k_139614203
200k_140023310,63k_140023437,200k_140023480
200k_140024060,63k_140024130
200k_140340458,200k_140340658,200k_140340858,200k_140341068,200k_140341208,200k_140341248,200k_140341528,63k_140341598,200k_140341708,200k_140341738,200k_140341848
63k_15870194,200k_15870318,200k_15870618
63k_15873213,200k_15873336,200k_15873636
200k_16176512,200k_16176572,200k_16176772,63k_16176783,200k_16177042
200k_22006481,200k_22006721,200k_22007021,200k_22007321,200k_22007421,63k_22007658,200k_22007681,200k_22007861,200k_22008061,200k_22008131,200k_22008311,200k_22008446,200k_22008556,200k_22008571,200k_22008821,200k_22008921,200k_22009041,200k_22009101
200k_22010537,63k_22010749
200k_23797831,200k_23798011,200k_23798106,63k_23798197,200k_23798381
63k_23809194,200k_23809369,200k_23809494,200k_23809664
200k_38923336,200k_38923566,200k_38923851,63k_38923986
200k_39297583,63k_39297747
200k_39609991,200k_39610131,63k_39610375
63k_39676253,200k_39676444
63k_40398637,200k_40398855
63k_43576844,200k_43576903
63k_46563016,200k_46563104
200k_47417512,200k_47417592,63k_47417621
200k_47422765,200k_47422780,200k_47422810,200k_47422910,200k_47422955,63k_47423052,200k_47423110,200k_47423130,200k_47423185,200k_47423265,200k_47423295
200k_49139080,200k_49139255,200k_49139380,63k_49139465,200k_49139626,200k_49139666,200k_49139826,200k_49139856,200k_49139896,200k_49140026,200k_49140076,200k_49140106,200k_49140176,200k_49140416
200k_55044713,200k_55044738,200k_55044808,63k_55045005,200k_55045068,200k_55045208
200k_67916198,63k_67916294
200k_67917739,63k_67917877
200k_67920753,63k_67920891
200k_102790977,200k_102791137,63k_102791232,200k_102791507
63k_102793739,200k_102794027,200k_102794309
200k_109264694,63k_109264860
200k_118905602,200k_118905867,200k_118905917,63k_118906002,200k_118906197,200k_118906472,200k_118906727
200k_119385332,200k_119385612,63k_119385638
200k_119886438,200k_119886453,63k_119886486,200k_119886598
200k_134048162,200k_134048262,63k_134048502
200k_138275423,63k_138275501
200k_147595919,200k_147596064,200k_147596239,200k_147596369,63k_147596504,200k_147596784,200k_147596969
63k_150018981,200k_150019062,200k_150019142
200k_152999339,63k_152999358,200k_152999559,63k_152999721,200k_152999794,200k_153000049,200k_153000134
200k_153085501,63k_153085671
200k_153306849,200k_153306939,63k_153307190,63k_153307386
200k_153309863,200k_153309953,63k_153310204,63k_153310399
