200k_3325652,63k_3325849,200k_3326002,200k_3326162,200k_3326252
200k_3573245,63k_3573471
200k_15414882,200k_15415062,63k_15415340
200k_15416522,200k_15416802,200k_15416982,63k_15417125
200k_17796546,63k_17796828,200k_17797096
200k_18503908,63k_18504109
200k_20437265,63k_20437462
63k_21194444,200k_21194655
200k_21349677,63k_21349755,200k_21349867,200k_21350057,200k_21350087,200k_21350207,200k_21350247,200k_21350397
200k_21931635,63k_21931731,200k_21931795,200k_21931825,200k_21931985,200k_21932195,200k_21932365
200k_22467214,63k_22467505
200k_22468144,63k_22468294
200k_23669513,63k_23669748
200k_27645719,63k_27645735
200k_28389255,63k_28389416
63k_28416946,200k_28417217
200k_31504371,63k_31504412
200k_31517647,63k_31517854
200k_35954023,63k_35954070
63k_36940458,200k_36940688,200k_36940868
200k_38408066,200k_38408316,200k_38408386,63k_38408469,200k_38408536
200k_41495128,200k_41495388,200k_41495588,200k_41495668,63k_41495675,200k_41495798
200k_41501510,200k_41501540,63k_41501606
63k_41989819,200k_41989899,200k_41990099
63k_41994777,200k_41995041
200k_45166951,63k_45167175
63k_45298894,200k_45299053
200k_45859872,200k_45859902,200k_45859952,200k_45860162,200k_45860232,200k_45860262,63k_45860341,200k_45860472,200k_45860622,200k_45860872,200k_45860902
63k_45875171,200k_45875342,200k_45875422
200k_47054861,200k_47055041,63k_47055114,200k_47055281,200k_47055451
200k_50889532,200k_50889742,200k_50889982,200k_50890242,63k_50890265
200k_51886048,63k_51886274,200k_51886288
63k_52110429,200k_52110713
200k_53369323,63k_53369336,200k_53369573
63k_57376489,200k_57376566
200k_58627880,63k_58627906
200k_59008788,200k_59008858,63k_59008923,200k_59009018,200k_59009288,200k_59009588
63k_59184128,200k_59184299
200k_62698330,63k_62698574
63k_63192366,200k_63192461
200k_64197128,63k_64197372,200k_64197638
63k_65553377,200k_65553454
200k_65946199,63k_65946302
200k_65946749,63k_65946975
63k_67085195,200k_67085412,200k_67085452
200k_68858220,63k_68858332,200k_68858420,200k_68858450
200k_70745957,63k_70746041
200k_70877756,63k_70877967
63k_74857706,200k_74857726
63k_76250767,200k_76250769,200k_76250949
200k_78026581,200k_78026661,200k_78026901,63k_78027085,200k_78027281,200k_78027341,200k_78027401,200k_78027601,200k_78027661
200k_85411494,63k_85411583
200k_85457267,63k_85457396,200k_85457407
63k_86926862,200k_86926921
200k_91472407,63k_91472518,200k_91472617,200k_91472647,200k_91472877,200k_91473047
200k_91478517,200k_91478707,63k_91478773
200k_95508058,63k_95508251
200k_95593855,63k_95593991
63k_95903542,200k_95903636
200k_98334291,63k_98334388
63k_98459657,200k_98459915
63k_98497188,200k_98497276
200k_107793311,200k_107793401,63k_107793404
200k_108122587,63k_108122768
200k_108169304,63k_108169309
63k_108285289,200k_108285553
63k_110626894,200k_110626994,200k_110627054,200k_110627094
63k_110778672,200k_110778716,200k_110778916,200k_110778956
63k_118792593,200k_118792799
63k_153841135,200k_153841390,200k_153841540,200k_153841680
200k_153853470,63k_153853583
63k_154782661,200k_154782819
200k_154899849,200k_154899889,63k_154900055,200k_154900099,200k_154900179,200k_154900239
63k_159270101,200k_159270173
200k_160377549,200k_160377779,63k_160377989
63k_167191477,200k_167191515
200k_168382894,63k_168383044
63k_168409681,200k_168409742
200k_171170664,200k_171170914,63k_171171072
200k_173008513,63k_173008628,200k_173008633,200k_173008663,200k_173008953
200k_173446861,200k_173447061,200k_173447161,200k_173447401,63k_173447513,200k_173447531,200k_173447561,200k_173447771,200k_173447891,200k_173448121,200k_173448181,200k_173448361
63k_174132477,200k_174132582,63k_174132875
200k_178379292,63k_178379508
63k_179187279,200k_179187461,200k_179187591
63k_179280068,200k_179280157
63k_184265746,200k_184266045
200k_184607114,63k_184607223
200k_184922735,63k_184922919,200k_184922945
200k_184930025,63k_184930027,200k_184930085
200k_185264327,200k_185264537,200k_185264817,200k_185264847,63k_185265034
63k_185343356,200k_185343576,200k_185343616,200k_185343886
200k_185344526,200k_185344586,200k_185344756,63k_185344903,200k_185344916,200k_185345096,200k_185345156,200k_185345256,200k_185345286
200k_186799517,200k_186799667,63k_186799884
200k_186814667,63k_186814928
200k_186817717,200k_186817867,63k_186818120
63k_186927945,200k_186928206,200k_186928416
200k_192459034,63k_192459059
200k_192915490,63k_192915622,200k_192915700,200k_192915890,200k_192916080
200k_192953159,63k_192953458
200k_200379764,200k_200379794,63k_200379868
63k_203965784,200k_203965818
200k_204098943,63k_204098960,200k_204099043,200k_204099183
200k_204653275,63k_204653489
200k_206668204,200k_206668444,200k_206668594,200k_206668794,63k_206668813
200k_209330936,63k_209331074
63k_211998442,200k_211998606,200k_211998636,200k_211998676,200k_211998846,200k_211998926
200k_219722458,200k_219722618,63k_219722820
200k_219728608,200k_219728638,200k_219728818,63k_219728860
200k_222142688,200k_222142718,63k_222142841,200k_222143118,200k_222143158
63k_222144779,200k_222144788,200k_222144848
200k_222152225,200k_222152265,200k_222152435,63k_222152592
200k_222638717,63k_222638993
63k_223095749,200k_223095929,200k_223096109
200k_224458597,200k_224458737,200k_224458997,63k_224459000,200k_224459117,200k_224459177
63k_224598271,200k_224598342,200k_224598482
200k_226435172,63k_226435231,200k_226435482,200k_226435712,200k_226435872,200k_226435902
200k_228878268,63k_228878375,200k_228878468,200k_228878538,200k_228878818
200k_230031059,200k_230031349,63k_230031356,200k_230031479,200k_230031699
200k_232106593,63k_232106612,200k_232106763
200k_234534499,200k_234534569,63k_234534840,200k_234534909,200k_234535159,200k_234535219
200k_235668801,63k_235668837
63k_236189886,200k_236190161,200k_236190271
200k_243584218,63k_243584350
63k_243923402,200k_243923529
63k_244321184,200k_244321352
63k_244535184,200k_244535318
200k_245255268,200k_245255298,63k_245255384,200k_245255518,200k_245255558,200k_245255768,200k_245255888,200k_245256128
63k_245939863,200k_245939991,200k_245940191
200k_246147814,63k_246148015
200k_736543,63k_736596,200k_736683
63k_6051324,200k_6051608
63k_6055553,200k_6055559
63k_6056651,200k_6056929,200k_6057169,200k_6057379
200k_6836368,63k_6836502
200k_9013555,200k_9013775,63k_9013775
200k_9017581,63k_9017707
200k_9076512,63k_9076534
200k_12749591,63k_12749720
200k_13142942,200k_13143112,63k_13143114
63k_14053248,200k_14053302
200k_14060402,63k_14060630
63k_14066369,200k_14066472
200k_19927601,63k_19927629
63k_21242074,200k_21242280
200k_22046664,63k_22046779,200k_22046954,200k_22046994,200k_22047214,200k_22047264,200k_22047364,200k_22047524,200k_22047554,200k_22047784,200k_22047824
200k_22265710,63k_22265876
200k_22622036,200k_22622226,63k_22622316,200k_22622536,200k_22622776,200k_22623016,200k_22623206,63k_22623446
200k_22624286,63k_22624356
200k_22630264,63k_22630454
200k_22725560,200k_22725780,63k_22725800,200k_22726030,200k_22726070,200k_22726100,200k_22726130,200k_22726350,200k_22726420,200k_22726640
63k_22727002,200k_22727020
200k_29184007,63k_29184193,200k_29184207,200k_29184237,200k_29184417,200k_29184577,200k_29184807
63k_30236132,200k_30236143
63k_35932423,200k_35932642
200k_43950922,63k_43951121
200k_52614627,63k_52614705
200k_54412392,63k_54412394,200k_54412522
63k_54422957,200k_54423222
63k_54428347,200k_54428572
63k_54434553,200k_54434752
63k_54463921,200k_54464175
63k_54466638,200k_54466685
200k_62726805,200k_62726935,63k_62727113,200k_62727145
200k_65226443,200k_65226663,200k_65226693,200k_65226983,200k_65227053,63k_65227116,200k_65227193,200k_65227263,200k_65227493,200k_65227553,200k_65227793,200k_65227983,200k_65228023
63k_65231893,200k_65232143
63k_69778589,200k_69778653,200k_69778843,200k_69779023,200k_69779263
200k_71001507,200k_71001727,200k_71001937,200k_71002067,63k_71002317,200k_71002337
200k_71404850,200k_71405110,63k_71405203
200k_72592140,63k_72592155
200k_74327372,63k_74327383
63k_74453171,200k_74453404
63k_74607756,200k_74607840
200k_74877806,200k_74877856,63k_74877903
200k_77873448,63k_77873454
63k_78066779,200k_78066847,200k_78067097
200k_78163784,63k_78163915
63k_78192258,200k_78192264,200k_78192514
200k_82080888,200k_82080918,63k_82081197
200k_82299441,63k_82299596
200k_91173489,63k_91173646,200k_91173699,200k_91173749
200k_97809189,63k_97809196,200k_97809289,200k_97809339,63k_97809436,200k_97809509,200k_97809579
200k_103238405,63k_103238624,200k_103238655
63k_104472780,200k_104472996
63k_104473340,200k_104473456,200k_104473626,200k_104473686,200k_104473926
200k_105014223,63k_105014497
200k_105725535,63k_105725639
200k_108341902,63k_108342198
200k_110359783,200k_110360053,200k_110360083,63k_110360283
200k_112010526,200k_112010666,200k_112010736,63k_112010791,200k_112010976
200k_114929587,200k_114929787,63k_114929991
200k_115060459,63k_115060546
200k_116582482,200k_116582642,63k_116582872,200k_116582992
200k_118922711,63k_118922770
63k_119002107,200k_119002114
63k_119008558,200k_119008724,200k_119008754
200k_119009084,63k_119009088,200k_119009154
200k_126222875,200k_126223065,63k_126223193
200k_126236508,63k_126236548
200k_126251458,63k_126251700
200k_134913497,63k_134913525
200k_134974823,200k_134975083,63k_134975185,200k_134975453
200k_135048882,63k_135049087
200k_135107883,63k_135107893,200k_135108013,200k_135108053,200k_135108083,200k_135108303,200k_135108433,200k_135108473,200k_135108503
200k_135205318,63k_135205528,200k_135205808
200k_1712486,63k_1712591
200k_4476841,63k_4476897
200k_8273721,63k_8273978
63k_9760937,200k_9761217
63k_10060721,200k_10060927
63k_10063835,200k_10064047
200k_10135665,63k_10135816,200k_10136015
63k_10436385,200k_10436635
200k_14436652,63k_14436924
200k_14558285,200k_14558505,200k_14558675,200k_14558935,63k_14559085
63k_15645282,200k_15645467,63k_15645589
200k_16392795,63k_16393088
63k_27419213,200k_27419305
63k_27683185,200k_27683359
200k_30510022,63k_30510158
200k_33201016,63k_33201028
200k_34331668,63k_34331693
200k_43779166,63k_43779364,200k_43779396,200k_43779496,200k_43779566,200k_43779596,200k_43779646,200k_43779896
200k_46058959,63k_46059051
200k_59872304,63k_59872304
200k_63776775,200k_63776855,63k_63777104,200k_63777105
200k_65492318,200k_65492618,63k_65492625
200k_68238385,200k_68238515,200k_68238685,63k_68238900,200k_68238935
63k_69197333,200k_69197369,200k_69197599,200k_69197759,200k_69198029
63k_70232652,200k_70232729,200k_70232889,200k_70233019
63k_70245705,200k_70245750
200k_74175860,200k_74176030,200k_74176060,200k_74176220,200k_74176260,63k_74176403
200k_74741208,63k_74741341
200k_77797705,200k_77797735,200k_77797825,200k_77797865,63k_77797942,200k_77798005
200k_78143712,200k_78143972,200k_78144172,63k_78144178
200k_78298711,63k_78298810,200k_78299061
63k_79130218,200k_79130413
63k_83312272,200k_83312419
200k_87885023,63k_87885235,200k_87885313
200k_87906223,200k_87906253,200k_87906463,200k_87906713,200k_87906773,200k_87906833,200k_87906963,63k_87907001,200k_87907213,200k_87907343
200k_88254749,63k_88254998
63k_89937244,200k_89937265,200k_89937365,200k_89937595,200k_89937685,200k_89937835,200k_89937865,200k_89938075
200k_100596486,200k_100596756,63k_100596888
63k_103801282,200k_103801414
63k_103964375,200k_103964572
200k_104565869,63k_104565984
63k_104576554,200k_104576589
200k_107727816,63k_107727848
63k_115372933,200k_115373004
63k_119455198,200k_119455276,200k_119455466
200k_120363005,63k_120363296
63k_124587429,200k_124587648,63k_124587671
200k_129149889,200k_129149919,200k_129149949,200k_129150119,200k_129150149,63k_129150243
200k_129317494,63k_129317601,200k_129317664,200k_129317884,200k_129318154,200k_129318444,200k_129318554,200k_129318694
63k_130392387,200k_130392489
200k_3979213,63k_3979311,200k_3979513
200k_4131207,63k_4131326
63k_4845480,200k_4845615
200k_8797590,63k_8797703
200k_10272819,200k_10272869,63k_10273168,200k_10273289,200k_10273329,200k_10273469,200k_10273589,200k_10273789,200k_10273819,63k_10274017,200k_10274079,200k_10274119,200k_10274309,200k_10274459,200k_10274499,200k_10274569,200k_10274779,200k_10274979,200k_10275169,200k_10275329,200k_10275359,200k_10275549,200k_10275579
200k_10283557,200k_10283767,63k_10283912,200k_10284057,200k_10284337,200k_10284587
200k_10335942,200k_10336212,63k_10336405
63k_14987031,200k_14987096
200k_15700672,63k_15700787
200k_19533954,63k_19534186
200k_19557750,63k_19558036,200k_19558320,200k_19558470
200k_21624931,200k_21624961,200k_21625231,63k_21625444,200k_21625461
63k_22428853,200k_22429109
200k_22607176,200k_22607416,63k_22607459,200k_22607476,200k_22607756,200k_22608026,200k_22608056
63k_22779612,200k_22779664
200k_24770651,63k_24770677
63k_24972701,200k_24972843
200k_24990320,200k_24990350,200k_24990600,63k_24990896
63k_24991634,200k_24991890
200k_24992230,63k_24992437,200k_24992660
200k_24993040,200k_24993120,63k_24993172,200k_24993280
200k_29395027,63k_29395304
200k_31754153,63k_31754200
200k_32263160,63k_32263406,200k_32263510
200k_32405232,200k_32405302,200k_32405402,63k_32405623
200k_32465076,63k_32465142
63k_47295198,200k_47295331
63k_48395359,200k_48395527
200k_51835513,63k_51835533
63k_54434072,200k_54434238
200k_54444021,200k_54444251,63k_54444289,200k_54444541
200k_54446051,63k_54446067,200k_54446101,200k_54446301,200k_54446511,200k_54446741
200k_54610866,63k_54610958
63k_58337860,200k_58338051
200k_59525498,63k_59525606
63k_60014739,200k_60014980
200k_62983496,63k_62983531,200k_62983676
200k_63051848,63k_63051913
200k_65140378,63k_65140642
63k_65151853,200k_65152072,200k_65152222
63k_68617393,200k_68617429
63k_69179538,200k_69179820,200k_69180060,200k_69180120
63k_69181304,200k_69181580,200k_69181760,200k_69181950
200k_69200299,200k_69200499,63k_69200765,200k_69200989,200k_69201209
200k_69219578,200k_69219648,200k_69219898,200k_69220198,200k_69220358,200k_69220388,200k_69220638,63k_69220799
63k_69227406,200k_69227461,200k_69227551,200k_69227721,200k_69227931,200k_69227961,200k_69228021,200k_69228051,200k_69228151,200k_69228321,200k_69228451,200k_69228731,200k_69228901,200k_69229151,200k_69229181,200k_69229291,200k_69229421,200k_69229461
63k_69418852,200k_69419070
200k_69433740,63k_69433905
200k_69453290,63k_69453443
200k_69634106,200k_69634136,200k_69634236,200k_69634316,200k_69634346,63k_69634505,200k_69634616,200k_69634816,200k_69635106,200k_69635186,200k_69635216,200k_69635386
63k_69806960,200k_69806968,200k_69807258,200k_69807318
200k_69867950,200k_69868140,63k_69868323
200k_72728653,63k_72728886
200k_76919807,63k_76920062,200k_76920227,200k_76920527,200k_76920717,200k_76920777
200k_76938516,63k_76938792,200k_76938956,200k_76939246,200k_76939426
200k_76949886,63k_76950164
200k_79323690,63k_79323967
200k_79324370,63k_79324533
200k_79325370,63k_79325477,200k_79325630
200k_79993832,200k_79993872,200k_79994022,63k_79994255,200k_79994302,200k_79994332,200k_79994532,200k_79994582,200k_79994692,200k_79994732,200k_79994882,200k_79995142,200k_79995192,200k_79995222,200k_79995322
200k_89855839,200k_89856119,63k_89856264
200k_90065968,200k_90066008,63k_90066164
63k_90091283,200k_90091558
200k_90115427,63k_90115580
200k_90123459,63k_90123700
200k_90124889,63k_90125067
200k_90127349,200k_90127439,63k_90127533
200k_90150399,63k_90150690,200k_90150929
200k_93561608,63k_93561799
200k_94677600,200k_94677800,200k_94678010,200k_94678080,200k_94678140,200k_94678170,63k_94678277,200k_94678470
200k_94681520,63k_94681697,200k_94681890,200k_94682110
200k_98933111,200k_98933171,200k_98933201,200k_98933321,200k_98933511,200k_98933581,200k_98933841,200k_98933871,200k_98933911,200k_98934061,200k_98934121,200k_98934231,63k_98934425,200k_98934561
200k_100518881,200k_100518951,63k_100518966
200k_102187035,63k_102187256
63k_102220618,200k_102220830
63k_102283166,200k_102283328
63k_102930094,200k_102930214
200k_103358634,63k_103358801
63k_103407169,200k_103407321
200k_107363579,63k_107363766,200k_107363769
200k_107396466,63k_107396533,200k_107396686
63k_107780900,200k_107781064
200k_113851483,63k_113851554
200k_116188585,63k_116188861,200k_116188875
63k_116194121,200k_116194375
63k_118466591,200k_118466634,200k_118466694,200k_118466794,200k_118467074,200k_118467194,200k_118467404,200k_118467454
63k_120239484,200k_120239507
200k_120912257,200k_120912467,63k_120912587
200k_120926646,200k_120926676,63k_120926824
63k_125577852,200k_125578033
200k_132313958,200k_132314168,200k_132314408,200k_132314538,200k_132314618,200k_132314758,200k_132314898,63k_132315138,200k_132315358
200k_132315738,63k_132315904,200k_132316058,200k_132316178,200k_132316248
63k_22243524,200k_22243790,200k_22244030
200k_22249451,63k_22249500,200k_22249711
200k_22250031,63k_22250104,200k_22250361,200k_22250431
200k_22392540,63k_22392641
200k_23455948,63k_23456000,200k_23456118
200k_23457988,200k_23458118,200k_23458158,200k_23458418,200k_23458688,63k_23458742
200k_23485724,200k_23485764,200k_23485864,63k_23485953
63k_23500625,200k_23500871
200k_25082245,63k_25082500,200k_25082515,200k_25082775,200k_25082975,200k_25083175
200k_26551597,63k_26551655
200k_28621765,63k_28622003
200k_30867596,63k_30867663
200k_30879732,63k_30879803
63k_34253406,200k_34253705
63k_34527493,200k_34527528
63k_40057533,200k_40057790
200k_40139720,63k_40139858
63k_40344933,200k_40345049
200k_41051712,200k_41051842,63k_41051976
200k_41052382,63k_41052443
63k_41651753,200k_41651903
200k_41751453,200k_41751713,200k_41751813,200k_41751843,63k_41751966,200k_41752013
200k_43450413,63k_43450434
200k_43457083,63k_43457362
200k_43464138,63k_43464169,200k_43464178
63k_43465982,200k_43466108,200k_43466278,200k_43466368,200k_43466608,200k_43466808,200k_43466988
200k_43467418,63k_43467602,200k_43467778,200k_43467858,200k_43468118
200k_43617770,200k_43617900,63k_43618045
63k_43623841,200k_43623860
200k_43629460,63k_43629551,200k_43629720,200k_43629940
63k_43632813,200k_43632870,200k_43633070
200k_43635750,200k_43635830,200k_43635870,200k_43635900,63k_43635954,200k_43636110,200k_43636140,200k_43636390
200k_44620577,63k_44620671
63k_45846749,200k_45847031,200k_45847201
200k_45941204,200k_45941394,63k_45941636,200k_45941704,200k_45941794
200k_50209828,63k_50209832,200k_50209988,200k_50210238,200k_50210478
63k_50216384,200k_50216438,200k_50216488,200k_50216788
63k_50555784,200k_50555990,200k_50556080,200k_50556270,200k_50556340
200k_50559230,63k_50559449
200k_50857682,63k_50857964,200k_50858132,200k_50858162
200k_51103290,200k_51103350,200k_51103380,63k_51103509,200k_51103630
63k_51288258,200k_51288406,200k_51288506
200k_51415750,63k_51416023
200k_51744053,63k_51744137,200k_51744213,200k_51744303,200k_51744503,200k_51744563
63k_52922379,200k_52922469
200k_61157702,63k_61157843
63k_64563713,200k_64563732,200k_64563942
200k_64652274,63k_64652480
200k_72349217,63k_72349279,200k_72349367
63k_72359681,200k_72359727
200k_72385337,63k_72385631
63k_74326845,200k_74326962
63k_74340294,200k_74340367
63k_74377429,200k_74377547
63k_74445303,200k_74445430
200k_75881687,200k_75881757,200k_75881977,200k_75882207,63k_75882402,200k_75882557
63k_80743687,200k_80743900,200k_80744020
200k_91807001,63k_91807229
63k_94551712,200k_94551721
200k_95128244,63k_95128540
63k_96365166,200k_96365291
200k_96366011,63k_96366094
63k_100760608,200k_100760894
63k_103557821,200k_103557871
63k_108504028,200k_108504039,200k_108504279,200k_108504419
63k_108520483,200k_108520693
63k_108978815,200k_108978882
63k_108987680,200k_108987765
200k_110055358,63k_110055521,200k_110055698
200k_110064758,63k_110064986,200k_110065278
63k_110132795,200k_110132904
63k_110337402,200k_110337472
200k_110400734,200k_110400964,63k_110401243
63k_114147926,200k_114147988
63k_20905850,200k_20906031
200k_21684898,63k_21684949
63k_22651524,200k_22651741
63k_22656273,200k_22656343
200k_22760561,63k_22760702,200k_22760971,200k_22761221
63k_22855371,200k_22855642
200k_25464360,63k_25464604
200k_34409842,63k_34409964,200k_34410002,200k_34410052,200k_34410152,200k_34410192
200k_39637214,200k_39637254,200k_39637374,200k_39637554,63k_39637701,200k_39637864
200k_51410045,200k_51410215,63k_51410297,200k_51410415,200k_51410595,200k_51410625,200k_51410655
200k_52738379,63k_52738494,200k_52738629
200k_53575844,63k_53575862
63k_54084186,200k_54084414
63k_55770748,200k_55770789
200k_57263954,63k_57264150
200k_59215829,63k_59216112,200k_59216229
63k_63894502,200k_63894642
63k_64342181,200k_64342294
200k_65601414,63k_65601570
63k_67959893,200k_67960049
200k_68161409,63k_68161633
63k_68319990,200k_68320005
200k_68431240,63k_68431452
200k_68456120,200k_68456160,200k_68456310,63k_68456428,200k_68456510
200k_72022267,63k_72022451
200k_72050244,63k_72050349
200k_81588647,200k_81588677,200k_81588737,200k_81588977,63k_81589029
200k_81597007,200k_81597137,63k_81597215,200k_81597447
200k_88445068,63k_88445247,200k_88445458,200k_88445628
63k_90049683,200k_90049751
63k_90378181,200k_90378247
200k_94748302,63k_94748363
200k_94830549,63k_94830612
200k_95240682,63k_95240840,200k_95240852,200k_95241012
200k_103298929,200k_103299019,63k_103299260
63k_105603479,200k_105603585
200k_26327417,63k_26327557
200k_26965462,63k_26965759
63k_28494802,200k_28494892
200k_35588841,63k_35588923
200k_35650278,63k_35650284
200k_37203178,63k_37203372
63k_45341621,200k_45341753
200k_45754298,63k_45754598,200k_45754678
63k_45784509,200k_45784565
63k_45806658,200k_45806751
200k_45837775,200k_45837925,63k_45838091,200k_45838315,200k_45838475
200k_48388856,63k_48389076
63k_51177565,200k_51177844
63k_51179287,200k_51179294
200k_53095644,63k_53095810,200k_53095824,200k_53095884
200k_58939173,63k_58939253,200k_58939403,200k_58939553,200k_58939593,200k_58939623
63k_59698740,200k_59698877,200k_59698987,200k_59699037
200k_59917673,63k_59917867,200k_59918043,200k_59918273
63k_60937580,200k_60937827
200k_66176919,200k_66177019,63k_66177257
200k_66764576,63k_66764816,200k_66765096
63k_68441553,200k_68441848
200k_69490058,63k_69490288
200k_72082502,63k_72082603,200k_72082692,200k_72082792
200k_72098771,63k_72098936
63k_75250788,200k_75250908,200k_75251108
63k_78667617,200k_78667702,200k_78667892
200k_79269462,200k_79269512,63k_79269643
200k_80211358,200k_80211598,63k_80211699,200k_80211928,63k_80212082,200k_80212328,200k_80212408
200k_82202539,63k_82202634
200k_91330921,200k_91331151,200k_91331381,200k_91331411,63k_91331532
63k_93794589,200k_93794711
200k_95790373,63k_95790475,200k_95790663
200k_96703292,63k_96703452
200k_96739373,63k_96739494
200k_98543122,200k_98543232,63k_98543329
200k_100040528,63k_100040634,200k_100040748
200k_100243820,63k_100244000,200k_100244050
200k_3908520,63k_3908643
63k_4061715,200k_4061999
200k_4063339,63k_4063557
200k_4102667,63k_4102942
200k_5513585,200k_5513715,63k_5513904
63k_11591946,200k_11592016,200k_11592276
63k_12626081,200k_12626224
200k_12630064,63k_12630139
200k_12642251,63k_12642384
63k_12677821,200k_12677826
200k_12713441,63k_12713528
200k_12861719,63k_12861895
200k_17329041,63k_17329049
200k_26609454,63k_26609651
200k_26625924,63k_26625932
63k_30459044,200k_30459282
63k_31005901,200k_31006055
200k_46839142,63k_46839309
63k_46864039,200k_46864204
200k_48373799,200k_48373959,63k_48374000
200k_48592010,200k_48592150,63k_48592327,200k_48592440
200k_51795907,63k_51796116,200k_51796327
200k_53517427,200k_53517697,63k_53517966,200k_53518077,200k_53518227
63k_58766723,200k_58766916
200k_69603241,63k_69603510
200k_71828365,200k_71828625,200k_71828655,63k_71828714,200k_71828715
200k_73206427,63k_73206660
200k_77708941,63k_77709066
63k_78830397,200k_78830456
200k_80648963,63k_80649091
200k_86016107,63k_86016374
200k_86775042,63k_86775265
200k_88103068,63k_88103127,200k_88103328,200k_88103628,200k_88103868,200k_88103938,200k_88104168,200k_88104308,200k_88104448
200k_576316,63k_576597
200k_1134935,63k_1134936
200k_4615359,200k_4615449,200k_4615679,200k_4615819,200k_4615959,63k_4615985,200k_4615999,200k_4616029,200k_4616139,200k_4616219
63k_6542720,200k_6542808,200k_6543008,200k_6543168,200k_6543338
200k_6839740,63k_6839947,200k_6840000,200k_6840030
200k_6842530,200k_6842740,63k_6843030,200k_6843170,200k_6843320
63k_6950254,200k_6950302,200k_6950522,200k_6950552,200k_6950722
200k_14254901,63k_14255007
63k_14255655,200k_14255671
200k_25415352,63k_25415386
63k_25415900,200k_25416172,200k_25416222,63k_25416376,200k_25416632,200k_25416662,200k_25416872
200k_26214113,200k_26214163,63k_26214427,200k_26214543
200k_26215833,200k_26216123,200k_26216183,63k_26216185,200k_26216243
200k_33923586,63k_33923683
63k_35288285,200k_35288409
63k_35292343,200k_35292491
200k_35296768,63k_35296951
200k_35514322,63k_35514384
63k_42919904,200k_42920084,200k_42920374
200k_43918514,200k_43918744,200k_43918914,200k_43919054,200k_43919084,63k_43919128
200k_47113465,63k_47113545
200k_47269933,200k_47270223,63k_47270355
200k_56161764,63k_56161806,200k_56161924,200k_56162104,200k_56162174,200k_56162324
200k_56358986,63k_56359232
200k_56362016,63k_56362223,200k_56362476,200k_56362636
63k_56391809,200k_56391973,200k_56392253
200k_57046148,63k_57046206,200k_57046358,200k_57046628
200k_57070005,200k_57070225,63k_57070304,200k_57070585
200k_57230992,200k_57231272,63k_57231291,200k_57231492,200k_57231542,63k_57231689,200k_57231962
63k_57585838,200k_57586035,200k_57586245
200k_61299239,63k_61299515,200k_61299549
200k_61323318,63k_61323392
63k_61447009,200k_61447241
200k_61628886,63k_61629081,200k_61629096,200k_61629146
200k_61639366,63k_61639554
63k_64617311,200k_64617320
200k_64690245,200k_64690305,200k_64690555,200k_64690735,63k_64690752,200k_64690765,200k_64690825
200k_64694895,200k_64695025,200k_64695305,200k_64695465,63k_64695678
63k_64796027,200k_64796047,200k_64796247,63k_64796415,200k_64796507
63k_65254185,200k_65254235
63k_65567824,200k_65567983,200k_65568093,200k_65568303
200k_65847010,200k_65847220,200k_65847250,63k_65847330,200k_65847490,200k_65847550
63k_66016575,200k_66016744
200k_66419122,200k_66419192,63k_66419481,200k_66419602,200k_66419812,200k_66420102,200k_66420132,200k_66420162,200k_66420232
200k_66420999,200k_66421189,200k_66421229,200k_66421259,63k_66421266,200k_66421479,200k_66421709,200k_66421739,200k_66421779
200k_66576395,63k_66576669,200k_66576765
200k_68116962,200k_68117212,200k_68117242,63k_68117385,200k_68117402,200k_68117572,200k_68117792
200k_68118622,200k_68118822,63k_68119089,200k_68119352,63k_68119517
200k_70878423,63k_70878460
63k_70878782,200k_70879013
63k_70892169,200k_70892373,200k_70892613
63k_70924284,200k_70924569
63k_71007436,200k_71007448
63k_71227535,200k_71227737,200k_71227827
200k_71476567,200k_71476777,63k_71477023
200k_71530046,63k_71530099
63k_72189694,200k_72189922
63k_74128718,200k_74128917
200k_74134561,63k_74134716
200k_74413644,63k_74413672
63k_77916491,200k_77916515,200k_77916745,63k_77916766,200k_77916975
200k_79630452,200k_79630482,63k_79630591
63k_106779,200k_106824
200k_12048839,63k_12048863
63k_18511540,200k_18511703
200k_18512053,200k_18512303,63k_18512316
200k_18513293,63k_18513402,200k_18513543
200k_18516163,63k_18516274
200k_18516593,200k_18516893,200k_18517173,63k_18517271
63k_18518123,200k_18518143,200k_18518423
200k_20913638,200k_20913898,63k_20913983
200k_21945675,200k_21945825,63k_21945898,200k_21946005,200k_21946255
63k_24107926,200k_24108034
200k_25623619,63k_25623757
63k_39840339,200k_39840439
200k_43307533,63k_43307611
200k_44179959,200k_44180259,63k_44180438
63k_51704036,200k_51704066,200k_51704296,200k_51704336,200k_51704496
200k_51741587,63k_51741850,200k_51741967,200k_51742117,200k_51742407
200k_54671880,200k_54672050,63k_54672151,200k_54672280
200k_56112690,200k_56112730,63k_56113022
63k_56117227,200k_56117266
63k_61426861,200k_61427124
200k_67712049,63k_67712051
63k_76734556,200k_76734767
63k_76741349,200k_76741486
200k_77327861,63k_77327954,200k_77328131
200k_77936475,200k_77936675,200k_77936705,200k_77936995,63k_77937085
200k_2950139,200k_2950199,63k_2950212
200k_6540071,63k_6540108,200k_6540121
200k_7714399,63k_7714457
63k_9120716,200k_9120962
63k_10523183,200k_10523341
63k_10526683,200k_10526691
63k_10536214,200k_10536420
63k_15577995,200k_15578272
200k_15746366,63k_15746409
63k_19078645,200k_19078902
200k_19083402,63k_19083416
200k_20335998,200k_20336168,200k_20336368,200k_20336418,200k_20336638,200k_20336808,200k_20336838,200k_20337078,200k_20337108,200k_20337178,200k_20337438,200k_20337468,200k_20337538,63k_20337739
63k_20479098,200k_20479142
200k_20480262,63k_20480342,200k_20480522
200k_38674346,63k_38674464
200k_40649583,63k_40649701
200k_40969092,200k_40969392,200k_40969602,63k_40969613,200k_40969652,200k_40969752
63k_41152299,200k_41152325,200k_41152365,200k_41152615
200k_41170625,63k_41170896
200k_42500192,63k_42500309,200k_42500582
200k_42571513,63k_42571789
200k_46133974,63k_46134032,200k_46134214
200k_47826843,63k_47827001,200k_47827023,200k_47827053,63k_47827302
200k_47827643,63k_47827828
200k_48767721,63k_48767882
200k_49315466,200k_49315496,200k_49315526,63k_49315623,200k_49315736,200k_49315986,200k_49316036,200k_49316066
200k_50089289,200k_50089579,200k_50089789,200k_50090069,200k_50090309,63k_50090502,200k_50090669
200k_50092249,200k_50092509,63k_50092544,200k_50092639
63k_50888982,200k_50889217,200k_50889247,200k_50889287,200k_50889337,200k_50889467,200k_50889507,200k_50889727,200k_50889867,200k_50889927,200k_50890087
63k_52246273,200k_52246527
200k_2685941,63k_2686158
200k_3226523,63k_3226583
200k_3508224,63k_3508249
200k_6974352,200k_6974422,63k_6974472
200k_8374436,63k_8374637
200k_8388691,63k_8388944
200k_8421494,200k_8421764,200k_8421874,200k_8422044,63k_8422203
200k_8438963,63k_8439146
200k_10274235,200k_10274525,63k_10274566
63k_11970210,200k_11970315,63k_11970458
63k_12007207,200k_12007390
63k_12323480,200k_12323491
63k_12703557,200k_12703831,63k_12703914
63k_16084404,200k_16084516
200k_20491201,200k_20491501,200k_20491531,63k_20491712,200k_20492001,200k_20492241,200k_20492321
63k_23631160,200k_23631361,200k_23631401,200k_23631441
200k_25701692,63k_25701747
63k_28319366,200k_28319581
200k_30634217,200k_30634407,63k_30634636
200k_30850091,63k_30850211
63k_38212659,200k_38212686
200k_38219670,63k_38219933
200k_38243332,200k_38243472,63k_38243593,200k_38243752
200k_39443913,63k_39444153
200k_39894074,63k_39894232
63k_40767201,200k_40767496,200k_40767526
200k_40946529,200k_40946559,63k_40946814
200k_42068304,63k_42068467
200k_44514496,200k_44514536,63k_44514778
63k_45160841,200k_45160976,63k_45161274,200k_45161326
200k_45164183,63k_45164401
200k_45164733,63k_45164993,200k_45165183,200k_45165233,200k_45165323,200k_45165613,200k_45165683
63k_45811278,200k_45811449
63k_45969048,200k_45969093,200k_45969243
63k_47979658,200k_47979875,200k_47979915
200k_55766899,200k_55766939,200k_55766969,63k_55767203,200k_55767209
200k_57623453,63k_57623551
63k_57661762,200k_57661848
200k_58336800,63k_58336913
63k_58726387,200k_58726619
63k_65212917,200k_65212944
200k_65214594,63k_65214687
63k_66925902,200k_66926055
200k_67624993,200k_67625153,200k_67625183,200k_67625213,63k_67625298,200k_67625543,200k_67625593,200k_67625763,200k_67625893,200k_67626153
63k_67663584,200k_67663710
200k_67751280,63k_67751518
63k_68278498,200k_68278731
63k_69775542,200k_69775766,200k_69775996,200k_69776136,200k_69776236,200k_69776276,200k_69776466,200k_69776646
200k_69888234,63k_69888482
200k_70388949,63k_70389031,200k_70389109,200k_70389349,200k_70389539,200k_70389709,200k_70389879,200k_70389909,200k_70390079,200k_70390309
200k_71050432,63k_71050566
200k_72372514,200k_72372544,63k_72372580
63k_72774797,200k_72774823
63k_74766229,200k_74766435
200k_74938866,200k_74939076,200k_74939146,200k_74939276,63k_74939509,200k_74939766
200k_85242236,63k_85242328,200k_85242386,200k_85242436
63k_85267808,200k_85267858,200k_85267978,200k_85268138
200k_96995151,200k_96995251,200k_96995551,200k_96995841,200k_96995881,200k_96995921,63k_96995995,200k_96996101,200k_96996141
200k_97291769,63k_97291817,200k_97291839
200k_98485798,63k_98485983
200k_102854347,200k_102854447,200k_102854587,200k_102854617,200k_102854767,63k_102854914,200k_102855187,200k_102855387
200k_113341058,200k_113341118,63k_113341176,200k_113341248
200k_113693968,63k_113694045
200k_118737816,63k_118737840
63k_118738584,200k_118738816
200k_118740496,63k_118740589
200k_120113527,63k_120113552
200k_120887508,200k_120887708,63k_120887910
200k_122479521,63k_122479750
63k_123419189,200k_123419391
63k_129295002,200k_129295271
63k_135437438,200k_135437594
200k_136720238,63k_136720383
63k_139674813,200k_139674857
200k_143962791,63k_143962988,200k_143963041
200k_143964441,63k_143964683
200k_144122295,63k_144122297
63k_144998826,200k_144999008
200k_152789820,63k_152789842
200k_153660621,200k_153660831,63k_153661127
200k_158719631,63k_158719686,200k_158719811,200k_158719991,200k_158720181,200k_158720211,200k_158720481,200k_158720631
200k_159579392,63k_159579585
200k_160094341,200k_160094551,200k_160094621,200k_160094891,200k_160094961,200k_160095201,200k_160095231,200k_160095361,200k_160095401,200k_160095431,63k_160095471,200k_160095591,200k_160095621
63k_160752226,200k_160752425
200k_160756940,200k_160757020,63k_160757074,200k_160757110
200k_163035569,63k_163035650
63k_164486317,200k_164486556
63k_170573333,200k_170573560
200k_173557870,63k_173557948
200k_173875912,63k_173876070
200k_175539604,200k_175539714,200k_175539934,200k_175539974,200k_175540154,200k_175540224,200k_175540324,63k_175540562,200k_175540734,200k_175540794
200k_176969614,200k_176969714,200k_176969914,200k_176969954,63k_176970078
200k_178176466,200k_178176496,200k_178176756,63k_178176836,200k_178176936,200k_178176966,200k_178177096
200k_180870851,63k_180871101,200k_180871161
200k_188436117,63k_188436252
200k_189391289,63k_189391510
200k_190729704,200k_190729814,63k_190729957,200k_190730094,200k_190730194,200k_190730264,200k_190730304
200k_191180223,63k_191180264
200k_191809865,200k_191810135,200k_191810265,200k_191810295,200k_191810325,63k_191810508
200k_191814215,63k_191814326,200k_191814605
200k_191815145,63k_191815384,200k_191815395
200k_198328175,63k_198328409,200k_198328525,200k_198328655
200k_199564976,63k_199565215
63k_204373626,200k_204373726
200k_204854200,63k_204854465
200k_208150884,63k_208151006
200k_208749039,63k_208749141
200k_210547521,63k_210547622
200k_213242188,63k_213242228,200k_213242338
63k_213401870,200k_213402076,63k_213402341
63k_216222191,200k_216222449,200k_216222589,200k_216222859,63k_216222910,200k_216223149,200k_216223239,63k_216223283,200k_216223519,200k_216223699,200k_216223839
200k_216224169,63k_216224260,200k_216224379,200k_216224409
200k_216847318,63k_216847326
200k_219819492,200k_219819672,63k_219819709
200k_220376320,63k_220376338
63k_220386044,200k_220386120
63k_220400390,200k_220400396
200k_223155792,63k_223155806
200k_223575649,63k_223575695,200k_223575849,200k_223575889,200k_223576129
200k_225075118,63k_225075258,200k_225075428
200k_228238616,63k_228238853
200k_228253411,63k_228253579
63k_230736420,200k_230736607
63k_232176853,200k_232177146
200k_234669997,200k_234670137,63k_234670300
63k_234673167,200k_234673227
63k_237677697,200k_237677856
200k_238876204,200k_238876304,63k_238876535
200k_238968715,63k_238968815
200k_242261802,200k_242261962,63k_242262161,200k_242262202,200k_242262322,200k_242262532
200k_242266988,200k_242267048,200k_242267208,63k_242267244,200k_242267368
200k_242425624,63k_242425646,200k_242425654,200k_242425824,200k_242425994,200k_242426254,200k_242426394
200k_823160,63k_823168,200k_823300,200k_823500
63k_1333721,200k_1333892
200k_1338462,63k_1338733,200k_1338942,200k_1339082,200k_1339172,200k_1339402,200k_1339462,200k_1339522,200k_1339792,200k_1339932
200k_1747766,63k_1747828,200k_1747846
200k_1756981,200k_1757131,63k_1757259
200k_2280156,63k_2280218
200k_2450114,63k_2450211
63k_4210394,200k_4210587
63k_4674821,200k_4674892
200k_5041994,200k_5042034,63k_5042096,200k_5042104,200k_5042244,200k_5042274
63k_5046526,200k_5046654
200k_5059234,63k_5059324,200k_5059474
63k_5079865,200k_5079972,200k_5080092,200k_5080342
200k_5739474,63k_5739596
200k_5899366,63k_5899603
63k_5901008,200k_5901136
63k_7725113,200k_7725154
200k_7918592,63k_7918631
63k_8408411,200k_8408657
63k_9053666,200k_9053963
200k_9089549,63k_9089729
200k_13311755,200k_13311975,63k_13312152,200k_13312285,200k_13312475,200k_13312745
63k_13318354,200k_13318635
200k_13705611,63k_13705887,200k_13706061
63k_15962220,200k_15962295,200k_15962495
63k_19195055,200k_19195151
63k_19203063,200k_19203271
200k_19204131,200k_19204431,63k_19204486
200k_19230042,63k_19230301
200k_19234482,63k_19234722
63k_19414806,200k_19415056
200k_22904584,63k_22904835
63k_32966677,200k_32966709
200k_36986179,200k_36986369,63k_36986417
200k_42389908,63k_42390144
200k_42988533,200k_42988583,200k_42988803,200k_42988973,200k_42989213,200k_42989263,63k_42989382,200k_42989483,200k_42989693
63k_44001617,200k_44001805,200k_44001985
200k_46299722,63k_46299811
63k_46320228,200k_46320499,200k_46320679
63k_51775226,200k_51775323
200k_52634756,63k_52634766
200k_55750543,63k_55750611
63k_56832063,200k_56832300
63k_57018246,200k_57018409,200k_57018539
63k_59108385,200k_59108466
63k_60501080,200k_60501254,200k_60501334
200k_60735187,63k_60735370,200k_60735537,200k_60735757
200k_60752521,63k_60752579,200k_60752681,200k_60752901,200k_60753021,200k_60753281
63k_60758660,200k_60758773,200k_60759023
200k_60972908,63k_60972916
63k_61306926,200k_61306949
63k_61585664,200k_61585914
200k_61639267,63k_61639369,200k_61639457
200k_61641725,63k_61641873
200k_62027003,63k_62027131
200k_62051485,200k_62051665,63k_62051931
200k_16222724,63k_16222888
200k_17399419,200k_17399579,63k_17399877
63k_17660245,200k_17660419
63k_22555534,200k_22555580
200k_23435227,63k_23435299
200k_26735085,200k_26735155,200k_26735185,63k_26735427
63k_30133844,200k_30134123
200k_30141783,200k_30142073,63k_30142247
200k_30294359,200k_30294409,200k_30294649,200k_30294699,200k_30294729,200k_30294789,200k_30294829,63k_30294869,200k_30295039
200k_33104938,63k_33105127,200k_33105378
200k_34657855,200k_34657915,200k_34657945,200k_34658185,200k_34658215,200k_34658495,200k_34658525,200k_34658555,200k_34658735,200k_34658955,200k_34659075,200k_34659295,200k_34659385,200k_34659585,63k_34659634,200k_34659775,200k_34659925,200k_34660125
63k_37850656,200k_37850891
200k_38235108,63k_38235136,200k_38235338
200k_38349088,200k_38349278,63k_38349323
200k_38590164,63k_38590462
63k_39543962,200k_39544102
200k_47266483,200k_47266693,63k_47266791
63k_17305673,200k_17305809
200k_17306279,63k_17306378
200k_28838030,63k_28838032
200k_32612863,200k_32613073,200k_32613103,200k_32613133,200k_32613163,200k_32613213,200k_32613293,200k_32613573,200k_32613783,200k_32614043,63k_32614073,200k_32614163,200k_32614333,200k_32614363
63k_32615285,200k_32615342
63k_34682655,200k_34682760
200k_36171796,200k_36172066,200k_36172216,200k_36172256,200k_36172506,200k_36172536,200k_36172606,63k_36172855,200k_36172986,200k_36173136
63k_37323886,200k_37324009
63k_40958913,200k_40958991
63k_41047806,200k_41047926,63k_41048208,200k_41048226
200k_46137450,63k_46137731
200k_48841348,63k_48841471
200k_48886666,63k_48886706
63k_49765378,200k_49765516
200k_49768626,63k_49768808,200k_49769046
200k_49843798,63k_49843942
200k_50838359,63k_50838448
200k_8923963,63k_8924159,200k_8924173
200k_9129551,63k_9129743
63k_9143174,200k_9143471
200k_9289028,63k_9289253
200k_9995248,200k_9995468,200k_9995508,200k_9995688,63k_9995715,200k_9995788,200k_9996068,200k_9996108,200k_9996138
63k_17204219,200k_17204448,200k_17204488,200k_17204708
63k_17442049,200k_17442132
63k_29660920,200k_29661076
200k_32929740,200k_32929940,63k_32929941,200k_32930140,200k_32930290
200k_39375471,200k_39375511,200k_39375551,200k_39375791,63k_39375826,200k_39375921,200k_39375951,200k_39376121,200k_39376181,200k_39376271,200k_39376311
200k_40333980,200k_40334070,63k_40334293,200k_40334320,200k_40334410
63k_40341547,200k_40341630
63k_42237718,200k_42237863,200k_42238073,200k_42238143
200k_47176853,63k_47176949
63k_47201323,200k_47201443
200k_53896283,200k_53896413,200k_53896673,200k_53896723,200k_53896763,200k_53896973,200k_53897263,200k_53897363,200k_53897603,63k_53897604,200k_53897673,200k_53897733
63k_55377762,200k_55377875,200k_55377905
200k_59803717,63k_59803920
200k_61828509,63k_61828672
200k_64434802,63k_64434966
63k_64475198,200k_64475418
200k_64799886,63k_64800112
200k_65005623,200k_65005823,200k_65006123,63k_65006257
63k_65013268,200k_65013273,200k_65013363,200k_65013533,200k_65013573,200k_65013673,200k_65013853,200k_65014103,200k_65014323,200k_65014563
63k_65016694,200k_65016943
200k_67040724,63k_67040811
200k_69790422,63k_69790694
200k_69795422,63k_69795525
200k_69796942,200k_69797242,63k_69797271
200k_71743382,63k_71743576
63k_71829280,200k_71829318
63k_72936130,200k_72936233
200k_79667594,63k_79667683
200k_100088209,200k_100088429,200k_100088509,63k_100088565,200k_100088649,200k_100088809,200k_100089069,200k_100089139,200k_100089209,200k_100089249
200k_101403561,63k_101403612,200k_101403791,200k_101403881,200k_101404131,200k_101404381
200k_101953315,63k_101953442
200k_107318635,63k_107318878
200k_107348355,200k_107348505,63k_107348688
63k_114373881,200k_114373922,200k_114374172,200k_114374432,200k_114374492
200k_114374852,200k_114374882,63k_114374937,200k_114374972
63k_114965801,200k_114965911
63k_115696670,200k_115696699
200k_115939774,200k_115939934,63k_115940137
63k_115941320,200k_115941514,200k_115941654,200k_115941684
63k_116145830,200k_116146027,200k_116146197
200k_117352923,63k_117352959
63k_117632362,200k_117632512,200k_117632702,200k_117632742
200k_119088273,63k_119088390
63k_119311919,200k_119311952
63k_128325113,200k_128325119,200k_128325269
200k_128327239,63k_128327383,200k_128327529
200k_128565307,63k_128565578
200k_128573331,200k_128573571,200k_128573601,63k_128573618,200k_128573631
200k_128574031,200k_128574071,200k_128574101,200k_128574151,200k_128574391,63k_128574511,200k_128574651
200k_128589069,200k_128589139,200k_128589429,200k_128589469,63k_128589504
200k_132137874,63k_132138030
200k_132164782,63k_132164891
63k_132167314,200k_132167523,200k_132167663
200k_133968653,63k_133968685
200k_134309768,63k_134309962
200k_136563564,200k_136563774,63k_136563817,200k_136563844
63k_137844514,200k_137844720,200k_137844940,200k_137845010
63k_141660061,200k_141660346,200k_141660606
63k_145785471,200k_145785502,200k_145785792
200k_147663861,63k_147663981,200k_147664131,200k_147664341,200k_147664381
200k_148332727,63k_148332849,200k_148332857
200k_148660799,63k_148660901
200k_148942992,63k_148943077,200k_148943162
200k_149675701,200k_149675751,200k_149675781,200k_149676051,200k_149676331,63k_149676467
63k_150002129,200k_150002410
200k_150348522,200k_150348552,200k_150348772,63k_150348996
200k_151016206,200k_151016306,200k_151016476,63k_151016635,200k_151016806,200k_151016976
200k_151064301,63k_151064359
63k_151065540,200k_151065801
200k_151514125,63k_151514424,200k_151514605
200k_151593754,63k_151593765
63k_154996114,200k_154996279
200k_165534909,63k_165535106,200k_165535339
200k_169493929,63k_169494032,200k_169494179,200k_169494319
200k_171145994,63k_171146116
200k_172085995,63k_172086156
200k_172423955,63k_172424072
200k_174949373,200k_174949503,63k_174949673,200k_174949883,200k_174949973,63k_174950038,200k_174950273,200k_174950443
200k_177383133,63k_177383307,200k_177383313,200k_177383403,200k_177383623,200k_177383893,200k_177383953
200k_177979553,63k_177979748
63k_178786690,200k_178786851,200k_178787021
200k_180423837,200k_180423987,63k_180424017,200k_180424027,200k_180424307,200k_180424497,200k_180424677,200k_180424897
63k_185008239,200k_185008321
200k_185373179,200k_185373439,200k_185373509,200k_185373799,200k_185374059,200k_185374099,63k_185374334,200k_185374519
200k_187011780,63k_187011934
200k_188276149,63k_188276342,200k_188276389,200k_188276529
200k_188535845,63k_188535915
200k_188545115,63k_188545128
200k_190284167,63k_190284402
200k_196854201,200k_196854231,200k_196854471,200k_196854561,200k_196854621,200k_196854861,200k_196854961,200k_196855001,200k_196855131,200k_196855341,200k_196855371,200k_196855401,63k_196855688
200k_196994872,200k_196995162,63k_196995338
200k_751678,200k_751728,200k_751858,200k_751918,63k_751986,200k_752048,200k_752088,200k_752348,200k_752438,200k_752508,200k_752658,200k_752918
200k_1561999,63k_1562190
200k_3357286,200k_3357426,200k_3357466,63k_3357659
63k_4679329,200k_4679599
63k_4854848,200k_4854933
63k_5035086,200k_5035132
63k_5039992,200k_5040232
63k_7510091,200k_7510325
200k_7648519,63k_7648607,200k_7648899
200k_10608963,63k_10609119
63k_10627684,200k_10627803
200k_20340654,63k_20340848
200k_21656511,63k_21656599
63k_24324991,200k_24325196,200k_24325296,200k_24325486
200k_26229436,63k_26229667
63k_26240971,200k_26241186,200k_26241406
63k_36324747,200k_36324988
63k_36325763,200k_36325888
200k_38762993,200k_38763193,63k_38763418
63k_38767182,200k_38767253
200k_39540780,200k_39540810,200k_39540920,200k_39541180,200k_39541330,200k_39541530,200k_39541780,200k_39541880,63k_39542064,200k_39542140,200k_39542200
63k_39659270,200k_39659539
63k_40911645,200k_40911748
63k_41859449,200k_41859657,200k_41859897
200k_47121632,63k_47121913,200k_47122042
200k_54172820,63k_54173089
200k_54865369,200k_54865499,200k_54865549,200k_54865819,200k_54866109,200k_54866149,200k_54866339,200k_54866399,200k_54866429,63k_54866543,200k_54866559,200k_54866709,200k_54866749,200k_54866779,200k_54866849
63k_54871761,200k_54871819,200k_54871919,200k_54872009,200k_54872309,200k_54872359,200k_54872389,200k_54872439,200k_54872629
200k_54886296,200k_54886326,63k_54886430
200k_54890736,63k_54890858,200k_54890876
200k_54905976,200k_54906206,200k_54906446,200k_54906746,200k_54906776,200k_54906806,200k_54907006,63k_54907012,200k_54907046,200k_54907286,200k_54907326,200k_54907356,200k_54907516,200k_54907656
200k_54958000,63k_54958079
63k_55526261,200k_55526438
200k_55528388,63k_55528467
200k_57254549,200k_57254719,63k_57254843,200k_57254959,200k_57255129,200k_57255159,200k_57255299,200k_57255519,200k_57255549,200k_57255699,200k_57255849,200k_57255889,200k_57256129,200k_57256159,200k_57256359
63k_71861904,200k_71861994
200k_71872069,63k_71872131
200k_72637359,63k_72637473
200k_77366153,63k_77366297
200k_78976272,200k_78976312,200k_78976512,200k_78976802,200k_78977072,200k_78977262,63k_78977360
200k_78977932,63k_78978032,200k_78978222,200k_78978262
63k_79521338,200k_79521608
200k_80900188,200k_80900478,63k_80900651
63k_80932721,200k_80932920
200k_85420483,200k_85420523,63k_85420671
200k_85493905,63k_85494075
200k_88899316,200k_88899516,200k_88899596,200k_88899626,200k_88899796,200k_88899856,200k_88900066,63k_88900117,200k_88900266,200k_88900426,200k_88900586,200k_88900836,200k_88900896,200k_88900936
200k_95542012,200k_95542152,63k_95542371
200k_106382397,200k_106382467,200k_106382627,63k_106382680,200k_106382757,200k_106382797,200k_106382977,200k_106383067,200k_106383317,200k_106383377,200k_106383587
63k_106383889,200k_106384037,200k_106384227,200k_106384417
200k_106390837,200k_106391067,200k_106391107,63k_106391193,200k_106391207
200k_106391977,200k_106392007,63k_106392077,200k_106392377,200k_106392417
200k_120204803,200k_120205083,200k_120205383,63k_120205500,200k_120205693
63k_120432661,200k_120432729,200k_120432779,200k_120432909,200k_120432939
200k_120436975,200k_120437035,200k_120437075,200k_120437335,200k_120437365,63k_120437508,200k_120437705,200k_120437855,200k_120437885,200k_120438035,200k_120438095
200k_120438479,200k_120438519,200k_120438549,200k_120438619,200k_120438719,200k_120438759,200k_120438789,200k_120438999,200k_120439099,200k_120439139,63k_120439217,200k_120439499,200k_120439589,200k_120439659,200k_120439779,200k_120439819,200k_120439849
200k_120443905,200k_120444005,200k_120444115,200k_120444335,200k_120444395,200k_120444645,63k_120444646,200k_120444675
200k_120458854,63k_120459050
63k_124621751,200k_124621797,200k_124622087
200k_139814457,63k_139814471
63k_139830035,200k_139830307
200k_139833217,63k_139833257
200k_139960263,63k_139960464
63k_139961056,200k_139961063
200k_140017730,63k_140017742
200k_140578863,63k_140579025
63k_140690591,200k_140690619
63k_140708312,200k_140708389
200k_140727997,63k_140728105
200k_140737017,63k_140737255,200k_140737397
200k_140787517,63k_140787666
200k_141174184,200k_141174414,63k_141174464
63k_143059997,200k_143060053
63k_143404353,200k_143404441,200k_143404721,200k_143404761
63k_145975978,200k_145976042
200k_147194389,63k_147194676,200k_147194679
200k_147329089,63k_147329119
63k_151201925,200k_151202036
200k_151314221,63k_151314458,200k_151314721,200k_151314851
63k_151317149,200k_151317311
200k_152246055,63k_152246098
200k_160521196,200k_160521386,63k_160521550,200k_160521736
200k_166331292,63k_166331497
200k_166397897,63k_166398060
200k_166422462,63k_166422553
63k_169371731,200k_169371770
200k_173077222,63k_173077294
200k_175281700,63k_175281977,200k_175282070
63k_175402937,200k_175403065
200k_175440468,200k_175440608,200k_175440828,63k_175440901
63k_176737909,200k_176738102
63k_176766945,200k_176767242
63k_176922430,200k_176922539
63k_180980056,200k_180980131
200k_183418315,63k_183418436
63k_184042525,200k_184042695
200k_184328305,63k_184328550,200k_184328655,200k_184328685
200k_184329995,63k_184330119
200k_184423902,63k_184424015,200k_184424112,200k_184424182
200k_184888473,63k_184888659,200k_184888763
200k_185573494,63k_185573745,200k_185573974
63k_30104422,200k_30104699
200k_32543301,200k_32543341,63k_32543602,200k_32543631,200k_32543781,200k_32544001,200k_32544271
63k_32811072,200k_32811309
200k_34048607,63k_34048637
200k_36030706,200k_36030756,63k_36030904
200k_42837738,63k_42837880
63k_44875878,200k_44875934
63k_49990048,200k_49990091
63k_53585974,200k_53586242
200k_53598202,63k_53598327,200k_53598372,200k_53598662,200k_53598732,200k_53598782,200k_53599062
63k_54622389,200k_54622393
200k_55597386,63k_55597628
200k_57794467,63k_57794644,200k_57794807
63k_57795924,200k_57795977
200k_58317819,63k_58318038
63k_58332380,200k_58332409,200k_58332699
200k_58360040,63k_58360068,200k_58360260,200k_58360330
200k_58365840,63k_58366127
200k_58408012,63k_58408311
63k_58408725,200k_58408962,200k_58409232
63k_58418538,200k_58418592
63k_58422542,200k_58422572
200k_58427802,63k_58428101,200k_58428222
63k_58576008,200k_58576055,200k_58576285
200k_58874680,63k_58874681,200k_58874780
63k_59482343,200k_59482384
200k_59492385,63k_59492454
63k_59505405,200k_59505615,200k_59505895
200k_60315712,63k_60315713
63k_64132857,200k_64133019
200k_68608031,200k_68608181,200k_68608361,63k_68608464,200k_68608601
63k_73330893,200k_73331186,200k_73331246
200k_74973945,63k_74974187,200k_74974195,200k_74974315
200k_78054096,63k_78054138,63k_78054432
200k_78056246,63k_78056373
63k_78355708,200k_78355911
200k_78584871,200k_78584971,63k_78585130
63k_80260562,200k_80260825
63k_80263478,200k_80263605
200k_80270235,63k_80270527
200k_80707558,63k_80707667,200k_80707898
63k_80895677,200k_80895756
63k_81054779,200k_81055056
63k_81149615,200k_81149790
63k_83604867,200k_83604930
200k_86603654,200k_86603894,63k_86604112,200k_86604114
200k_86609594,200k_86609734,200k_86609944,200k_86610154,200k_86610234,200k_86610494,63k_86610602
200k_86629324,63k_86629483
200k_86649292,200k_86649582,63k_86649711
200k_86666808,200k_86667078,200k_86667208,63k_86667250,200k_86667478,200k_86667558
200k_86673217,63k_86673330,200k_86673447,200k_86673527,200k_86673627,200k_86673867,200k_86673937,200k_86673997,200k_86674037
200k_93638688,63k_93638697
200k_94038666,200k_94038716,200k_94038896,63k_94038902
200k_110797422,200k_110797482,63k_110797677
200k_110838296,63k_110838347,200k_110838456,200k_110838676
63k_111015916,200k_111016181
200k_114750851,63k_114751088
63k_114913713,200k_114913841,200k_114914131
63k_117345844,200k_117345932
200k_123211309,63k_123211575
200k_127849304,63k_127849327
200k_130824136,63k_130824347
200k_136900093,63k_136900131
63k_138620450,200k_138620460
63k_138911465,200k_138911627,200k_138911847,200k_138911907
200k_138965192,200k_138965472,200k_138965682,63k_138965684,200k_138965982
200k_139488505,200k_139488645,63k_139488878,200k_139488895,200k_139489135,200k_139489305,200k_139489465,200k_139489505,200k_139489545,200k_139489725
63k_139782469,200k_139782658,200k_139782688,200k_139782818
200k_139932299,200k_139932329,200k_139932409,200k_139932439,200k_139932469,200k_139932749,200k_139932799,200k_139932839,200k_139933009,200k_139933039,200k_139933189,200k_139933229,200k_139933329,200k_139933389,200k_139933599,200k_139933639,63k_139933765
200k_141311155,200k_141311295,63k_141311365,200k_141311495,200k_141311755,200k_141311905
200k_141763079,200k_141763289,200k_141763469,63k_141763686
63k_141917209,200k_141917300
200k_145447579,200k_145447829,63k_145448073,200k_145448359
63k_145455519,200k_145455569
200k_147197819,63k_147197873,200k_147197889
63k_147201334,200k_147201449,200k_147201619,200k_147201899
200k_147218279,200k_147218539,63k_147218811
200k_147463923,63k_147463966,200k_147464063,200k_147464113,200k_147464293
200k_148738085,63k_148738293,200k_148738295,200k_148738455,200k_148738495,200k_148738525,200k_148738775,200k_148739015,200k_148739285,200k_148739335,200k_148739495,200k_148739675,200k_148739745,200k_148739935,200k_148740155,200k_148740225,200k_148740285
200k_150108256,200k_150108526,200k_150108576,200k_150108726,200k_150108936,63k_150109034,200k_150109236
200k_153855870,63k_153856020
200k_154062518,63k_154062803
200k_154070901,63k_154071163
63k_158877125,200k_158877264
200k_158877974,200k_158878264,63k_158878489
200k_159837454,63k_159837726,200k_159837934
200k_167654128,63k_167654172
200k_171702009,63k_171702296
200k_172462628,200k_172462758,200k_172462808,200k_172463088,200k_172463118,63k_172463292,200k_172463438,200k_172463468,200k_172463498,200k_172463548
200k_173846170,63k_173846198
63k_174975959,200k_174975995,200k_174976155
200k_175347265,63k_175347435,200k_175347595
200k_176422654,200k_176422954,63k_176423053
200k_177773647,63k_177773746
200k_177823689,63k_177823963
200k_179532493,200k_179532533,200k_179532823,63k_179533038
200k_541570,63k_541826
63k_2227960,200k_2228166
63k_5294761,200k_5294981
63k_5296472,200k_5296501
63k_6391200,200k_6391463,200k_6391683
200k_12965179,63k_12965187
200k_13766511,63k_13766676
200k_14517252,200k_14517482,200k_14517622,63k_14517648,200k_14517872
63k_14984730,200k_14984849,200k_14985049,200k_14985209
63k_15622704,200k_15622920
200k_18022765,200k_18023015,63k_18023221
63k_19449887,200k_19450149
63k_20877837,200k_20878109
63k_23656735,200k_23656762
200k_25089307,200k_25089337,200k_25089557,63k_25089799,200k_25089877
63k_25094727,200k_25095006,200k_25095066,200k_25095356
200k_25097879,200k_25098099,63k_25098204
200k_27720668,63k_27720810
200k_28603043,63k_28603237
200k_30177572,200k_30177722,63k_30177835,200k_30177922,200k_30178202,200k_30178382
200k_33158366,63k_33158533
63k_37425093,200k_37425228
63k_38229947,200k_38230082
63k_39279689,200k_39279743
200k_41607953,200k_41608123,63k_41608274,200k_41608353
200k_41612653,200k_41612833,63k_41613066
63k_42420893,200k_42421109
63k_42421585,200k_42421859
63k_42515838,200k_42516040
200k_45163648,63k_45163936,200k_45163968
63k_45299009,200k_45299181
200k_45299501,63k_45299592
200k_45301251,63k_45301316
200k_45334808,200k_45334948,200k_45335008,200k_45335278,200k_45335328,63k_45335387
200k_45528098,63k_45528253
200k_47263401,63k_47263545
200k_47382403,63k_47382695
63k_50788018,200k_50788305
200k_64299912,63k_64300024
200k_64398005,200k_64398035,63k_64398287
200k_75325751,63k_75325787
63k_75997354,200k_75997445,200k_75997665,200k_75997925
63k_79779567,200k_79779785,200k_79779815
63k_81167240,200k_81167244
200k_81182175,200k_81182255,200k_81182315,200k_81182495,63k_81182621,200k_81182725
200k_82553574,200k_82553824,200k_82554064,200k_82554214,200k_82554254,200k_82554504,200k_82554544,63k_82554613,200k_82554734,200k_82554784
63k_90031555,200k_90031678,200k_90031868,200k_90031958,200k_90032178,200k_90032208
63k_94128116,200k_94128125
200k_100903620,63k_100903902
200k_106332992,63k_106333264
200k_108490745,63k_108491043,200k_108491325
63k_111612420,200k_111612475
200k_111612785,200k_111612995,200k_111613245,200k_111613355,200k_111613585,200k_111613675,200k_111613885,200k_111613945,200k_111614055,200k_111614085,200k_111614305,200k_111614355,63k_111614583,200k_111614695,200k_111614925
63k_117914903,200k_117914927
200k_125579866,200k_125579936,63k_125580003
63k_133059870,200k_133060124,200k_133060394
200k_133070320,63k_133070390
200k_133077664,63k_133077720
63k_133134598,200k_133134712
63k_139852843,200k_139853056,200k_139853206
200k_139859726,63k_139859788
200k_140929097,63k_140929182
200k_145131203,200k_145131323,200k_145131353,200k_145131403,200k_145131683,63k_145131979
200k_146867437,200k_146867617,63k_146867751,200k_146867777
200k_148564497,200k_148564677,63k_148564952
200k_149290620,200k_149290810,63k_149290995
63k_151730661,200k_151730961
200k_151770430,63k_151770467
63k_154525717,200k_154525804
200k_154589728,63k_154589841,200k_154589998
63k_156571922,200k_156572031,200k_156572301,200k_156572451
63k_156573046,200k_156573071
200k_156600831,63k_156600948
200k_158670059,63k_158670264
200k_158702359,63k_158702408
200k_160179371,63k_160179394,200k_160179591
63k_161450355,200k_161450559
200k_161536614,63k_161536681
63k_166765628,200k_166765773
200k_170452739,63k_170452908
200k_170461259,200k_170461539,63k_170461743,63k_170462015,200k_170462039,200k_170462069,200k_170462329
200k_170463139,63k_170463338
200k_170467389,200k_170467589,200k_170467719,63k_170467731
200k_170468179,63k_170468313,200k_170468469,200k_170468579
63k_170482997,200k_170483291
200k_170491801,200k_170491861,63k_170492024,200k_170492291,200k_170492441,63k_170492541,200k_170492741,200k_170492851,200k_170492991,200k_170493221,200k_170493381
200k_213486,200k_213706,63k_213827,200k_214096,200k_214136,200k_214266,200k_214296,200k_214516,200k_214786,200k_215046
200k_1037810,63k_1037967,200k_1038160,200k_1038190,200k_1038360
200k_1039390,63k_1039609
63k_2059662,200k_2059697
200k_2283173,63k_2283307
63k_7162677,200k_7162862,200k_7162972,200k_7163112
200k_7984780,63k_7984816
63k_8300992,200k_8301104,200k_8301134,200k_8301344
200k_11745921,63k_11746085
200k_13512641,63k_13512737
63k_17029758,200k_17029905,200k_17029995
200k_17094302,200k_17094532,63k_17094763,200k_17094852,200k_17095112
63k_17139257,200k_17139442
200k_17189799,63k_17189938
200k_17402536,63k_17402592
200k_17446469,63k_17446579
200k_18442406,63k_18442502
200k_18484451,63k_18484570,200k_18484801
63k_18865091,200k_18865192
200k_20191882,63k_20192091,200k_20192332
200k_20439035,200k_20439255,200k_20439285,63k_20439469,200k_20439725
63k_20447472,200k_20447484,200k_20447774
200k_20474937,63k_20475096
200k_20476817,200k_20476997,200k_20477197,63k_20477347,200k_20477427,200k_20477657
63k_20488232,200k_20488247
200k_20490237,63k_20490505
63k_20515561,200k_20515807
63k_22861116,200k_22861314,200k_22861584,200k_22861614
63k_23059568,200k_23059639
200k_23228118,200k_23228218,200k_23228468,200k_23228508,200k_23228668,200k_23228698,200k_23228738,200k_23228948,200k_23229228,200k_23229438,200k_23229698,63k_23229723,200k_23229898,200k_23229958,200k_23230228
200k_23288522,200k_23288562,200k_23288802,200k_23288982,63k_23289039,200k_23289292,200k_23289322
200k_23488622,200k_23488892,63k_23488955,200k_23489102,200k_23489272,200k_23489312,200k_23489412,200k_23489442
63k_26141234,200k_26141372
63k_26589335,200k_26589527
63k_28077031,200k_28077198
200k_28127693,63k_28127934
200k_28450989,63k_28451016
63k_29042137,200k_29042430,63k_29042531
200k_33079236,200k_33079336,63k_33079457,200k_33079526
63k_35420522,200k_35420663,200k_35420953
200k_35730158,63k_35730273,200k_35730378,200k_35730538,200k_35730568,200k_35730868,200k_35731058
200k_36939002,63k_36939111
200k_40946731,63k_40946974
200k_44435247,63k_44435392,200k_44435457,200k_44435487,200k_44435657,200k_44435807,200k_44435837,200k_44436137
200k_44436687,200k_44436737,200k_44436837,63k_44436859,200k_44436987,200k_44437077
200k_45615831,200k_45616091,63k_45616303
200k_45928830,200k_45928960,200k_45928990,63k_45929125
200k_69213208,63k_69213466,200k_69213478
200k_69215618,63k_69215649
200k_69409204,200k_69409424,63k_69409630
200k_73015185,63k_73015220,200k_73015515
63k_73983136,200k_73983279,200k_73983349
63k_75446741,200k_75446780
200k_75449560,200k_75449630,63k_75449725,200k_75449760
200k_75479547,63k_75479756
63k_77344782,200k_77345055,200k_77345255
200k_80840861,63k_80841042
63k_81585145,200k_81585384,200k_81585534
200k_81894879,63k_81894911
200k_81926708,200k_81926988,200k_81927068,200k_81927208,200k_81927428,200k_81927518,200k_81927558,63k_81927600,200k_81927638
200k_95030250,63k_95030364,200k_95030440
200k_95129824,63k_95130042,200k_95130254
63k_95179674,200k_95179824
63k_95626158,200k_95626265,200k_95626415,200k_95626635
200k_97763069,63k_97763196
63k_100343060,200k_100343296
200k_101775468,63k_101775754
200k_101947053,63k_101947275,200k_101947413
63k_104482564,200k_104482600
63k_105447403,200k_105447504
63k_105449752,200k_105449824
63k_107026688,200k_107026915
63k_107109460,200k_107109746
63k_107116895,200k_107117188
63k_111156834,200k_111156897
63k_111627308,200k_111627418
200k_114637409,200k_114637579,63k_114637821,200k_114637979,200k_114638009,200k_114638049,200k_114638189,200k_114638229
200k_114677726,63k_114677778
200k_115668625,63k_115668788
63k_116273756,200k_116273789,200k_116274069
200k_117470823,63k_117470843
63k_120035843,200k_120035956
63k_120057005,200k_120057036
63k_120884745,200k_120885012
200k_120937808,200k_120937908,200k_120938168,63k_120938303,200k_120938448
200k_121951655,63k_121951693
63k_121952116,200k_121952405
200k_121955015,63k_121955308
200k_128046552,200k_128046602,200k_128046822,200k_128046862,200k_128047102,63k_128047102,200k_128047152,200k_128047392,200k_128047592
200k_129418404,200k_129418434,63k_129418701
200k_129650001,63k_129650280
63k_133223907,200k_133223915
63k_133390628,200k_133390881
63k_138250471,200k_138250479,200k_138250509
200k_139865340,63k_139865406
200k_141804479,63k_141804766
63k_143111189,200k_143111475,200k_143111765,200k_143112015
63k_150782074,200k_150782133,200k_150782433,200k_150782473,200k_150782713
200k_155141755,63k_155142018
63k_157809355,200k_157809648
200k_158242714,63k_158242753
63k_158243578,200k_158243874,200k_158243904
63k_841745,200k_841945
63k_848716,200k_848905,200k_849105,200k_849335
200k_1113447,63k_1113644
200k_1220490,63k_1220511
200k_6119218,63k_6119497
63k_6635466,200k_6635754
200k_6663414,200k_6663454,63k_6663651,200k_6663664
63k_20029577,200k_20029615
200k_22465820,200k_22466080,200k_22466160,200k_22466400,200k_22466660,200k_22466690,200k_22466940,200k_22466970,200k_22467260,200k_22467300,200k_22467360,200k_22467590,200k_22467620,200k_22467900,200k_22468150,200k_22468190,200k_22468220,200k_22468390,200k_22468630,200k_22468710,200k_22468750,63k_22468752,200k_22468780,200k_22468820
63k_26718706,200k_26718922,200k_26718952
63k_29692165,200k_29692380
200k_32491703,63k_32491776
200k_32508263,63k_32508336
63k_40207839,200k_40208101
200k_41146002,63k_41146063
200k_48813997,63k_48814282
63k_53625926,200k_53626156,200k_53626236,200k_53626356
200k_55124518,200k_55124658,200k_55124808,63k_55125103
200k_55366778,200k_55366808,63k_55366885
200k_55382468,63k_55382666
63k_59871697,200k_59871733
200k_63934709,63k_63934978
200k_67522068,200k_67522268,63k_67522410,200k_67522608
200k_68633448,63k_68633473
200k_70982579,63k_70982802,200k_70982949
200k_70984968,63k_70985089
63k_71149594,200k_71149609
200k_71158420,200k_71158620,63k_71158853,200k_71159100,200k_71159370
200k_71522648,63k_71522822
63k_74637632,200k_74637800
63k_76148823,200k_76149033
63k_81742733,200k_81742870
200k_81774920,63k_81774946,200k_81775220
63k_90740843,200k_90740869
63k_90776563,200k_90776760,200k_90776800,200k_90776960
200k_90899092,200k_90899362,200k_90899512,200k_90899762,200k_90899822,63k_90899822
63k_101398559,200k_101398763
200k_102184987,200k_102185177,200k_102185467,200k_102185627,63k_102185915,200k_102186067
200k_103858455,63k_103858593
63k_104008437,200k_104008583,200k_104008663,200k_104008963
200k_105034019,63k_105034097
63k_114445643,200k_114445883
200k_116620399,63k_116620472,200k_116620639
63k_117000312,200k_117000551
200k_117662995,200k_117663135,200k_117663275,200k_117663315,200k_117663475,200k_117663515,200k_117663805,200k_117664065,63k_117664230,200k_117664325,63k_117664578,200k_117664805,200k_117664885,200k_117665115,200k_117665265
63k_117711559,200k_117711826,200k_117711876,200k_117712086
200k_117744131,63k_117744228
200k_118168039,63k_118168131
200k_119939577,63k_119939676
200k_119960769,63k_119960777,200k_119960939
200k_121702783,63k_121703066,200k_121703193
63k_121809747,200k_121809748
63k_121821110,200k_121821178
63k_121983362,200k_121983633
200k_122157095,200k_122157125,63k_122157366,200k_122157615,200k_122157675
200k_122163135,63k_122163399
200k_122176425,63k_122176496
63k_125249603,200k_125249885
200k_125304775,63k_125305033
200k_125465472,200k_125465502,200k_125465652,200k_125465712,200k_125465852,200k_125465892,200k_125466062,200k_125466272,200k_125466352,200k_125466422,200k_125466552,200k_125466592,63k_125466619,200k_125466642,200k_125466942,200k_125467182,200k_125467222
200k_125467762,200k_125467792,200k_125468002,200k_125468072,200k_125468262,63k_125468349
63k_128113020,200k_128113295
63k_130324007,200k_130324181
200k_130501278,200k_130501448,200k_130501698,63k_130501772
63k_130503345,200k_130503498
200k_133918138,63k_133918380,200k_133918598,200k_133918818
200k_133927110,63k_133927342
200k_133933000,63k_133933237
63k_133942140,200k_133942297,200k_133942527,200k_133942677
200k_133943007,63k_133943285
63k_133958968,200k_133959097
200k_133964328,63k_133964400,200k_133964518,200k_133964728
63k_133970172,200k_133970218
63k_133982431,200k_133982604
63k_133990037,200k_133990066
200k_133991396,63k_133991440,200k_133991606
200k_133993466,63k_133993560
200k_133994826,63k_133994933
63k_134012654,200k_134012859
63k_134122388,200k_134122428
63k_135842639,200k_135842668
200k_139799423,63k_139799640
200k_141073664,63k_141073818
63k_141102245,200k_141102412,200k_141102562
200k_141107622,200k_141107892,200k_141107922,200k_141108112,200k_141108392,63k_141108662,200k_141108802,200k_141109022
63k_141109458,200k_141109572
200k_141110452,63k_141110537
63k_141972705,200k_141972854
200k_143282507,63k_143282579
200k_144300704,63k_144300932
200k_144627730,200k_144627800,200k_144627830,200k_144627970,200k_144628020,63k_144628037
63k_144629597,200k_144629780,200k_144629810,200k_144630010,200k_144630150
63k_145071626,200k_145071883
63k_145938585,200k_145938682,200k_145938952,200k_145939182
63k_146047177,200k_146047254,200k_146047354,200k_146047634
63k_2490094,200k_2490195
200k_3470011,63k_3470194,200k_3470411,200k_3470441,200k_3470651
200k_5580622,200k_5580662,200k_5580852,63k_5580862,200k_5580912
200k_5586995,63k_5587249
200k_13034241,200k_13034271,63k_13034310
200k_13237212,63k_13237491
63k_16506378,200k_16506390,200k_16506460,200k_16506610
63k_16510767,200k_16510810
200k_20551956,200k_20552106,63k_20552382,200k_20552586
63k_22040983,200k_22041135
63k_29214147,200k_29214373
63k_34452314,200k_34452602,200k_34452632,200k_34452862,200k_34452892,200k_34452922,200k_34453102
63k_36294164,200k_36294203
200k_36470780,200k_36470950,63k_36471100
200k_71634909,63k_71634949
63k_80325385,200k_80325666,200k_80325826,200k_80325906,200k_80326186,200k_80326216,200k_80326426
200k_81341641,63k_81341767
200k_84270741,63k_84270916
200k_85887842,200k_85887872,200k_85888142,200k_85888422,200k_85888452,63k_85888720,200k_85888832
200k_88984099,63k_88984190
63k_89423035,200k_89423275
63k_91140744,200k_91140918
200k_91146558,200k_91146758,63k_91146954,200k_91146968
200k_91147328,63k_91147425,200k_91147578
200k_91147908,200k_91148008,63k_91148274,200k_91148368
200k_91150881,63k_91151098
200k_91152631,200k_91152661,63k_91152873
200k_91795262,63k_91795402
200k_96071617,200k_96071917,200k_96072097,63k_96072198,200k_96072347
200k_97880082,200k_97880262,200k_97880562,200k_97880862,200k_97881082,200k_97881232,200k_97881312,63k_97881362,200k_97881422
200k_97966397,63k_97966697,200k_97966817,63k_97967063
63k_98533260,200k_98533262
200k_98619508,63k_98619621
63k_99322645,200k_99322944,200k_99322984
63k_100788607,200k_100788705,200k_100788865,200k_100788895,200k_100789055,200k_100789205
63k_101944124,200k_101944333
200k_102195912,63k_102196027
63k_103253721,200k_103253922
200k_105966578,63k_105966593,200k_105966768
63k_107950256,200k_107950548
200k_111049558,63k_111049632
63k_112162208,200k_112162310
63k_113560222,200k_113560452
200k_115981542,63k_115981600,200k_115981862
200k_115982202,63k_115982366
63k_116754979,200k_116755050
200k_117077481,63k_117077506
200k_120175652,63k_120175700
200k_124726648,63k_124726710
200k_125956047,63k_125956309
200k_126028945,63k_126029234
63k_126154196,200k_126154297,200k_126154367
63k_126160526,200k_126160767,200k_126160937,200k_126161167,200k_126161337
200k_126200751,63k_126200872
63k_126232726,200k_126232892
200k_129380008,63k_129380132
63k_133893272,200k_133893374
200k_138285481,200k_138285641,63k_138285696
63k_138292676,200k_138292821,200k_138292851,200k_138293141
200k_138764272,200k_138764492,63k_138764683
200k_138807099,200k_138807399,200k_138807429,200k_138807459,200k_138807489,200k_138807789,200k_138807819,200k_138807859,200k_138807889,63k_138808066,200k_138808069,200k_138808129,200k_138808289,200k_138808419,200k_138808689,200k_138808719,200k_138808879,200k_138808919,200k_138808949,200k_138809079,200k_138809129,200k_138809199,200k_138809289
63k_138818944,200k_138819079,200k_138819309,200k_138819559,200k_138819699,200k_138819779
200k_139608790,63k_139608971,200k_139609180
200k_139613773,200k_139613843,63k_139613918,200k_139614003,200k_139614203
200k_140023310,63k_140023437,200k_140023480
200k_140024060,63k_140024130
200k_140340458,200k_140340658,200k_140340858,200k_140341068,200k_140341208,200k_140341248,200k_140341528,63k_140341598,200k_140341708,200k_140341738,200k_140341848
63k_15871770,200k_15872017
200k_16176512,200k_16176572,200k_16176772,63k_16176783,200k_16177042
200k_19701196,63k_19701197,200k_19701446
63k_21962063,200k_21962195
200k_22006481,200k_22006721,200k_22007021,200k_22007321,200k_22007421,63k_22007658,200k_22007681,200k_22007971
63k_22013747,200k_22013923,200k_22014043,200k_22014073
200k_22014753,200k_22015053,63k_22015236
200k_23799217,200k_23799407,63k_23799588
63k_24187887,200k_24187999
200k_29678138,63k_29678230
200k_38924595,63k_38924865
63k_39676253,200k_39676444
63k_40138270,200k_40138565
63k_40398637,200k_40398855
200k_41594658,63k_41594774
63k_43576844,200k_43576903
63k_46564476,200k_46564652
200k_47422928,200k_47422958,200k_47423018,200k_47423218,200k_47423308,63k_47423502,200k_47423618,200k_47423658,200k_47423768,200k_47423928,200k_47423988
200k_49139016,200k_49139266,63k_49139437,200k_49139626,200k_49139666,200k_49139826,200k_49139856,200k_49139896,200k_49140026,200k_49140076,200k_49140106,200k_49140176,200k_49140416
63k_55043008,200k_55043135,200k_55043415
200k_67916198,63k_67916294
200k_67918688,63k_67918964
200k_102790977,200k_102791137,63k_102791232,200k_102791507
63k_102793739,200k_102794027
200k_118903194,200k_118903294,63k_118903464
200k_119385332,200k_119385612,63k_119385638
200k_119886640,200k_119886670,63k_119886736,200k_119886960
200k_134048162,200k_134048262,63k_134048502
200k_138277042,63k_138277197
63k_138929864,200k_138930017
200k_147596944,200k_147597204,63k_147597475
63k_150019094,200k_150019256,200k_150019416
200k_153166354,200k_153166444,63k_153166526
