300k_1027783,200k_1028613,200k_1029103,200k_1029353,200k_1029543,200k_1029643,200k_1029723,200k_1029853,200k_1030043,200k_1030083
300k_26100713,300k_26100903,300k_26101023,300k_26101223,300k_26101383,300k_26101543,63k_26101578,300k_26102103,200k_26102660,200k_26103210,200k_26103460,200k_26103880,200k_26105075,200k_26105285,200k_26105335,200k_26105375,200k_26105865,200k_26105945,200k_26106475,200k_26106605,200k_26106795,200k_26107075
200k_46747287,200k_46747437,200k_46747847,200k_46748037,200k_46748447,200k_46748477,200k_46748637,200k_46749067,200k_46749597,300k_46750251,300k_46750281,300k_46750381
300k_55353903,200k_55354913,200k_55355833
300k_228872070,300k_228872460,300k_228872620,200k_228873708,200k_228874838,200k_228875078,200k_228875538,200k_228875828,200k_228876278,200k_228876308,200k_228876488,200k_228876528,200k_228876668,200k_228876928,200k_228877188,200k_228877598,200k_228877858,200k_228878268,63k_228878375,200k_228878468,200k_228878538,200k_228878818
200k_70960585,200k_70961095,200k_70961375,200k_70961405,200k_70961885,200k_70962085,300k_70962998,300k_70964008,300k_70964098,300k_70964748,300k_70965018,300k_70965228,300k_70965808,300k_70965998,300k_70966028,300k_70966398,300k_70966768,300k_70966918,300k_70967138,300k_70967208,300k_70967278,300k_70967328,300k_70968216
200k_75505685,300k_75505901
300k_85430989,300k_85431319,300k_85431549,200k_85432212,200k_85432322,200k_85432902,200k_85433352,200k_85433682,200k_85433932,200k_85434092,200k_85434332
200k_94912842,200k_94913592,200k_94914282,200k_94914722,200k_94915202,300k_94915597,300k_94915687,300k_94915757,300k_94916757
300k_10563844,300k_10564544,200k_10565635,200k_10565935,200k_10566185,200k_10566555,200k_10566625,200k_10566825,200k_10567185,200k_10567785
300k_104199388,63k_104199633,200k_104200827,200k_104201137,200k_104202337
200k_105588093,200k_105588123,200k_105588153,200k_105588373,200k_105589565,200k_105589755,200k_105590125,200k_105590315,200k_105590665,200k_105590745,200k_105590895,200k_105591055,200k_105591275,200k_105591315,300k_105592456,300k_105592506,300k_105592606,300k_105592776,300k_105592846,300k_105593938,300k_105594248,300k_105594498,300k_105594558,300k_105595678,300k_105595718,300k_105596208,300k_105596288,300k_105596538,300k_105596688,300k_105596888
200k_114515106,200k_114515566,200k_114515596,200k_114515816,200k_114516016,200k_114516216,200k_114516246,200k_114516306,200k_114516386,200k_114516636,200k_114516846,200k_114517116,200k_114517356,200k_114517536,200k_114517646,200k_114518056,200k_114518256,200k_114518296,200k_114518466,300k_114519003,300k_114519423,300k_114519573,63k_114519711,300k_114519763,300k_114519793,300k_114520003,300k_114520153,300k_114520593,63k_114520770,300k_114520933,300k_114521433,300k_114521463,300k_114521693,300k_114521833,300k_114522233,300k_114522463,300k_114522673,300k_114522903,300k_114523363
300k_60716070,300k_60716220,300k_60716290,300k_60716440,300k_60716800,300k_60717590,300k_60717630,300k_60717970,300k_60718000,300k_60718210,300k_60718240,300k_60719250,300k_60719460,300k_60719490,300k_60719520,300k_60719880,300k_60720160,300k_60720430,300k_60720470,200k_60721126,200k_60721306,200k_60721406,200k_60721576,200k_60721666,200k_60721896,200k_60721936,200k_60722256,200k_60722486,200k_60722946,200k_60723136,200k_60723666,200k_60723806,200k_60724483,200k_60724863,200k_60725003
200k_68472032,200k_68472592,200k_68473332,200k_68474331,200k_68474371,200k_68474731,200k_68474761,200k_68474811,200k_68474991,200k_68475041,200k_68475371,200k_68475761,200k_68476135,200k_68476245,200k_68476505,200k_68476865,200k_68477225,200k_68477265,200k_68477325,200k_68477585,200k_68477675,200k_68477915,200k_68478065,200k_68478225,200k_68478295,200k_68478605,200k_68478955,200k_68478985,200k_68479565,200k_68479775,300k_68480678,300k_68480788,300k_68481128,300k_68481218,300k_68481248,300k_68481278,300k_68481777,300k_68482437,300k_68482487,300k_68482687
300k_69600746,63k_69601220,300k_69602166,200k_69602611,200k_69603241,63k_69603510,200k_69604271,200k_69604971,200k_69605111,200k_69605191
200k_27213279,200k_27213349,200k_27213499,200k_27213699,200k_27214259,200k_27214629,200k_27214659,200k_27215039,200k_27215269,200k_27215439,200k_27215759,300k_27216874,300k_27217044,300k_27217084,300k_27217234,300k_27217264,300k_27217654,300k_27217714,300k_27217984,300k_27218014,300k_27218314,300k_27218424,300k_27218494,300k_27219004,300k_27219761,300k_27220509,300k_27220549,300k_27221199,300k_27221539,300k_27221589,300k_27221719,300k_27221989,300k_27222039,300k_27222179,300k_27222469,300k_27222529,300k_27222919,300k_27223119,300k_27223309,300k_27223789,300k_27224009,300k_27224199,300k_27224239
200k_57168523,300k_57169663,300k_57169733
300k_73514175,300k_73514435,63k_73514504,300k_73514665,300k_73514955,200k_73515608,200k_73515898,200k_73515968,200k_73516108,200k_73516148,200k_73516188,200k_73516428,200k_73516598,200k_73516628,200k_73516788,200k_73517318
200k_73589232,200k_73589352,200k_73589382,200k_73589592,200k_73589772,200k_73590072,200k_73590132,200k_73590282,200k_73591447,200k_73591597,200k_73591637,200k_73591737,200k_73592057,200k_73592087,200k_73592117,200k_73592337,200k_73593220,200k_73593520,200k_73593860,200k_73593890,200k_73594240,200k_73594280,200k_73594570,200k_73594670,200k_73594910,200k_73595000,200k_73595920,200k_73596370,300k_73597361,300k_73597913,300k_73598093
300k_73788996,300k_73789356,200k_73790449,200k_73790479,200k_73790509,200k_73790769,200k_73790819,200k_73791039,200k_73791119,200k_73791229,200k_73791269,200k_73791709,200k_73791889,200k_73792099,200k_73792129,200k_73792679,200k_73792759,200k_73793059,200k_73793089,200k_73793389,200k_73793439,200k_73794009,200k_73794659,200k_73794839
300k_12037119,300k_12037859,300k_12037919,300k_12038949,300k_12039289,200k_12040419,200k_12040469,200k_12040689,200k_12041029,200k_12041519,200k_12041709,200k_12042069,200k_12042479,200k_12043259,200k_12043689,200k_12044399,200k_12044789
200k_77693811,300k_77694958,300k_77695718
200k_39120005,200k_39120255,200k_39120485,200k_39120665,200k_39120925,200k_39121085,200k_39121225,300k_39121747
200k_25622019,300k_25622924,300k_25624064
200k_211291914,200k_211292074,200k_211292224,300k_211293120,300k_211293290,300k_211293410,300k_211293750,300k_211294384,300k_211294944,300k_211295134,300k_211295274,300k_211295504
200k_216250059,200k_216250219,200k_216250309,200k_216250429,200k_216250909,200k_216251069,300k_216251970
200k_228174434,200k_228174574,200k_228174834,200k_228175124,200k_228175274,300k_228176203
200k_32260668,200k_32260838,200k_32261298,200k_32261858,300k_32262912
300k_32265615,200k_32266329,200k_32266399,200k_32266559,200k_32266719,200k_32266999
200k_39743355,300k_39744348,300k_39744498,300k_39744658
200k_44537363,200k_44538033,300k_44539168,300k_44539368
200k_27459764,200k_27460804,200k_27461714,300k_27462657
300k_4829263,200k_4829983,200k_4830393,200k_4830623,200k_4831603,200k_4831903,200k_4831973,200k_4832423
200k_28380548,200k_28380688,200k_28380958,200k_28381228,200k_28381768,300k_28382852
200k_150296679,200k_150296809,200k_150297419,200k_150297879,200k_150298009,200k_150298279,200k_150298519,200k_150298599,200k_150298799,200k_150298869,200k_150298929,200k_150299139,200k_150299209,300k_150300359,300k_150300669,300k_150301381,300k_150301451,300k_150302298,300k_150302328,300k_150302838,300k_150302898,300k_150302938,300k_150303508,300k_150303588,300k_150303638,300k_150303668,300k_150304438
200k_83817057,200k_83817107,200k_83817267,200k_83817297,200k_83817497,200k_83817607,200k_83817637,200k_83817767,200k_83818087,200k_83818157,200k_83818417,200k_83818557,200k_83818607,200k_83818737,200k_83818797,300k_83819334,300k_83819434,300k_83819644,300k_83819694,300k_83819934,300k_83820324
300k_138731194,300k_138731624,300k_138731814,300k_138731974,200k_138733122,200k_138733852,200k_138733922,200k_138733962,200k_138734192,200k_138734232,200k_138734412,200k_138734922,200k_138734962,200k_138735142,200k_138735182,200k_138735882,200k_138736362,200k_138736392,200k_138736772,200k_138736822,200k_138736932
200k_171337163,200k_171337383,300k_171338440,300k_171338830,300k_171339250,300k_171339500,300k_171339820,300k_171340480,300k_171340840
300k_64283013,300k_64283727,300k_64283967,300k_64284067,300k_64284227,300k_64284317,300k_64284517,300k_64285187,300k_64285247,300k_64285297,300k_64285497,300k_64285687,300k_64285767,300k_64286167,300k_64286227,200k_64287070,200k_64287100,200k_64287140,200k_64287250,200k_64287290,200k_64287540,200k_64287590,200k_64287620,200k_64287980,200k_64288040,200k_64288070,200k_64288220
200k_72084919,200k_72085029,200k_72085209,200k_72085249,200k_72085529,200k_72085639,200k_72085739,200k_72085789,200k_72086099,200k_72086139,200k_72086269,200k_72086359,300k_72087026,300k_72087396,300k_72087846,300k_72087886,300k_72088036,300k_72088236,300k_72088376,300k_72088716,300k_72088956,300k_72089526,300k_72090026,300k_72090226,300k_72090426,300k_72090856,300k_72090946,300k_72091096,300k_72091786,300k_72092086,300k_72092316,300k_72092716
200k_86348094,200k_86348884,200k_86349764,300k_86350401,300k_86350741
200k_137475708,300k_137476805
300k_110737501,300k_110737981,300k_110738361,300k_110738721,300k_110739021,200k_110740138,200k_110740338
200k_37989969,200k_37990539,200k_37990729,300k_37991403,63k_37992120,300k_37992123,300k_37992393,300k_37992513,300k_37992643,300k_37992873,300k_37993483,300k_37993783,300k_37993843,300k_37994063,300k_37994113,300k_37994363,300k_37994463,300k_37994513,300k_37994703,300k_37994743,300k_37994793,300k_37994833
300k_97877511,300k_97877951,300k_97877991,300k_97878381,300k_97878641,300k_97878801,300k_97879031,300k_97879321,200k_97880082,200k_97880262,200k_97880562,200k_97880862,200k_97881082,200k_97881232,200k_97881312,63k_97881362,200k_97881422,200k_97881762,200k_97881892,200k_97882202,200k_97882562,200k_97882792,200k_97882942,200k_97883522,200k_97884382,200k_97884462,200k_97884632,200k_97884672,200k_97884832,200k_97885072,200k_97885352,200k_97885462,200k_97885502,200k_97885562,200k_97885702,200k_97886300,200k_97886330,200k_97886530,200k_97886770,200k_97886830,200k_97886860,200k_97887060,200k_97887110
200k_100964076,200k_100964466,200k_100964586,200k_100964746,200k_100964806,200k_100965216,200k_100965326,300k_100966253,300k_100966453,300k_100966653,300k_100967093,300k_100967273,300k_100967303,300k_100967333,300k_100967493,300k_100968333,300k_100968723,300k_100969013,300k_100969373,300k_100969723,63k_100969830,300k_100970513
200k_130253774,200k_130254134,200k_130254724,200k_130254894,300k_130256009,300k_130256279,300k_130256479,300k_130256809,300k_130256849,300k_130257179,300k_130257459,300k_130257916
300k_136031738,300k_136032108,300k_136032378,300k_136032838,300k_136032928,300k_136033308,300k_136033578,300k_136033708,300k_136034188,300k_136034728,300k_136034758,300k_136034818,300k_136035827,300k_136036067,300k_136037218,200k_136038199,200k_136038499,200k_136038559
300k_140387653,63k_140388750,200k_140389798,200k_140390808
