300k_1206661,300k_1206961,300k_1207156,300k_1207266,300k_1207636,200k_1207725,200k_1207725,200k_1207725,300k_1207725,300k_1207725,300k_1207725,300k_1207725,200k_1207821,200k_1208041,200k_1208126,200k_1208146,300k_1208976,300k_1209176,300k_1209271,300k_1209301,200k_1210120,200k_1210120,200k_1210120,200k_1210120,200k_1210120,200k_1210120,200k_1210120,200k_1210129,200k_1210229
200k_6263016,200k_6263059,200k_6263059,200k_6263059,200k_6263059,200k_6263059,200k_6263059,300k_6263059,300k_6263059
200k_24675618,200k_24675618,200k_24675618,200k_24675618,300k_24676358,300k_24676498,300k_24676598,300k_24676933,300k_24677218,300k_24677423,300k_24677518,63k_24677535,200k_24677653,200k_24677853,200k_24678123,200k_24678508,300k_24679367,300k_24679507,300k_24679607,300k_24679942,300k_24680227,300k_24680432,300k_24680527,63k_24680544
300k_26089399,300k_26089399,300k_26089399,300k_26089511,300k_26089526,300k_26090531,300k_26090982,300k_26091747,300k_26092374,300k_26092524,300k_26092539,300k_26093281,300k_26093524,300k_26093744,300k_26093894,300k_26094499,300k_26095204,300k_26095279,300k_26096260,300k_26096550,300k_26096770,300k_26096920,300k_26097525,300k_26098230,300k_26098305,300k_26099053,300k_26100135,300k_26100230,300k_26100290,300k_26100390,300k_26100470,300k_26100550,63k_26100567,300k_26100830,200k_26101108,200k_26101383,200k_26101508,200k_26101718,200k_26102316,200k_26102421,200k_26102446,200k_26102466,300k_26103153,300k_26103248,300k_26103308,300k_26103408,300k_26103488,200k_26103539,200k_26103539,200k_26103539,200k_26103539,200k_26103539,200k_26103539,200k_26103539,200k_26103539,300k_26103539,300k_26103539,63k_26103539,200k_26103675,200k_26103715,200k_26103980,200k_26104045,200k_26104140,200k_26104280,300k_26104534,63k_26104551,300k_26104814,200k_26105092,200k_26105367,200k_26105492,200k_26105627,200k_26105627,200k_26105627,200k_26105627,200k_26105627,200k_26105627,200k_26105627,200k_26105627,200k_26105627,200k_26105627,200k_26105627,200k_26106211,200k_26106815,200k_26107413,200k_26107518,200k_26107543,200k_26107563,200k_26107808,200k_26107848,200k_26108113,200k_26108178,200k_26108273,200k_26108413,200k_26108958
200k_26599560,300k_26600552,300k_26600552,300k_26600595,300k_26600865,300k_26601394
300k_26689751,200k_26690471,200k_26690661
300k_26691811,200k_26692476,200k_26692476,200k_26693081
200k_39822346,300k_39822841,300k_39822991,300k_39823006,300k_39823071
200k_45242770,200k_45242990,300k_45243349,300k_45243369,300k_45244107,200k_45244443,200k_45244443,200k_45244855,200k_45244905,200k_45245110,200k_45245185,200k_45245205,200k_45245355,200k_45245410
200k_46747287,200k_46747437,200k_46747847,200k_46748037,200k_46748447,200k_46748477,200k_46748637,200k_46749067,200k_46749597,300k_46750251,300k_46750281,300k_46750381
300k_46767652,300k_46767827,300k_46767872,300k_46768076,300k_46768076,300k_46768076,300k_46768076,300k_46768076,300k_46768076,300k_46768076,300k_46768564,300k_46768689,300k_46768704,300k_46768879,300k_46768989,300k_46769024,300k_46769134,300k_46769179,300k_46769404,300k_46769434,300k_46769544,300k_46769644,300k_46769809,300k_46769884,300k_46769904,300k_46770149,300k_46770269,300k_46770394,300k_46770444,300k_46770614,300k_46770769,300k_46770794,300k_46770904,300k_46770984,300k_46770999,300k_46771029,300k_46771589,300k_46771714,300k_46771729,300k_46771904,300k_46772014,300k_46772049,300k_46772159,300k_46772204,300k_46772429,300k_46772459,300k_46772569,300k_46772669,300k_46772834,300k_46772909,300k_46772929,300k_46773174,300k_46773294,300k_46773328,300k_46773328,300k_46773375,300k_46773555,300k_46773575,300k_46773590,300k_46773605,300k_46773695,300k_46773865,200k_46774663,200k_46774678,200k_46774838,200k_46774978,200k_46774998,200k_46775153,200k_46775333,200k_46775348,200k_46775403,200k_46775423,200k_46775643,200k_46775703,200k_46775718,200k_46775838,200k_46775853,200k_46775893,200k_46776013,200k_46776033,200k_46776128,300k_46776844,300k_46776864,300k_46776879,300k_46776894,300k_46776984,300k_46777154,200k_46777953,200k_46777968,200k_46778128,200k_46778268,200k_46778288,200k_46778443,200k_46778623,200k_46778638,200k_46778693,200k_46778713,200k_46778933,200k_46778993,200k_46779008,200k_46779128,200k_46779143,200k_46779183,200k_46779303,200k_46779323,200k_46779418,200k_46779558,200k_46779593,200k_46779758,200k_46779818,200k_46779848,200k_46780118,200k_46780148,200k_46780198,200k_46780278,200k_46780518,200k_46780748,200k_46781078,200k_46781168,200k_46781468,200k_46781538,200k_46781708,200k_46781988
300k_55316255,300k_55317029,200k_55317179,200k_55317574,300k_55318146,300k_55318146,300k_55318785,300k_55319025,300k_55319205,300k_55320170,300k_55320170,300k_55320170,300k_55320170,300k_55320170,300k_55320537,300k_55320647,300k_55320962,300k_55321303,300k_55322077,300k_55322225,300k_55322225,300k_55322225,300k_55322225,300k_55322225,300k_55322225,300k_55322225,300k_55322359,300k_55322564,300k_55322639
300k_55353903,200k_55354913,200k_55355626
300k_55590353,200k_55591248
200k_67880979,200k_67881079,200k_67881244,200k_67881304,200k_67881481,200k_67881481,200k_67881481,200k_67881481,200k_67881481,200k_67881481,200k_67881481,200k_67881481,200k_67881481,200k_67881481,200k_67881481,200k_67881481,200k_67881481,200k_67881481,200k_67881481,200k_67881481,300k_67882042,300k_67882172,300k_67882212,300k_67882257,300k_67882417,300k_67882452,300k_67882577,300k_67882717,200k_67883179,200k_67883249,200k_67883324,200k_67883394,200k_67883414,200k_67883667,200k_67883687,200k_67883782,200k_67883872,200k_67883977,200k_67884052,200k_67884162,200k_67884257,200k_67884297,200k_67884467,300k_67885069,300k_67885199,300k_67885239,300k_67885284,300k_67885444,300k_67885479,300k_67885604,300k_67885744,300k_67886407,300k_67886447,300k_67886977,300k_67887247,300k_67887347,300k_67887377,300k_67887407,300k_67887557,300k_67887967,300k_67888137,300k_67888177,300k_67888597,300k_67888717,300k_67889227,300k_67889667,300k_67890306,300k_67890336,300k_67890366,300k_67891285,300k_67891675
200k_84767937,200k_84768062,200k_84768117,200k_84768542,300k_84769343
200k_113188646,200k_113189001,300k_113189963
200k_154900668,200k_154900763,200k_154900905,200k_154900905,200k_154900905,200k_154900905,200k_154900905,200k_154900905,63k_154900905,300k_154901672,300k_154901772,300k_154901807,300k_154902022,200k_154902723,200k_154902743,63k_154902826,200k_154902848,200k_154902888,200k_154902918,200k_154903153
200k_167029989,200k_167030169,200k_167030332,200k_167031372,300k_167032417,300k_167032432,300k_167032637,300k_167032902,300k_167033022,63k_167033232,300k_167033242
200k_167034534,300k_167035579,300k_167035594,300k_167035799,300k_167036064,300k_167036098,300k_167036098,300k_167036098,63k_167036098,300k_167036128,300k_167036263,300k_167036528,300k_167036628,300k_167037145,300k_167037275,300k_167037375,300k_167037700,300k_167037895,300k_167038450,300k_167038719,63k_167038929,300k_167038939,300k_167039034,300k_167039194,300k_167039329,300k_167039594,300k_167039694,300k_167040068,300k_167040068,300k_167040068,300k_167040068,300k_167040068,300k_167040068,300k_167040275,300k_167040726,300k_167040821,300k_167041181,300k_167041631,300k_167041761,300k_167041861,300k_167042186,300k_167042381,300k_167042936,300k_167043326,300k_167043777,300k_167043872,300k_167044232,300k_167044815,300k_167045094,300k_167045234,300k_167045404,300k_167045599,300k_167046629,300k_167046759,300k_167046834,300k_167047159,300k_167047189,300k_167047364,300k_167047489,300k_167047664,300k_167048106,300k_167048246,300k_167048416,300k_167048611,300k_167049641,300k_167049771,300k_167049846,300k_167050171,300k_167050201,300k_167050376,300k_167050426,300k_167050426,300k_167050856,300k_167050946
200k_206670001,200k_206670071,200k_206670216,200k_206670381,200k_206670501,200k_206670576,200k_206670676,63k_206670685,300k_206671547,300k_206671872,300k_206671892
200k_207268184,200k_207268264,200k_207268364,63k_207268769,300k_207268896,300k_207268971,300k_207269266,300k_207269496,300k_207269801,300k_207269896
200k_222155078,200k_222155098,200k_222155183,63k_222155261,300k_222156070,63k_222156070,300k_222156317,300k_222156332,300k_222156442,300k_222156492,300k_222156592,300k_222156867
300k_228869951,300k_228870146,300k_228870226,200k_228870770
200k_228873535,200k_228873535,200k_228873535,200k_228873535,300k_228873535,300k_228873535,300k_228873535,200k_228873646,200k_228873871,200k_228873886,200k_228873976,200k_228873996,200k_228874066,200k_228874196,200k_228874326,300k_228874781,300k_228874976,300k_228875056,200k_228875600,200k_228876165,200k_228876285,200k_228876515,200k_228876660,200k_228876885,200k_228876900,200k_228876990,200k_228877010,200k_228877080,200k_228877210,200k_228877340,200k_228877598,200k_228877858,200k_228878268,63k_228878375,200k_228878468,200k_228878538,200k_228878818
200k_235876231,200k_235876345,300k_235877135,300k_235877315,200k_235877916
63k_734956,300k_735699,200k_736553,63k_736553,200k_736576,200k_736856,200k_737131,200k_737226
200k_13377890,200k_13378500,200k_13379310,200k_13379598,200k_13379623,200k_13379823,200k_13380023,200k_13380262,200k_13380387,200k_13380457,200k_13380492,200k_13380842,200k_13381228,200k_13381398,200k_13381638,200k_13381708,200k_13381893,200k_13381988,200k_13382053,200k_13382188,200k_13382478,200k_13382612,200k_13382637,200k_13382837,200k_13383037,200k_13383276,200k_13383401,200k_13383471,200k_13383506,200k_13383856,200k_13384242,200k_13384412,200k_13384652,200k_13384722,200k_13384907,200k_13385002,200k_13385067,200k_13385202,200k_13385492,200k_13385694,200k_13385869,200k_13386104,300k_13386806,300k_13386846,300k_13386876,300k_13386921,63k_13387029,300k_13387086,300k_13387181,300k_13388072,300k_13388192,300k_13388222,63k_13388350,300k_13388542
200k_18941941,200k_18942581,200k_18942581,200k_18942581,200k_18942581,200k_18942581,200k_18942581,200k_18942581,200k_18942581,200k_18942581,200k_18942581,300k_18943382,300k_18943397,300k_18943577,200k_18944580,200k_18944650,200k_18944705,200k_18944820,200k_18944835
300k_29746336,300k_29746356,300k_29746531,300k_29746546,300k_29746661,300k_29746821,300k_29746846,300k_29746971,300k_29746986,300k_29747001,300k_29747341,200k_29748326,200k_29748381
200k_70958916,200k_70959171,200k_70959311,200k_70959326,200k_70959566,200k_70959666,300k_70960122
200k_70961944,200k_70961944,200k_70961944,200k_70961944,200k_70961944,200k_70961944,300k_70961944,300k_70961944,300k_70961944,300k_70962223,300k_70962358,300k_70962463
200k_70963999,200k_70964139,200k_70964154,200k_70964394,200k_70964494,300k_70964950,300k_70965455,300k_70965500,300k_70965825,300k_70965960,300k_70966065,300k_70966355,300k_70966450,300k_70966465,300k_70966650,300k_70966835,300k_70966918,300k_70967138,300k_70967208,300k_70967278,300k_70967328,300k_70968216
200k_79685411,200k_79685696,200k_79685766,200k_79686126,200k_79686166,300k_79686349,63k_79687304,200k_79687749,200k_79687749,200k_79687749,200k_79687749,200k_79687749,200k_79687749,200k_79688252
300k_88197891,300k_88197921,300k_88198241,300k_88198381,300k_88198441,300k_88198551,300k_88198771,300k_88198961,300k_88199071,300k_88199141,300k_88199231,300k_88199541,300k_88199571,300k_88199641,300k_88199941,300k_88200091,300k_88200307,300k_88200367,300k_88200472,300k_88200517,300k_88200737,300k_88200842,300k_88201137,300k_88201237,300k_88201272,300k_88201492,200k_88202106,200k_88202131,200k_88202331,200k_88202506,200k_88202666,200k_88202856,200k_88202876,300k_88203502,300k_88203607,300k_88203652,300k_88203872,300k_88203977,300k_88204272,300k_88204372,300k_88204407,300k_88204627,200k_88205241,200k_88205266,200k_88205466,200k_88205641,200k_88205801,200k_88205991,200k_88206011,200k_88206454,200k_88206586,200k_88206886,200k_88207176
200k_106041394,200k_106041504,200k_106041609,200k_106041634,200k_106041724,200k_106041909,200k_106041924,200k_106041939,200k_106042159,200k_106042314,200k_106042349,200k_106042509,200k_106042719,200k_106042727,200k_106042727,200k_106042727,200k_106042727,200k_106042896,200k_106042921,200k_106043006,200k_106043641,200k_106043741,200k_106044061,200k_106044186,200k_106044271,200k_106044316,200k_106044516,200k_106044696,200k_106044756,200k_106044911,200k_106045046,200k_106045824,200k_106045979,200k_106046229,200k_106046254,200k_106046339,200k_106046974,200k_106047074,200k_106047394,200k_106047519,200k_106047604,200k_106047649,200k_106047849,200k_106048029,200k_106048089,200k_106048244,200k_106048379,300k_106049361,300k_106049381,300k_106049889,300k_106050269,300k_106050389,63k_106050458,300k_106050479,300k_106050629,300k_106050729,300k_106050859
200k_111632056,200k_111632056,200k_111632056,200k_111632056,200k_111632056,300k_111632272,300k_111632287,300k_111632402
200k_111633975,200k_111634005,200k_111634180,200k_111634205,200k_111634370,300k_111634744,300k_111634744,300k_111634744
300k_111895912,300k_111896506,300k_111896526,300k_111896976,300k_111897081,200k_111898007,200k_111898237,200k_111898347,200k_111898472,200k_111898697,300k_111899517,300k_111899537,300k_111899987,300k_111900092,200k_111900209,200k_111900209,200k_111900209,200k_111900209,200k_111900209,200k_111900245
300k_1768962,300k_1768982,300k_1769378,300k_1769398,300k_1769513,300k_1769633,63k_1769698,200k_1769772,200k_1769837,200k_1769862,200k_1770017,200k_1770082,200k_1770112,200k_1770217,63k_1770439,200k_1770507,200k_1770742,200k_1770757,300k_1771104,300k_1771104,300k_1771104,300k_1771104,300k_1771104,300k_1771104,63k_1771104,300k_1771152,300k_1771167,300k_1771407,63k_1771434
200k_3074865,63k_3075560,300k_3076590
300k_9762554,300k_9762669,63k_9763535,200k_9763675
200k_10294547,200k_10295097,200k_10295142,200k_10295157,200k_10295232,200k_10295277,200k_10295342,300k_10295897,300k_10296052
300k_33775455,300k_33775600,300k_33775890,200k_33776857,200k_33777252,200k_33777267,200k_33777332,63k_33778177
200k_61512366,300k_61513174
200k_61590620,200k_61590790,200k_61590840,200k_61591110,200k_61591240,200k_61591630,200k_61592110,200k_61592190,200k_61592250,200k_61592397,200k_61592517,200k_61592572,200k_61592612,300k_61593554,300k_61594357,300k_61594862,200k_61595830,300k_61596772,300k_61597575,300k_61598080
200k_63970810,200k_63970865,200k_63970950,200k_63970965,200k_63971080,200k_63971205,200k_63971310,200k_63971330,200k_63971405,200k_63971420,200k_63971555,200k_63971585,300k_63972384
300k_64506401,200k_64507229,200k_64507319,200k_64507404,200k_64507444,200k_64507644,200k_64507664,200k_64507689,200k_64507751,200k_64507751,300k_64507751,300k_64507882,300k_64507902
300k_71850695,300k_71851665,200k_71852096,200k_71852121,200k_71852186
200k_88043248,63k_88043868,300k_88044077
200k_94912842,200k_94913592,200k_94914282,200k_94914722,200k_94915202,300k_94915597,300k_94915687,300k_94915757,300k_94916757
300k_113563327,300k_113563575,300k_113563640,300k_113563973,200k_113564489
300k_118966434,300k_118966434,300k_118966434,300k_118966434,300k_118966434,300k_118966434,200k_118967525
300k_118968680,300k_118968795,300k_118968875,300k_118968905,300k_118968975,300k_118968990,200k_118969251
300k_10563844,300k_10564544,200k_10565635,200k_10565935,200k_10566185,200k_10566555,200k_10566625,200k_10566825,200k_10567185,200k_10567785
200k_15088988,300k_15089781,300k_15089796
200k_27938993,300k_27939125
200k_46352363,200k_46352378,200k_46352433,200k_46352593,200k_46352623,200k_46352763,200k_46352873,200k_46353143,200k_46353218,200k_46353483,200k_46353723,200k_46353898,200k_46354083,200k_46354090,300k_46355064,300k_46355954
300k_49179735,300k_49179780,300k_49179805,300k_49179820,300k_49180015,300k_49180030,300k_49180175,300k_49180375,300k_49180515,300k_49180560,300k_49180650,300k_49180650,300k_49180650,300k_49180650,300k_49180651,300k_49181011,300k_49181286,200k_49182369,300k_49183353,300k_49183463,300k_49183653,300k_49183668,200k_49183876,300k_49183876,300k_49183876,200k_49184242,200k_49184347
300k_53900906,300k_53900926,300k_53900941,200k_53901759,200k_53901797,200k_53901827,200k_53901907,200k_53902022
200k_54668056,200k_54668386,200k_54668516,200k_54668546,200k_54668561,200k_54668581,200k_54668716,200k_54668946,200k_54668961,200k_54668986,200k_54669041,200k_54669066,200k_54669196,200k_54669216,200k_54669271,200k_54669441,200k_54669461,200k_54669486,200k_54669506,200k_54669626,200k_54669916,200k_54669931,200k_54670311,200k_54670341,200k_54670446,300k_54671238,300k_54671668,300k_54671748,300k_54672028
300k_54730148,300k_54730313,300k_54730503,300k_54730628,200k_54731043,200k_54731128,200k_54731398,200k_54731478
300k_56920719,200k_56921236,200k_56921721,200k_56922031,200k_56922066,200k_56922351
200k_68387490,200k_68387535,200k_68387690,300k_68388109,63k_68388120
200k_79935815,200k_79936384,200k_79936384,200k_79936384,200k_79936384,200k_79936384,200k_79936384,200k_79936384,200k_79936384,200k_79936384,200k_79936384,200k_79936384,200k_79936384,200k_79936384,200k_79936384,200k_79936384,200k_79936424,200k_79936504,200k_79936554,200k_79936629,200k_79936644,200k_79936699,200k_79936714,200k_79936734,300k_79936893,200k_79937842,200k_79937932,200k_79938252,200k_79938509,200k_79938559,200k_79938629,200k_79938714,200k_79938959,200k_79939109,200k_79939209,200k_79939274,200k_79939349,200k_79939429,200k_79939489,200k_79939609,200k_79939612,200k_79939612,200k_79939612,200k_79939612,200k_79939612,200k_79939612,200k_79939612,300k_79939612,300k_79939759,63k_79939868,300k_79940864,63k_79941030,200k_79941635,200k_79941685,200k_79941760,200k_79941775,200k_79941830,200k_79941845,200k_79941865,300k_79942023,300k_79942771,63k_79942880,300k_79943876,63k_79944042
300k_91537218,300k_91537233,300k_91537318,300k_91537333,300k_91537528,300k_91537558,300k_91537758,300k_91537833,300k_91538003,300k_91538223,300k_91538258,300k_91538843,300k_91538973,200k_91539103,200k_91539308,200k_91539323,200k_91539453,200k_91539468,200k_91539553,200k_91539643,200k_91539858,200k_91539948,200k_91540108,200k_91540223,200k_91540283,200k_91540353,200k_91540623,200k_91540693,200k_91540838,200k_91541787,200k_91541787,200k_91541787,200k_91541787,200k_91541787,200k_91541787,200k_91541787,200k_91541787,200k_91541787,200k_91541787,200k_91541787,200k_91541787,200k_91541787,200k_91541787,200k_91541787,200k_91541787,200k_91541818,200k_91541983,200k_91542931,200k_91543136,200k_91543151,200k_91543281,200k_91543296,200k_91543381,200k_91543471,200k_91543686,200k_91543776,200k_91543936,200k_91544051,200k_91544111,200k_91544181,200k_91544451,200k_91544521,200k_91544666,200k_91544851,200k_91545016,200k_91545699,200k_91546019,200k_91546179,200k_91546519,200k_91546719
300k_104199343,63k_104199466,200k_104200063,200k_104200218,200k_104200818,200k_104201598,300k_104202364,63k_104202487,200k_104203084,200k_104203239,200k_104203839,200k_104204619
200k_105587789,200k_105588729,200k_105588744,200k_105588759,200k_105588869,200k_105589097,200k_105589192,200k_105589377,200k_105589472,200k_105589647,200k_105589687,200k_105589762,200k_105589842,200k_105589952,200k_105589972,300k_105590542,300k_105590567,300k_105590617,300k_105590702,300k_105590737,300k_105591283,300k_105591438,300k_105591563,300k_105591593,200k_105592113,200k_105592208,200k_105592393,200k_105592488,200k_105592663,200k_105592703,200k_105592778,200k_105592858,200k_105592968,200k_105592988,300k_105593559,300k_105593584,300k_105593634,300k_105593719,300k_105593754,300k_105594300,300k_105594455,300k_105594580,300k_105594610,300k_105595596,300k_105595616,300k_105595861,300k_105595901,300k_105596026,300k_105596101,300k_105596201
300k_109997732,300k_109997747,300k_109997947,300k_109997972,300k_109998102,300k_109998252,300k_109998267,300k_109998362,200k_109998422,200k_109998422,200k_109998422,300k_109998422,300k_109998422,300k_109998422,300k_109998422,300k_109998422,300k_109998422,300k_109998422,300k_109998422,200k_109998533,200k_109998638,200k_109998733,200k_109999158
200k_111908086,300k_111908662,300k_111908732,300k_111908812,300k_111908977,300k_111909007,300k_111909087,300k_111909102,300k_111909117,300k_111909172,300k_111909272,300k_111909322,300k_111909337,300k_111909432,300k_111909462,300k_111909557
300k_30678081,300k_30678306,200k_30678813,200k_30679198,300k_30679452,300k_30679452,300k_30679452
200k_32991200,200k_32991380,200k_32991565,200k_32991685,200k_32991885,200k_32992030,200k_32992080,200k_32992460,200k_32992540,200k_32992570,200k_32992620,200k_32992790,200k_32992805,200k_32993096,200k_32993461,200k_32993491,200k_32993591,200k_32994046,200k_32994081,200k_32994326,200k_32995189,200k_32995334,200k_32995384,200k_32995764,200k_32995844,200k_32995874,200k_32995924,200k_32996094,200k_32996109,200k_32996401,200k_32996766,200k_32996796,200k_32996896,200k_32997351,200k_32997386,200k_32997631,200k_32997966,200k_32998393,200k_32998423,200k_32998723,300k_32999778,300k_32999893,300k_32999923,300k_33000098,300k_33000113,300k_33000128,300k_33000348,300k_33000383,300k_33000724,300k_33000859,300k_33000984,300k_33001074,300k_33001094,63k_33001209,300k_33001234,300k_33001394,300k_33001459
200k_52534176,300k_52534348,300k_52535231,300k_52535321,300k_52535566
300k_99905520,200k_99905891,200k_99906161
300k_100752996,300k_100752996,300k_100752996,200k_100753931,200k_100754071,200k_100754096,200k_100755106,300k_100755672,300k_100755767,300k_100755847
300k_103472475,200k_103472664,200k_103472714,200k_103472729,200k_103472779,200k_103472944,200k_103473074,200k_103473284,200k_103473314,200k_103473384,200k_103473559,200k_103473574,200k_103473614,200k_103473744
200k_114515106,200k_114515566,200k_114515596,200k_114515816,200k_114516016,200k_114516216,200k_114516246,200k_114516306,200k_114516386,200k_114516636,200k_114516846,200k_114517116,200k_114517356,200k_114517536,200k_114517646,200k_114518056,200k_114518256,200k_114518296,200k_114518466,300k_114519003,300k_114519423,300k_114519573,63k_114519711,300k_114519763,300k_114519793,300k_114520003,300k_114520153,300k_114520593,63k_114520770,300k_114520933,300k_114521433,300k_114521463,300k_114521693,300k_114521833,300k_114522233,300k_114522463,300k_114522673,300k_114522903,300k_114523363
300k_20896360,300k_20896675,300k_20896700,300k_20896945,300k_20897044,300k_20897044,300k_20897044,300k_20897044,300k_20897044,63k_20897044,200k_20897686,300k_20897981,300k_20897996,300k_20898151,300k_20898326,63k_20898450,300k_20898746,200k_20899304
200k_50075006,200k_50075096,200k_50075161,200k_50075181,200k_50075331,200k_50075376,200k_50075938,200k_50075968,200k_50076288,200k_50076638,200k_50077319,200k_50077619,200k_50078409,200k_50078569,200k_50079542,200k_50079752,200k_50080122,200k_50080292,200k_50080430,200k_50080580,200k_50080600,200k_50081409,200k_50081499,200k_50082184,200k_50082394,300k_50083238,300k_50083343,200k_50083444,200k_50083594,200k_50083614,200k_50084423,200k_50084513,200k_50085152,200k_50085152,300k_50085152,300k_50085152,300k_50085242,300k_50085257,300k_50085357
200k_50087245,300k_50088088,300k_50088193,300k_50088363,300k_50088378,300k_50088478,300k_50088974,300k_50088989,300k_50089099,300k_50089169,300k_50089304,63k_50089318,300k_50089334,300k_50089349,300k_50089454,300k_50089489,300k_50089549,200k_50090313,200k_50090408,200k_50090528,200k_50090603
300k_50091999,300k_50092014,300k_50092124,200k_50092130,200k_50092130,200k_50092130,200k_50092130,300k_50092130,300k_50092130,300k_50092130,300k_50092130,300k_50092130,300k_50092130,300k_50092130,63k_50092130,200k_50092152,200k_50092192,200k_50092302,200k_50092322,200k_50092457,200k_50092472,200k_50092562
300k_50093666,300k_50093801,63k_50093815,300k_50093831,300k_50093846,300k_50093951,300k_50093986,300k_50094046,200k_50094517,200k_50094517,200k_50094517,200k_50094517,200k_50094517,200k_50094517,200k_50094517,200k_50094517,200k_50094517,200k_50094517,200k_50094517
200k_62233541,300k_62233950
300k_64338885,63k_64339419,200k_64339476,300k_64340469
300k_98435727,200k_98435916,200k_98436336,200k_98436421,200k_98436546,200k_98436746,200k_98436811,300k_98437471,300k_98437746,300k_98437786
300k_105561238,300k_105561663,300k_105561758,300k_105562300,300k_105562335,300k_105562600,300k_105562655,300k_105562750,200k_105563445,200k_105563710,200k_105563745,200k_105563910,200k_105564010,200k_105564405,200k_105564435,200k_105564665,200k_105565551,200k_105565711,200k_105565955,200k_105565975,200k_105566870,200k_105566970,200k_105567395,200k_105568125,200k_105568260,200k_105568390,200k_105568480
200k_45421533,200k_45421613,200k_45421628,200k_45421718,200k_45422148,200k_45422488,300k_45423495,300k_45423695,300k_45424207,300k_45424751,300k_45425179,300k_45425952,300k_45426975,300k_45427135,300k_45427270,300k_45427704,300k_45428454,300k_45429226,300k_45429468,300k_45429468,300k_45429468,300k_45429468
200k_63421907,200k_63421907,200k_63421907,200k_63421907,200k_63421907,200k_63421907,300k_63422601,300k_63422751,300k_63422781,300k_63422846,200k_63423029,200k_63423264,200k_63423344,200k_63423384,200k_63423514,200k_63423624
300k_64455429,200k_64456273
200k_68470930,200k_68470985,200k_68471160,200k_68471205,200k_68472305,200k_68472591,200k_68472961,200k_68473460,200k_68473480,200k_68473660,200k_68473675,200k_68473700,200k_68473790,200k_68473815,200k_68473980,200k_68474175,200k_68474362,200k_68474417,200k_68474547,200k_68474727,200k_68474907,200k_68474927,200k_68474957,200k_68475087,200k_68475132,200k_68475252,200k_68475327,200k_68475407,200k_68475442,200k_68476033,200k_68476533,200k_68476553,200k_68476733,200k_68476748,200k_68476773,200k_68476863,200k_68476888,200k_68477053,200k_68477248,200k_68477435,200k_68477490,200k_68477620,200k_68477800,200k_68477980,200k_68478000,200k_68478030,200k_68478160,200k_68478205,200k_68478325,200k_68478400,200k_68478480,200k_68478515,200k_68478670,200k_68478955,200k_68478985,200k_68479565,200k_68479775,300k_68480678,300k_68480788,300k_68481128,300k_68481218,300k_68481248,300k_68481278,300k_68481548,300k_68481878,300k_68481903,300k_68482003
300k_68488646,300k_68488696,300k_68488936,300k_68488951,300k_68489151,300k_68489256,300k_68489391,300k_68489481,300k_68489841,300k_68489856,300k_68489921,300k_68490036,300k_68490475,300k_68490490,300k_68490515,300k_68490570,300k_68490797,300k_68490837,300k_68491177,300k_68491467,300k_68491637,300k_68491707,300k_68492429,300k_68492609,300k_68492679,300k_68492849,300k_68493019,300k_68493259,300k_68493349,300k_68493579,300k_68494156,300k_68494191,300k_68494321,300k_68494486,300k_68494501,300k_68494531,300k_68494621,300k_68494686,300k_68494726,300k_68494831,300k_68494856,300k_68494891,300k_68495071,300k_68495146,300k_68495331,300k_68495361,300k_68495606,300k_68495626,300k_68496455,300k_68497207,300k_68497337,300k_68497502,300k_68497517,300k_68497547,300k_68497637,300k_68497702,300k_68497742,300k_68497847,300k_68497872,300k_68497907,300k_68498087,300k_68498162,300k_68498347,300k_68498377,300k_68498622,300k_68498642,300k_68498699,200k_68499305,200k_68499385,200k_68499810
200k_79267104,200k_79267104,200k_79267104,200k_79267104,200k_79267104,200k_79267517,200k_79267542,63k_79267608,200k_79267797,200k_79267982,200k_79268007,200k_79268795,200k_79268895,200k_79269015,200k_79269480,200k_79269940,200k_79269940,200k_79269940,200k_79269940,200k_79269940,200k_79269940,63k_79269940,63k_79270295,300k_79271056,300k_79271231,200k_79271290,200k_79271870,200k_79271895,63k_79271960,200k_79272150,200k_79272335,200k_79272360,63k_79273313,300k_79273893,300k_79273893,300k_79273999,300k_79274074,300k_79274199,300k_79274404,300k_79274694,300k_79274809,300k_79274889
200k_81179749,200k_81179879,200k_81179979,200k_81180214,200k_81180387,300k_81181051,300k_81181441,300k_81181651,300k_81182011
200k_89434576,200k_89434786,200k_89435091,200k_89435121,200k_89435531,200k_89435601,300k_89436517
200k_93209730,200k_93209805,200k_93210580,300k_93211595
200k_93338092,200k_93338549,200k_93338549,200k_93338549,200k_93338549,200k_93338549,300k_93338685,300k_93339190,300k_93339280,300k_93339305,300k_93339750,300k_93339775,200k_93340485,200k_93340920,200k_93340935,200k_93341000,200k_93341025,300k_93341704,300k_93342209,300k_93342299,300k_93342324,300k_93342769,300k_93342794
200k_99471287,200k_99471572,200k_99471627,200k_99471672,300k_99472158
63k_101789670,300k_101790713,300k_101790808,300k_101790898,63k_101791343,200k_101791967,200k_101792097,200k_101792232,200k_101792297,200k_101792317,200k_101792422,200k_101792437,200k_101792512,200k_101792957,63k_101793798
300k_14734669,300k_14734724,300k_14734794,300k_14734834,300k_14735199,300k_14735487,300k_14735487,200k_14736120,200k_14736150,200k_14736265,200k_14736330,200k_14736495,300k_14736642,300k_14737477,200k_14737846,200k_14737846,200k_14737846,200k_14737846,200k_14737846,200k_14738026,200k_14738051,200k_14738346,200k_14738696,200k_14738731,200k_14738771,200k_14738961,200k_14739923,200k_14739923,200k_14739923,200k_14739923,200k_14739923,200k_14739923,200k_14739923,200k_14739923,200k_14739923,200k_14739923,200k_14739923,200k_14739923,200k_14740204,200k_14740224,200k_14740344,200k_14740384,200k_14740424,200k_14740459,200k_14740549,200k_14740599,200k_14741367,200k_14741397,200k_14741512,200k_14741577,200k_14741742,200k_14742017,200k_14742042,200k_14742337,200k_14742687,200k_14742722,200k_14742762,200k_14742952,200k_14743388,200k_14743408,200k_14743528,200k_14743568,200k_14743608,200k_14743643,200k_14743733,200k_14743783
300k_28838928,300k_28839033,200k_28839355,200k_28839355,200k_28839355,200k_28839355,200k_28839355,200k_28839355,200k_28839355,200k_28839355,200k_28839355,200k_28839355,200k_28839355,200k_28839355,200k_28839355,200k_28839355,63k_28839355
300k_31151843,300k_31151843,300k_31151843,300k_31151843,300k_31151843,300k_31151843,300k_31152010,200k_31153109,200k_31153614,300k_31153794,300k_31153829,300k_31153884,300k_31153979,300k_31153999,300k_31154435,300k_31155031,200k_31155205,200k_31155205,200k_31155212
200k_53529285,200k_53529505,200k_53529930,200k_53530355,200k_53531285,200k_53531310,300k_53531987,200k_53532294,200k_53532514,200k_53532939,200k_53533364,200k_53533753,200k_53533753,300k_53533753,300k_53534318
200k_53536281,200k_53536306,300k_53536984,300k_53537328
300k_57732940,300k_57733772,200k_57734635,200k_57735610
200k_66949102,300k_66949745,300k_66949825,300k_66950109
200k_66952117,300k_66952760,300k_66952840,300k_66953124
200k_86564037,200k_86564087,200k_86564332,200k_86564402,200k_86564437,300k_86564880,300k_86564900,300k_86564995,300k_86565085,300k_86565105,300k_86565240,300k_86565345,300k_86565475,300k_86565495,300k_86565520,300k_86565600,200k_86565766,200k_86565766,200k_86565766,200k_86565766,200k_86565766,200k_86565766,200k_86565818,200k_86565983,200k_86566093,200k_86566158,200k_86566173,200k_86566348,200k_86566413,200k_86566438,200k_86566558,200k_86566683,200k_86566758
300k_89972110,300k_89972215,300k_89972240,300k_89972255,300k_89972365,300k_89972390,300k_89972813,200k_89973049,200k_89973179,300k_89973911,300k_89973911,300k_89973911,300k_89973911,300k_89973911,300k_89973911,300k_89973911,300k_89974545
200k_1247877,200k_1248837,300k_1248971,300k_1249026,300k_1249061,300k_1249161,300k_1249241,300k_1249387,300k_1249657,300k_1249877,300k_1250047,300k_1250347
63k_1932053,300k_1932302,300k_1932787,300k_1933192,200k_1933625,200k_1933895,200k_1933915
200k_3709867,200k_3709897,200k_3709972,200k_3709987,200k_3710167,200k_3710192,200k_3710367,200k_3710382,300k_3710501,300k_3710516,300k_3710621,300k_3710761,300k_3710796
200k_8786101,200k_8786101,200k_8786101,200k_8786101,200k_8786101,300k_8786950
200k_8788319,200k_8788454,200k_8788629,200k_8788744,200k_8788927,300k_8788927,300k_8789175
300k_17407601,300k_17407616,300k_17408424,300k_17408599,300k_17409388,300k_17409388,200k_17410252,200k_17410287
200k_19459558,200k_19460253,200k_19460378,200k_19460393,300k_19460790,300k_19460895,200k_19461405,200k_19461405,200k_19461405,200k_19461405,200k_19461599,200k_19461804,200k_19462059,200k_19462079,200k_19462114
200k_27214818,200k_27214853,200k_27214928,200k_27215028,200k_27215308,200k_27215406,200k_27215406,200k_27215406,200k_27215406,200k_27215406,200k_27215406,300k_27215664,300k_27215749,300k_27215769,300k_27215844,300k_27215859,300k_27216054,300k_27216084,300k_27216219,300k_27216234,300k_27216384,300k_27216439,300k_27216474,300k_27216729,300k_27217107
200k_27218679,300k_27219237,300k_27219322,300k_27219342,300k_27219417,300k_27219432,300k_27219627,300k_27219657,300k_27219792,300k_27219807,300k_27219957,300k_27220012,300k_27220047,300k_27220289,300k_27220289,300k_27220289,300k_27220289,300k_27220289,300k_27220289,300k_27220289,300k_27220349,300k_27220484,300k_27220509,300k_27220579,300k_27220724,300k_27220754,300k_27220949,300k_27221049,300k_27221144,300k_27221384,300k_27221494,300k_27221589,300k_27221609
300k_30631345,200k_30631972,300k_30631972,200k_30632018,200k_30632738,200k_30633193
300k_36907108,300k_36907208,300k_36907538,300k_36907578,300k_36907918,63k_36908042,200k_36909132
300k_38029620,200k_38030301,200k_38030446,200k_38030461,200k_38030531
300k_38523433,300k_38523468,200k_38523751,200k_38524305,200k_38524405,200k_38524705
200k_40621909,200k_40621944,200k_40622119,200k_40622159,200k_40622234,200k_40622444,200k_40622464,200k_40622619,200k_40622714,200k_40622744,200k_40622829,300k_40623706,200k_40623970,200k_40623970,200k_40623970,200k_40623970,200k_40623970,200k_40623970,200k_40623970,200k_40623970,200k_40623970,200k_40623970,200k_40623970,200k_40624049,200k_40624229,200k_40624299,200k_40624399,200k_40624649,200k_40624709
300k_55747351,300k_55747671,300k_55747701,300k_55748286,300k_55748597,300k_55748702,300k_55748787,63k_55748806,300k_55749017,300k_55749272,300k_55749407,300k_55749462,200k_55750329,200k_55750369,200k_55750404,200k_55750524,200k_55750574,200k_55750689,200k_55750764,200k_55750834,200k_55750864,200k_55750884
300k_57767549,300k_57767569,300k_57767689,300k_57767789,300k_57767909,300k_57767934,300k_57767994,300k_57768014,300k_57768174,300k_57768189,300k_57768209,200k_57768639,200k_57768639,200k_57768639,200k_57768639,200k_57768639,200k_57768639,200k_57768639,200k_57768639,200k_57768639,200k_57768639,200k_57768639,200k_57768639,200k_57768692,200k_57768712,200k_57768867,200k_57768897,200k_57768912
300k_72200424,300k_72200454,300k_72200474,300k_72200744,300k_72200799,300k_72200879,300k_72200964,300k_72200979,200k_72201432,200k_72201827,300k_72202063,300k_72202063,300k_72202063,300k_72202063,300k_72202063,300k_72202063,300k_72202063,300k_72202063,300k_72202063,300k_72202063,300k_72202147,300k_72202172,300k_72202237,300k_72202282,300k_72202342,300k_72202412,300k_72202517
300k_73782253,300k_73782433,300k_73782693,300k_73782723,300k_73783537,300k_73783807,300k_73784177,300k_73784372,300k_73784387,300k_73784547,300k_73784697,300k_73784717,300k_73784732,300k_73784797,300k_73784832,300k_73784847,300k_73784942,300k_73785022,300k_73785337,300k_73786048,300k_73786561,300k_73786831,300k_73787201,300k_73787396,300k_73787411,300k_73787571,300k_73787721,300k_73787741,300k_73787756,300k_73787821,300k_73787856,300k_73787871,300k_73787966,300k_73788046,300k_73788361,300k_73788829,300k_73788933,200k_73789479,200k_73789494,200k_73789509,200k_73789639,200k_73789664,200k_73789774,200k_73789814,200k_73789869,200k_73789889,200k_73790109,200k_73790199,200k_73790304,200k_73790319,200k_73790594,200k_73790634,200k_73790784,200k_73790799,200k_73790949,200k_73790974,200k_73791259
200k_74625986,200k_74626091,200k_74626331,300k_74626969,300k_74627367,300k_74627552,300k_74627712
300k_12037465,300k_12037566,300k_12037596,300k_12038111,300k_12038281,200k_12038846,200k_12038871,200k_12038981,200k_12039151,200k_12039396,200k_12039491,200k_12039671,200k_12039876,200k_12040266,300k_12040578,300k_12040608,300k_12041123,300k_12041293,200k_12041858,200k_12041883,200k_12041993,200k_12042163,200k_12042408,200k_12042503,200k_12042683,200k_12042888,200k_12043278,200k_12043507,200k_12043862,200k_12044057
200k_56038621,200k_56038751,300k_56039092
63k_56190068,63k_56190275,63k_56190675,200k_56191104,200k_56191124,200k_56191184,200k_56191259,200k_56191344,63k_56192022,63k_56192225,63k_56192586,300k_56193134
200k_60497594,300k_60498584,300k_60498924,300k_60499459,300k_60500049,300k_60500154,300k_60500269
200k_77694143,300k_77694958,300k_77695718
300k_542517,300k_542572,300k_542652,300k_542687,200k_543273,200k_543273,200k_543273,200k_543273,200k_543320,200k_543390,200k_544020
200k_1238853,300k_1239886,63k_1239886,300k_1239943,300k_1240003
200k_1378840,200k_1378920,300k_1379606
300k_4725567,300k_4725632,300k_4725742,300k_4726028,200k_4726483,200k_4726483,200k_4726483,300k_4726483,300k_4726483,200k_4726862,200k_4727317,200k_4727407,200k_4727672,300k_4728140,300k_4728240,200k_4728789,200k_4728829,200k_4728889,200k_4729879,200k_4730014,200k_4730014,200k_4730014,200k_4730156,200k_4731056
63k_7748479,200k_7749374,200k_7749380,200k_7749380,200k_7749380,200k_7749380,200k_7749380,300k_7749380,300k_7749380,300k_7749380,300k_7749380,300k_7749380,300k_7749380,300k_7749380,300k_7749380,300k_7749380,300k_7749446,300k_7749626,300k_7749731,300k_7749836,300k_7750131,300k_7750196,300k_7750361,300k_7750461,200k_7751354,200k_7751429,200k_7751449,200k_7751589,200k_7751639,300k_7752001,300k_7752021,300k_7752051,300k_7752086,300k_7752171,300k_7752266,300k_7752281,300k_7752371,300k_7752391,300k_7752466,300k_7752646,300k_7752751,300k_7752856,300k_7752970,300k_7752970,300k_7752970,300k_7752970,300k_7753783,63k_7754142,300k_7754388,300k_7754453,300k_7754533,300k_7754623,300k_7754898,300k_7754963,300k_7755128,300k_7755228
300k_10930593,300k_10930777,63k_10930877,300k_10930982,300k_10931177,300k_10931267,200k_10932040,200k_10932040,200k_10932040,200k_10932040,200k_10932040,200k_10932040,200k_10932040,200k_10932040,200k_10932040,200k_10932040,200k_10932040
63k_16282529,300k_16282759,200k_16283759,200k_16283759,200k_16283939
300k_34720521,300k_34720546,300k_34720746,300k_34720761,200k_34721682,200k_34721682,63k_34721952,200k_34722359
300k_34786674,300k_34786889,300k_34787014,200k_34787693
200k_39119774,200k_39119774,200k_39119774,200k_39119774,200k_39119774,200k_39119774,200k_39119807,300k_39120068,300k_39120248,300k_39120263,300k_39120383,300k_39120458,300k_39121144,300k_39121234,200k_39122206,200k_39122331,200k_39122446,200k_39122536,200k_39122666,200k_39122737,200k_39122737,300k_39122737,300k_39122737,300k_39122737,300k_39122737,300k_39122737,300k_39122737,300k_39122737,300k_39122772,300k_39122812,300k_39122947,300k_39123012,300k_39123207,300k_39123879,300k_39123979,300k_39123994,300k_39124009,300k_39124024,300k_39124059,200k_39124195,300k_39124456,300k_39124636,300k_39124651,300k_39124771,300k_39124846,300k_39124968,300k_39124968,300k_39124968,300k_39124968,300k_39124968,300k_39124968,300k_39124968,300k_39124968,300k_39124968,300k_39124968,300k_39124968,300k_39124968,300k_39124968,300k_39125026,300k_39125046
300k_40961650,300k_40961665,300k_40961850,200k_40962674,200k_40962694,200k_40962709,200k_40962764,200k_40962784,200k_40963059,200k_40963074,200k_40963124,200k_40963279,200k_40963394,200k_40963464,200k_40963494,200k_40963649
300k_41689283,300k_41689343,300k_41689393,300k_41689438,300k_41689548,300k_41689563,300k_41689673,300k_41689773,300k_41689873,300k_41689933,300k_41689948,300k_41690373,300k_41690614,300k_41690614,300k_41690614,300k_41690690,300k_41690810,300k_41690965,300k_41691615,300k_41691755,300k_41692034,300k_41692389,300k_41692822,300k_41692822,300k_41692822,300k_41692822,300k_41692822,300k_41692822,300k_41692837,63k_41693108,300k_41693297,300k_41694338,300k_41694548,300k_41694668,300k_41694823,300k_41695473,300k_41695613,300k_41695853,300k_41696063,63k_41696063,200k_41697109,200k_41697144,200k_41698119,200k_41698244,200k_41698314,200k_41698409,63k_41698514,300k_41698702,200k_41699249,200k_41699249,200k_41699249,200k_41699249,200k_41699249,200k_41699249,63k_41699396,63k_41699626
200k_45921322,200k_45921502,200k_45921537,200k_45921567,200k_45921967,300k_45922754,300k_45923171
200k_46291813,200k_46291848,300k_46292927,300k_46293102,300k_46293177,300k_46293327,300k_46293472,200k_46293555,200k_46293555,300k_46293555,200k_46293708
200k_48811413,300k_48812023
63k_50720796,63k_50721034,300k_50721507,200k_50721571,200k_50721571,200k_50721571,200k_50722360
200k_51864303,300k_51864987,300k_51865022,300k_51865217,300k_51865267,300k_51865387,300k_51865522,300k_51865872,300k_51865947,300k_51866002,300k_51866022,300k_51866092,300k_51866456,300k_51866471,300k_51866486
300k_55773951,300k_55774331,300k_55774496,200k_55775370,200k_55775390,200k_55775540,200k_55775555,200k_55775575,200k_55775690,200k_55775705,200k_55775810,200k_55775825,200k_55775930,200k_55776085,200k_55776345
200k_56160960,200k_56160980,200k_56160995,200k_56161070,200k_56161195,200k_56161400,200k_56161575,300k_56162288,300k_56162323,300k_56162403,300k_56162563,300k_56162583,300k_56162598
300k_10268222,300k_10268387,200k_10268990,200k_10268990,200k_10268990,200k_10269432,200k_10269557,200k_10269597,200k_10269722,200k_10270664,200k_10270804,200k_10270824
200k_10703966,200k_10704046,200k_10704186,200k_10704246,200k_10704606,200k_10704646,200k_10704796,200k_10705176,200k_10705506,200k_10705916,200k_10706197,200k_10706267,200k_10706292,200k_10706442,200k_10706517,200k_10706532,200k_10706642,200k_10706722,200k_10706757,200k_10706827,200k_10706867,200k_10707017,200k_10707047,200k_10707062,200k_10707162,200k_10707177,200k_10707217,200k_10707307,200k_10707467,200k_10707572,200k_10707712,200k_10707787,200k_10707937,200k_10707972,200k_10708137,200k_10708157,200k_10708327,200k_10708472,200k_10709213,200k_10709283,200k_10709308,200k_10709458,200k_10709533,200k_10709548,200k_10709658,200k_10709738,200k_10709773,200k_10709843,200k_10709883,200k_10710033,200k_10710063,200k_10710078,200k_10710178,200k_10710193,200k_10710233,200k_10710323,200k_10710483,200k_10710588,200k_10710728,200k_10710803,200k_10710953,200k_10710988,200k_10711153,200k_10711173,200k_10711208,200k_10711208,300k_10711336,300k_10711411,300k_10711586,300k_10711616,300k_10711741,300k_10711756,300k_10712126,300k_10712251,300k_10712591,300k_10712701,300k_10712876,300k_10713036,300k_10713071,300k_10713196,200k_10713394,200k_10713539,300k_10714368,300k_10714443,300k_10714618,300k_10714648,300k_10714773,300k_10714788,300k_10714947,300k_10714947,300k_10714947,300k_10714947,300k_10714947,300k_10714947,300k_10714947,300k_10714947,300k_10714964,300k_10714984
200k_15693892,300k_15694621
200k_30365541,63k_30365996,300k_30366540,300k_30366585,300k_30366600
200k_32158064,200k_32158224,200k_32158471,200k_32158471,300k_32158471,300k_32158471
200k_32159761,300k_32160577,300k_32160862
200k_54310196,200k_54310236,200k_54310426,300k_54310990,300k_54311115,300k_54311135,300k_54311230,300k_54311340,300k_54311460,300k_54311495,300k_54311610,300k_54311715
200k_55816193,300k_55817213
300k_61164846,300k_61164881,300k_61164931,300k_61164951,300k_61165116,300k_61165136,300k_61165156,300k_61165226,300k_61165341,300k_61165406,300k_61165541,300k_61165556,300k_61165581,300k_61165671,300k_61165716,300k_61165801,200k_61166642,200k_61166642,200k_61166642,200k_61166642,200k_61166642,200k_61166642,200k_61166642,200k_61166642,200k_61167587,200k_61167607,200k_61167697,200k_61167787,200k_61167892,200k_61167922,200k_61168002,200k_61168422
200k_73303601,200k_73303601,200k_73303601,200k_73303601,200k_73303601,200k_73303707,200k_73303792,200k_73303977,300k_73304891,300k_73305101,300k_73305121,200k_73306043,200k_73306238,200k_73306244,200k_73306244,200k_73306244,200k_73306244,200k_73306244,200k_73306244,300k_73306244,300k_73306244,300k_73306244,300k_73306524,300k_73307019,200k_73307230,200k_73307380,200k_73307395,200k_73307630,200k_73307715,200k_73307900,300k_73308814,300k_73308890,300k_73308890,300k_73308890,300k_73308890,300k_73308953,300k_73309163,300k_73309807,300k_73309922,300k_73310307,300k_73310322,300k_73310512,300k_73310749,300k_73310769,300k_73311288,300k_73311686,300k_73311686,300k_73311686,300k_73311686,300k_73311686,300k_73311686,300k_73311686,300k_73311686,300k_73311697,300k_73312192,300k_73312327
200k_86410212,300k_86411080,300k_86411800,300k_86412030
300k_110048660,300k_110048790,200k_110049856,200k_110049886,200k_110049901,200k_110050576,300k_110050996,300k_110050996,300k_110051964,300k_110052104
200k_113379265,63k_113379265,300k_113380304
200k_113381486,63k_113382128,300k_113383189,300k_113383193,300k_113383443,63k_113383786,300k_113384578,300k_113385363,300k_113385674,300k_113386284,300k_113386534,63k_113386876,300k_113387669,300k_113387764,63k_113387880,300k_113387888,300k_113388428,300k_113388878,63k_113389500
200k_113537523,200k_113537663,200k_113537848,200k_113538365,200k_113538571,200k_113538571,200k_113538571,200k_113538571,200k_113538571,200k_113538571,300k_113538930,300k_113539317,300k_113539728
300k_120009966,300k_120010466,300k_120010646,300k_120010661,300k_120011305,300k_120011440,300k_120011470,300k_120011485,300k_120011500,300k_120011645,300k_120011810,300k_120012060,300k_120012205,300k_120012330,200k_120012885,200k_120013020,200k_120013035
200k_122222110,200k_122222110,200k_122222110,200k_122222110,200k_122222110,200k_122222110,200k_122222110,200k_122222110,200k_122222110,200k_122222335,200k_122222540,200k_122223381,200k_122223521,200k_122223661,200k_122223821,200k_122224016,200k_122224066,200k_122224656,200k_122224656,200k_122224656,200k_122224656,200k_122224656,200k_122224656,63k_122224904,300k_122225909,300k_122225929,200k_122226176,200k_122226256,200k_122226516,200k_122226896,200k_122227101,200k_122227601,63k_122227925,300k_122228116,300k_122228116
300k_157328414,300k_157329344,300k_157329865,63k_157330066,200k_157330218,200k_157330483,200k_157330598,200k_157331208
200k_162087632,200k_162087662,200k_162087737,200k_162087762,200k_162087887,200k_162087927,200k_162088182,200k_162088207,200k_162088392,200k_162088422,200k_162088532,200k_162088547,200k_162088562,300k_162088938,300k_162089018,300k_162089143,300k_162089163
300k_208051640,300k_208051755,300k_208051770,300k_208051875,300k_208051925,300k_208052005,300k_208052075,200k_208052542
200k_211291914,200k_211292074,200k_211292224,300k_211293120,300k_211293290,300k_211293410,300k_211293750,300k_211294089,300k_211294369,300k_211294464,300k_211294534,300k_211294649
200k_216250059,200k_216250219,200k_216250309,200k_216250429,200k_216250812,200k_216250892,300k_216251343,300k_216251994,300k_216252304,300k_216252384,300k_216252434,300k_216252579,300k_216252739,300k_216253029,300k_216253314,200k_216253827,200k_216253907,300k_216254357,300k_216255009,300k_216255319,300k_216255399,300k_216255449,300k_216255594,300k_216255754,300k_216255794,300k_216255794
200k_217382367,200k_217382637,200k_217382742,200k_217382817,200k_217383002,200k_217383032,200k_217383097,200k_217383212,300k_217383950
200k_217385234,300k_217385835,300k_217385855,300k_217386725
200k_220364900,300k_220365066
300k_231660110,300k_231660550,300k_231660755,200k_231661737,200k_231661757
300k_231663131,300k_231663571,300k_231663776,200k_231664513,200k_231664513,200k_231665374,200k_231665509,200k_231665779,200k_231666519,200k_231666801,200k_231666821
200k_238671945,200k_238671990,200k_238672045,200k_238672175,300k_238672535,300k_238672690,300k_238672710,300k_238672825,300k_238673050,300k_238673065,300k_238673160,300k_238673235,300k_238673285
200k_241824227,200k_241824627,200k_241825027,200k_241825112,300k_241826146,300k_241826166,300k_241826181,300k_241826266,300k_241826456
200k_1675928,300k_1676061,300k_1676106
300k_1677586,200k_1678067,200k_1678094,200k_1678434,200k_1678919,200k_1679104,200k_1679499,200k_1679759,200k_1679914
200k_5869231,63k_5869522,300k_5870522
200k_17929014,200k_17929039,200k_17929184,200k_17929269,200k_17929324,200k_17929399,200k_17929484,200k_17929524,200k_17929579,200k_17929604,200k_17929619,200k_17929719,200k_17929858,200k_17929858,200k_17929858,200k_17929858,200k_17929858,300k_17930215,300k_17930245,300k_17930420,300k_17930520,200k_17931396,200k_17931516,200k_17931621,200k_17931686,200k_17931706
300k_22564376,300k_22564639,63k_22565703,200k_22566312,200k_22566387,300k_22566928,300k_22567657,63k_22568721,200k_22569168,200k_22569168
300k_30360651,300k_30360946,200k_30361960,200k_30362060
200k_32260289,200k_32260289,200k_32260289,200k_32260289,200k_32260289,200k_32260289,200k_32260289,200k_32260289,200k_32260289,300k_32260698,200k_32261760,200k_32261775,200k_32261870,200k_32261960,200k_32261985,200k_32262605,200k_32262690,200k_32262920,200k_32263200,300k_32263590,300k_32264126,200k_32264483,200k_32264518,200k_32264598,200k_32264678,200k_32264818,200k_32265510,200k_32265605,300k_32265797,200k_32266825,200k_32266825,200k_32266825,200k_32266825,200k_32266825,200k_32266825,200k_32266825,300k_32266825,200k_32266840,200k_32266855,200k_32266965,200k_32267040,200k_32267315,200k_32267415,200k_32267600,200k_32267805,300k_32268341,200k_32268698,200k_32268733,200k_32268813,200k_32268893,200k_32269033,200k_32269725,200k_32269820,200k_32269890,200k_32269905,200k_32270015,200k_32270090,200k_32270365,200k_32270465,200k_32270650,200k_32270855,200k_32271162,200k_32271862,200k_32271992,200k_32272052,200k_32272582,200k_32272832,200k_32272992,200k_32273222,200k_32273412,200k_32273502
300k_33932117,300k_33932162,300k_33932827,300k_33933117,200k_33933332,200k_33933447,200k_33933907,200k_33934202
200k_39733753,200k_39733783,200k_39734383,200k_39734473,200k_39735173,200k_39735423,200k_39736033,200k_39736333,200k_39736543,200k_39736793,200k_39737173,200k_39737573,200k_39738323,200k_39738393,200k_39738693,200k_39738883,200k_39738923,200k_39739193,200k_39739223,200k_39739593,200k_39739745,200k_39739860,200k_39740050,200k_39740145,200k_39740295,200k_39740340,200k_39740510,200k_39741536,300k_39742033,300k_39742108,300k_39742188,200k_39742760,200k_39742875,200k_39743065,200k_39743160,200k_39743310,200k_39743355,200k_39743525,200k_39744551,300k_39745047,300k_39745122,300k_39745202,300k_39746141,300k_39746491,300k_39747255,300k_39747465,300k_39747525,300k_39747555,300k_39747965,300k_39748035,300k_39748265,300k_39748375,300k_39748415,300k_39748445,300k_39748675,300k_39748845,300k_39749015,300k_39749075,300k_39749155,300k_39749215,300k_39749415,300k_39749675,300k_39749725,300k_39749835,300k_39749865,300k_39750045,300k_39750085,300k_39750827,300k_39750912,300k_39751032
300k_39959001,63k_39959700,200k_39960048
300k_49203369,300k_49203399,200k_49203426,200k_49203426,300k_49203426,300k_49203426,200k_49203470,200k_49203490,200k_49203650,200k_49204185,200k_49204510,300k_49204762,200k_49205683,200k_49205683,200k_49205683,200k_49205683,200k_49205683,200k_49205683,200k_49205683,200k_49205834,200k_49205854,200k_49206079
300k_50237493,200k_50238264,200k_50238339,200k_50238414,200k_50238659,200k_50238724,200k_50238854,200k_50238999,200k_50239414,300k_50239631
200k_55945176,200k_55945356,200k_55945722,200k_55945737,200k_55945795,200k_55945795,200k_55945795,200k_55945795,200k_55945795,200k_55945795,200k_55945795,200k_55945795,200k_55945795,300k_55946853,200k_55947687,200k_55947722,200k_55947797,200k_55947887,200k_55948087,300k_55949048,300k_55949048,300k_55949048,300k_55949048,300k_55949048,300k_55949130,300k_55949155,300k_55949350,300k_55949375,300k_55949540,300k_55949615,300k_55949635,300k_55949655,300k_55949905,300k_55950035,300k_55950170,300k_55950205
300k_57148886,300k_57149236,300k_57149301,300k_57149421,200k_57150203,200k_57150393,200k_57150658,200k_57151216,200k_57151936
300k_57485397,300k_57485492,300k_57485587,300k_57485722,300k_57485737,300k_57485827,300k_57485892,300k_57485912,300k_57485957,300k_57485977,300k_57486052,300k_57486067,200k_57486885,200k_57486885,200k_57487033,200k_57487128
200k_60854029,200k_60854074,200k_60854194,200k_60854274,200k_60854379,200k_60854629,200k_60854739,200k_60854784,200k_60855034,200k_60855084,200k_60855099,200k_60855234,200k_60855268,200k_60855268,200k_60855268,200k_60855268,300k_60855573,300k_60855773,300k_60856153,300k_60856203
300k_27102742,300k_27102912,200k_27103323,200k_27103408
200k_27456682,200k_27456862,200k_27457082,200k_27457607,200k_27457607,200k_27457993,200k_27458513,200k_27458968,200k_27459441,200k_27459461,200k_27460384,200k_27460384,200k_27460384,300k_27460588
200k_27464451,300k_27464922,300k_27465425
200k_30000311,300k_30000946
300k_30743871,300k_30744186,300k_30744346,300k_30744401,300k_30744614,300k_30744724,200k_30745271,200k_30745536
300k_42344659,300k_42344679,300k_42345248,300k_42345358,300k_42345413,300k_42345548,300k_42345628,63k_42346422,63k_42346634,200k_42347356,200k_42348006,200k_42348161,200k_42348176,200k_42348261,200k_42348601,200k_42348756,200k_42348901,200k_42348936,63k_42349152
300k_43019471,300k_43019661,300k_43019851,300k_43020176,300k_43020381,300k_43020646,300k_43020851,300k_43021206,300k_43021206,200k_43022189,200k_43022409,200k_43022689,200k_43022849,300k_43022990,300k_43023105,200k_43024111,200k_43024111,200k_43024111,200k_43024111,200k_43024221,200k_43024256,200k_43024326
63k_45019250,300k_45019675,63k_45019920,200k_45020458,200k_45020568
300k_45125447,300k_45125592,300k_45125857,300k_45126102,300k_45126149,300k_45126149,300k_45126149,300k_45126149,300k_45126149,300k_45126149,300k_45126149,300k_45126149,300k_45126149,200k_45126493,200k_45126613,200k_45126978,300k_45127449,300k_45127464,300k_45127569,300k_45127734,300k_45127896,300k_45128076,300k_45128131,300k_45128276,300k_45128376
200k_10021830,300k_10022674,300k_10022945,200k_10024021,200k_10024021,200k_10024021
300k_32908948,300k_32908948,300k_32908973,300k_32909483,63k_32909975,300k_32910673,300k_32911701,300k_32911791,300k_32912001,300k_32912511,300k_32912837,63k_32912837,300k_32912962,200k_32913687,200k_32913982,200k_32914122,63k_32914857,300k_32915555,200k_32915881,200k_32915881,200k_32915881,200k_32915881,300k_32915881,200k_32916072,200k_32916192,200k_32916277,200k_32916657,200k_32916962,300k_32917170,200k_32917896,200k_32918191,200k_32918331,200k_32918529,200k_32918529,200k_32918529,200k_32918529,200k_32918529,200k_32918529,200k_32919610,200k_32919815,200k_32920616,200k_32920811,200k_32920931,200k_32921016,200k_32921396,200k_32921701
300k_45567246,200k_45567906
200k_48987018,200k_48987098,200k_48987118,200k_48987248,200k_48987443,200k_48987668,300k_48988080,300k_48988135,300k_48988263,63k_48988577,300k_48989023,300k_48989203,300k_48989228,300k_48989353
300k_53882569,300k_53882594,200k_53883350,200k_53883519
300k_129232875,200k_129233878
300k_129235887,200k_129236244,200k_129236416,200k_129236441,200k_129236521,200k_129236706
200k_143061138,200k_143061528,200k_143061608,300k_143062565,300k_143062845
300k_148903511,300k_148903596,200k_148904321,200k_148904341,200k_148904481,200k_148904551,200k_148904686,200k_148904781,200k_148904861,200k_148904876
300k_149811756,300k_149811836,200k_149812147
200k_151014236,200k_151014406,200k_151014686,200k_151015036,200k_151015436,200k_151015736,200k_151016010,200k_151016060,200k_151016145,63k_151016224,200k_151016310,200k_151016395,200k_151016605,200k_151016765,300k_151017384,300k_151017814,300k_151018004,200k_151019026,200k_151019076,200k_151019161,63k_151019241,200k_151019326,200k_151019411,200k_151019621,200k_151019781,300k_151020306,300k_151020306,300k_151020306,300k_151021045
200k_190331012,200k_190331402,300k_190332267,300k_190332512,63k_190332870,300k_190332917,300k_190333372,63k_190333428
200k_190335150,300k_190336015,300k_190336260,63k_190336618,300k_190336665,300k_190337120,63k_190337176
300k_196736095,300k_196736616,300k_196736781,300k_196736801,300k_196736916,300k_196737046,200k_196737919,200k_196737919,200k_196737933,200k_196738038,200k_196738253,200k_196738268,200k_196738508,200k_196738753,200k_196738888,200k_196738968,200k_196738988,200k_196739103,200k_196739248,200k_196739343
200k_39643027,300k_39643027,63k_39643027,200k_39643931,200k_39644031,300k_39644992,200k_39645789
200k_70617606,200k_70617736,200k_70617821,200k_70617896,63k_70618781,300k_70619111,300k_70619291
200k_83817579,200k_83817604,200k_83817684,200k_83817699,200k_83817799,200k_83817854,200k_83817869,200k_83817934,200k_83818094,200k_83818157,200k_83818417,200k_83818557,200k_83818607,200k_83818737,200k_83818797,300k_83819334,300k_83819434,300k_83819644,300k_83819694,300k_83819934,300k_83820321
200k_110616123,200k_110616180,200k_110616180,200k_110616180,200k_110616180,200k_110616180,200k_110616180,200k_110616180,200k_110616180,200k_110616180,200k_110616180,200k_110616180,200k_110616180,300k_110617069,300k_110617104,300k_110617189,300k_110617239
300k_169834201,300k_169834201,300k_169834201,300k_169834201,300k_169834201,300k_169834201,300k_169834201,300k_169834201,300k_169834201,300k_169834340,300k_169834370,300k_169834806,300k_169834996,300k_169835086,300k_169835166,300k_169835196,300k_169835266,300k_169836163,300k_169836253,300k_169836388,300k_169836433,300k_169836503,300k_169837012,300k_169837012,300k_169837012,300k_169837012,300k_169837012,300k_169837012,300k_169837012,300k_169837012,300k_169837012,300k_169837012,300k_169837012,300k_169837012,300k_169837012,300k_169837062,300k_169837147,300k_169837272,300k_169837377,63k_169837523,300k_169837532,300k_169837622,300k_169837687,300k_169837717,300k_169837807,300k_169837977,300k_169838257,300k_169838377,300k_169838521,300k_169838616,300k_169838756,300k_169838771,300k_169838951,300k_169838981,300k_169839417,300k_169839607,300k_169839697,300k_169839777,300k_169839807,300k_169839868,300k_169839868,300k_169839868,300k_169839868,300k_169839868,300k_169839868,300k_169839868,300k_169839868,300k_169839868,300k_169839868,300k_169839868,300k_169839868,300k_169839868,300k_169839868,63k_169839868,300k_169839968,300k_169839983,300k_169840033,200k_169840646,200k_169840766,200k_169840946,200k_169841161,300k_169841277,300k_169841447,300k_169841532,300k_169841657,300k_169841762,63k_169841907,300k_169841917,300k_169842007,300k_169842072,300k_169842102,300k_169842192,200k_169842277,200k_169842277,200k_169842277,200k_169842277,300k_169842277,300k_169842277,300k_169842277,300k_169842277,300k_169842277,300k_169842277,200k_169842319,200k_169842414,200k_169842499,200k_169842589,200k_169842719
300k_169843895,300k_169844015,300k_169844240,300k_169844255,300k_169844305,200k_169844917,200k_169845037,200k_169845217,200k_169845432,200k_169845562,200k_169845657,200k_169845742,200k_169845832,200k_169845962
200k_52342514,300k_52342952,300k_52343047
300k_121399644,300k_121399724,200k_121400142,200k_121400272,200k_121400547,200k_121400582,200k_121400612,200k_121400712
300k_130773289,300k_130773684,300k_130774341,300k_130774468,200k_130774509
200k_171337661,200k_171337771,300k_171337931,300k_171338126,300k_171338336,300k_171338461,300k_171338621,300k_171338951,300k_171339131,300k_171339750
200k_174950003,200k_174950033,200k_174950143,200k_174950248,200k_174950283,200k_174950298,200k_174950328,200k_174950408,200k_174950438,200k_174950468,200k_174950523,200k_174950623,300k_174951700,300k_174951883
300k_177555405,300k_177555569,300k_177555569,300k_177555569,300k_177555569,300k_177555569,300k_177555569,200k_177556126,300k_177556751,300k_177557201,300k_177557231,300k_177557991,300k_177558181,200k_177559151,200k_177559927,200k_177560097
63k_16183796,200k_16184365,300k_16185356
200k_26108296,200k_26108886,200k_26109171,200k_26110016,200k_26110340,200k_26110360,200k_26110380,200k_26110470,200k_26110670,200k_26110845,200k_26110925,200k_26111075,200k_26111330,200k_26111590,200k_26111605,200k_26111630,200k_26111875,200k_26112974,200k_26113341,200k_26113341,200k_26113341,200k_26113341,200k_26113341,200k_26113341,200k_26113341,200k_26113341,200k_26113341,200k_26113341,200k_26113341,200k_26113341,200k_26113341,200k_26113341,300k_26113789,300k_26114114,300k_26114194,300k_26114209,300k_26114319,300k_26114454,300k_26114549
200k_26244895,300k_26245957,300k_26246112,300k_26246382,300k_26246557
200k_28302612,300k_28303057,300k_28303222,300k_28303327,300k_28303537,300k_28303612,300k_28303697,63k_28303871,300k_28303877,300k_28303947,300k_28304017,300k_28304032,300k_28304915,300k_28304990,300k_28305299,300k_28305334,300k_28305469,300k_28306109
300k_29643628,200k_29643703,200k_29643738,200k_29644298,200k_29644313,200k_29644773,200k_29644848
63k_32800084,300k_32800279,200k_32801376,200k_32801441,200k_32801461,200k_32801481,200k_32801516,200k_32801551,200k_32801656,200k_32801691,200k_32801706,200k_32801806,200k_32801841,200k_32801856,300k_32802547,63k_32802547
200k_33235096,200k_33235247,200k_33235247,200k_33235247,300k_33235829,300k_33235849,300k_33235959,300k_33235984,300k_33236039,300k_33236054,300k_33236094,200k_33236623,200k_33236653,200k_33236748
300k_33248113,300k_33248113,200k_33248168,200k_33248208,200k_33248223,200k_33248293,200k_33248313,200k_33248358,200k_33248403,200k_33248603,200k_33248628,200k_33248768,200k_33248848,200k_33248908,200k_33248928,200k_33248958,200k_33248978,200k_33249033,200k_33249168,200k_33249188,200k_33249278,200k_33249368,200k_33249453,200k_33249533,200k_33249628,200k_33250000,200k_33250015,200k_33250030,200k_33250085
200k_34573118,300k_34573555
300k_35472188,300k_35472188,200k_35472876,200k_35473271,200k_35473336
200k_86348094,200k_86348884,200k_86349764,300k_86350401,300k_86350741
300k_88366801,300k_88366876,200k_88366998,200k_88367483,200k_88367573,200k_88367853,200k_88368013,200k_88368028,200k_88368103,200k_88368178,300k_88368662,300k_88368662,300k_88369394,300k_88369409,300k_88369519,300k_88369654,300k_88369774,300k_88369859,300k_88369949,300k_88370242
200k_129954291,200k_129955170,200k_129955170,300k_129955310,300k_129955615,200k_129956674,200k_129957169
200k_137475352,300k_137475352
200k_137477622,300k_137478170
200k_138794125,200k_138794222,300k_138794582,300k_138794597
200k_154538447,200k_154538473,300k_154538585
200k_155632243,200k_155632448,200k_155632638,200k_155633193,300k_155633933,300k_155634093,63k_155634655,300k_155635013
200k_158820589,300k_158820817,300k_158820892,300k_158821855
300k_160161419,300k_160161419,300k_160161419,300k_160161419,300k_160161419,300k_160161419,300k_160161419,300k_160161419,300k_160161419,300k_160161419,300k_160161419,300k_160161419,300k_160161419,300k_160161419,300k_160161419,300k_160161419,300k_160161419,200k_160162265,200k_160162440,300k_160162882,300k_160162897,300k_160163032,300k_160163047,300k_160163142,300k_160163182,300k_160163332,300k_160163372,300k_160163507,300k_160163527,300k_160163597,300k_160163612,300k_160163677,300k_160163692,300k_160163862,300k_160163982,300k_160163997
300k_167379863,300k_167379893,300k_167380033,300k_167380078,300k_167380158,300k_167380588,300k_167380608,300k_167380888,300k_167380913,300k_167381013,300k_167381123,300k_167381158,300k_167381278,300k_167381293,300k_167381308,300k_167381463,300k_167381538,300k_167381793,300k_167381828,300k_167381843,300k_167382325,300k_167382325,300k_167382325,300k_167382515,300k_167382890,300k_167383730,200k_167384389,200k_167384539,200k_167384709,200k_167384724,200k_167384834,200k_167384899
200k_2719769,200k_2719869,200k_2719954,200k_2720044,200k_2720124,200k_2720184,200k_2720264,200k_2720414,200k_2720539,200k_2720704,300k_2721330,300k_2721878
300k_19157359,300k_19157564,63k_19157637,300k_19157749,300k_19158039,300k_19158129,200k_19158818
300k_19160374,300k_19160579,63k_19160652,300k_19160764,300k_19161054,300k_19161144,200k_19161361,200k_19162029,200k_19163040
300k_22906232,300k_22907257,300k_22907257,300k_22907257,300k_22907257,300k_22907257,200k_22907670,200k_22908000,200k_22908155,300k_22908531,300k_22908606,300k_22908686,300k_22908721,300k_22908981
300k_28225372,200k_28226050,200k_28226794
300k_30485777,300k_30485792,300k_30486369,200k_30487051,200k_30487101,200k_30487211,200k_30487311,200k_30487366,200k_30487501,200k_30487586,200k_30487666
63k_73985768,300k_73986326,200k_73986743,200k_73987163,200k_73987458
200k_74015689,200k_74015814,200k_74015959,200k_74016039,200k_74016054,200k_74016219,200k_74016334,200k_74016424,200k_74016499,200k_74016529,200k_74016704,300k_74017543,300k_74017843,63k_74017923,300k_74017998,300k_74018023
300k_99156753,300k_99156783,300k_99156828,300k_99156863,300k_99157458,300k_99157688,300k_99157708,300k_99157928,300k_99158003,300k_99158466,300k_99158481,300k_99158496,300k_99158601,300k_99158636,300k_99158681,300k_99158701,300k_99159269,300k_99159339,300k_99159615,300k_99159705,300k_99159725,200k_99160350,200k_99160380,200k_99160450,200k_99160470,200k_99160540,200k_99160555,200k_99160570,200k_99160625,200k_99160675,200k_99160795,200k_99160860,200k_99160875,200k_99160985,200k_99161100,200k_99161135,300k_99161490,300k_99161505,300k_99161520,300k_99161625,300k_99161660,300k_99161705,300k_99161725,200k_99162278,200k_99162278,200k_99162278,200k_99162278,200k_99162278,200k_99162278,200k_99162278,200k_99162278,200k_99162278,200k_99162278,200k_99162278,200k_99162278,200k_99162278,200k_99162278,200k_99162278,300k_99162278,300k_99162278,300k_99162278,300k_99162278,300k_99162278,200k_99162292,200k_99162357,200k_99162377,200k_99162472,300k_99163420,300k_99163696,300k_99163786,300k_99163806,200k_99164431,200k_99164461,200k_99164531,200k_99164551,200k_99164621,200k_99164636,200k_99164651,200k_99164706,200k_99164756,200k_99164876,200k_99164941,200k_99164956,200k_99165066,200k_99165181,200k_99165216,200k_99165341,200k_99165406,200k_99165426,200k_99165498
300k_101745096,300k_101745672,300k_101745672,200k_101745705,300k_101746750,300k_101747350,200k_101747366
300k_106518658,300k_106518908,300k_106518973,300k_106519058,200k_106519515,200k_106519700
200k_127500985,200k_127500985,300k_127501722,300k_127501902,200k_127502486,200k_127503046,300k_127503554,300k_127503554,300k_127503620,300k_127503770,300k_127504625
300k_130067786,200k_130068333,200k_130068553,300k_130069386
200k_133157825,200k_133157915,200k_133158400,200k_133158620,200k_133159138,200k_133159138,300k_133160043
200k_133161588,200k_133161907,300k_133161907,200k_133162816
200k_134340232,200k_134340445,200k_134340445,300k_134341303
200k_135333762,200k_135333887,200k_135334137,200k_135334172,200k_135334187,200k_135334312,200k_135334397,200k_135334502,200k_135334532,200k_135334547,200k_135334582,300k_135334821,300k_135335131,300k_135335151,300k_135335206,300k_135335591
300k_140286225,200k_140287241,300k_140287912
300k_149428393,300k_149428408,300k_149428423,300k_149429100,300k_149429125,300k_149429195,300k_149429255,300k_149429255,300k_149429255,300k_149429255,200k_149430158,200k_149430288,200k_149430343,200k_149430583,200k_149430598,200k_149430893,200k_149430913,200k_149430998,200k_149431128,200k_149431258
300k_150761628,300k_150761723,200k_150762413,200k_150762413,200k_150762413,200k_150762584,200k_150762694,200k_150762804,200k_150763713,200k_150763793,200k_150763818,200k_150763833,200k_150763848,200k_150763903,200k_150763928,200k_150763948,200k_150764063,200k_150764133,200k_150764163,200k_150764233,200k_150764248,200k_150764438,200k_150765203,200k_150765333,200k_150765398,200k_150765613,200k_150765723,200k_150765833,200k_150766742,200k_150766822,200k_150766847,200k_150766862,200k_150766877,200k_150766932,200k_150766957,200k_150766977,200k_150767092,200k_150767162,200k_150767192,200k_150767262,200k_150767277,200k_150767467
200k_156547258,200k_156547433,300k_156547804
200k_37988406,200k_37988691,200k_37988786,300k_37989123,63k_37989481,300k_37989483,300k_37989618,300k_37989678,300k_37989743
200k_37991420,200k_37991705,200k_37991800,300k_37992137,63k_37992495,300k_37992497,300k_37992632,300k_37992692,300k_37992757,300k_37992873,300k_37993483,300k_37993783,300k_37993843,300k_37994063,300k_37994113,300k_37994363,300k_37994424,300k_37994449,300k_37994544,300k_37994564,300k_37994589,300k_37994609
300k_38018650,300k_38018860,300k_38018890,300k_38018925,300k_38019040,300k_38019130,300k_38019170,300k_38019335,300k_38019888,300k_38019953,300k_38020093,300k_38020178,300k_38020248,300k_38020333,300k_38020623,300k_38020698,300k_38021664,300k_38021874,300k_38021904,300k_38021939,300k_38022054,300k_38022144,300k_38022184,300k_38022349,300k_38022902,300k_38022967,300k_38023107,300k_38023192,300k_38023262,300k_38023347,300k_38023637,300k_38023712,300k_38024375,300k_38024905,300k_38025172,300k_38025477,300k_38025967,300k_38026127,300k_38026351,300k_38026366,300k_38026431,300k_38026446,300k_38026576,300k_38026924,200k_38027405,200k_38027425,200k_38027485,200k_38027555,200k_38027610,200k_38027715,200k_38027730,200k_38027810,200k_38027830,200k_38028015
200k_69980062,200k_69980555,63k_69981127,300k_69981268,200k_69981950
200k_95444973,200k_95444993,200k_95445053,200k_95445073,200k_95445158,200k_95445173,200k_95445188,200k_95445268,200k_95445348,200k_95445463,200k_95445543,200k_95445558,200k_95445583,300k_95446240
300k_100883924,200k_100884693,200k_100885063
200k_104331313,200k_104331333,200k_104331608,200k_104331718,200k_104331878,200k_104331943,200k_104332148,200k_104332183,200k_104332308,63k_104332662,300k_104333587,300k_104333647,300k_104333702,300k_104333847,300k_104333917,63k_104334584
63k_107616386,200k_107616644,300k_107616874
200k_124411263,200k_124411513,200k_124412088,200k_124412523,200k_124412523,300k_124413105,300k_124413470
200k_124415032,300k_124416081,300k_124416081,300k_124416540,300k_124416640,300k_124417625,300k_124417990,300k_124418364,300k_124418364,300k_124419206
300k_4943752,200k_4944666
300k_74300419,200k_74301402,200k_74301422,200k_74301517,200k_74301537,200k_74301552,200k_74301567,200k_74301592,200k_74301667,200k_74301682,200k_74301717,200k_74301962,200k_74302057,200k_74302077,200k_74302342,200k_74302557,200k_74302612,300k_74303473,200k_74304302,200k_74304302,200k_74304302,200k_74304302,200k_74304302,200k_74304302,200k_74304302,200k_74304302,200k_74304302,200k_74304302,200k_74304302,200k_74304302,200k_74304302,200k_74304302,200k_74304302,200k_74304302,200k_74304843
300k_74359867,300k_74360047,300k_74360067,300k_74360082,300k_74360187,300k_74360277,300k_74360297,300k_74360382,200k_74361175
300k_89561243,300k_89561584,300k_89562315,200k_89563135,200k_89563150,200k_89563225
200k_89565065,200k_89565065,200k_89565065,300k_89565065,200k_89565105,200k_89565245,200k_89565290,200k_89565395,200k_89565665,200k_89565790,200k_89565920,200k_89566105,200k_89566490,200k_89566650,200k_89566665,200k_89566735,300k_89566990,200k_89567949,200k_89567964,200k_89568039,200k_89568124,200k_89568264,200k_89568309,200k_89568414,200k_89568684,200k_89568809,200k_89568939,200k_89569124,200k_89569509,200k_89569669,200k_89569684,200k_89569754,200k_89570164,200k_89570658,200k_89570808,200k_89570908,200k_89570958,200k_89571113,200k_89571263,200k_89571378
300k_97877511,300k_97877951,300k_97877980,300k_97878175,300k_97878305,300k_97878385,300k_97878500,300k_97878645,200k_97879026,200k_97879116,200k_97879266,200k_97879416,200k_97879526,200k_97879601,200k_97879641,63k_97879666,200k_97879696,200k_97879866,200k_97879931,200k_97880086,200k_97880266,200k_97880381,200k_97880456,200k_97880746,300k_97881190,300k_97881320,300k_97881400,300k_97881515,300k_97881660,200k_97882040,200k_97882130,200k_97882280,200k_97882430,200k_97882540,200k_97882615,200k_97882655,63k_97882680,200k_97882710,200k_97882880,200k_97882945,200k_97883100,200k_97883280,200k_97883395,200k_97883470,200k_97883760,200k_97884324,200k_97884364,200k_97884449,200k_97884469,200k_97884549,200k_97884669,200k_97884809,200k_97884864,200k_97884884,200k_97884914,200k_97884984,200k_97885283,200k_97885298,200k_97885398,200k_97885518,200k_97885548,200k_97885563,200k_97885663,200k_97885688
200k_100773735,200k_100773755,200k_100773775,200k_100773840,200k_100774035,200k_100774190,200k_100774250,200k_100774390,200k_100774635,200k_100774720,200k_100774805,200k_100774820,300k_100775186,300k_100775286,300k_100775421,63k_100775447,200k_100776233,200k_100776233,200k_100776233,200k_100776233,200k_100776233,200k_100776233,200k_100776233,200k_100776233,200k_100776233,200k_100776233,200k_100776233,200k_100776233,200k_100776334,200k_100776454,200k_100776469,200k_100776539
200k_100962294,200k_100962489,200k_100962549,200k_100962629,200k_100962659,200k_100962864,200k_100962919,300k_100963382,300k_100963482
200k_100966402,200k_100966597,200k_100966657,200k_100966737,200k_100966767,200k_100966972,200k_100967027,300k_100967384,300k_100967384,300k_100967384,300k_100967384,300k_100967384,300k_100967384,300k_100967384,300k_100967384,300k_100967384,300k_100967384,300k_100967526,300k_100967706,300k_100967881,63k_100967935,300k_100968276
300k_115930450,300k_115930450,300k_115930450,300k_115930450,300k_115930450,300k_115930450,200k_115931443,200k_115931498,300k_115931565,300k_115931670,300k_115931795,300k_115931825,300k_115931905,300k_115931920,200k_115932764,200k_115932764
300k_124136407,63k_124137156,300k_124137777,200k_124137927,200k_124138437,200k_124138452,200k_124138502,200k_124138602,200k_124138747,200k_124138762,200k_124138922,200k_124139087,200k_124139362,200k_124139377
300k_126147888,300k_126148562,300k_126148667,200k_126148997,200k_126149147,200k_126149162
200k_129480817,200k_129480817,200k_129480817,200k_129480817,63k_129480817,300k_129480828,300k_129481098,300k_129481228,300k_129481338,63k_129481540,63k_129481970
200k_130253774,200k_130254134,200k_130254724,200k_130254894,300k_130255855,300k_130255990,300k_130256090,300k_130256255,300k_130256275,300k_130256440,300k_130256580,300k_130256808,300k_130257472,300k_130257552,300k_130257891,300k_130257911,300k_130257996,300k_130258091,300k_130258196,300k_130258216,300k_130258461,300k_130258631,300k_130258646,300k_130258982,300k_130259117,300k_130259217,300k_130259382,300k_130259402,300k_130259567,300k_130259707,300k_130259935,300k_130260599,300k_130260679,300k_130261018,300k_130261038,300k_130261123,300k_130261218,300k_130261323,300k_130261343,300k_130261588,300k_130261758,300k_130261773,300k_130261853,300k_130261972,300k_130262042,300k_130262122,300k_130262152,300k_130262382,300k_130262412,300k_130262851,300k_130262871,300k_130262886,300k_130263275,300k_130263350,300k_130263470,300k_130263505,300k_130263560,300k_130263740
300k_130552035,300k_130552268,200k_130552358,200k_130552358,200k_130552358,200k_130552358,200k_130552358,200k_130552358,200k_130552421,200k_130552436,200k_130552616,200k_130552716,200k_130552806,200k_130552871,200k_130552886,200k_130553016,200k_130553036
300k_134321255,200k_134321844,300k_134321844,300k_134321844,300k_134321844,300k_134321844,300k_134321844,300k_134321844,200k_134321900,200k_134321955,200k_134322085,200k_134322245,200k_134322320
300k_140387653,63k_140388750,200k_140389798,200k_140390808
