200k_24675943,200k_24675943,200k_24675943,200k_24675943,300k_24676358,300k_24676498,300k_24676598,300k_24676933,300k_24677218,300k_24677423,300k_24677518,63k_24677535,200k_24677653,200k_24677853,200k_24678123,200k_24678508
300k_26100135,300k_26100230,300k_26100290,300k_26100390,300k_26100470,300k_26100550,63k_26100567,300k_26100830,200k_26101108,200k_26101383,200k_26101508,200k_26101718,200k_26102316,200k_26102421,200k_26102446,200k_26102466
300k_26103153,300k_26103248,300k_26103308,300k_26103408,300k_26103488,200k_26103539,200k_26103539,200k_26103539,200k_26103539,200k_26103539,200k_26103539,200k_26103539,200k_26103539,300k_26103539,300k_26103539,63k_26103539,200k_26103675,200k_26103715,200k_26103980,200k_26104045,200k_26104140,200k_26104280,300k_26104534,63k_26104551,300k_26104814,200k_26105092,200k_26105367,200k_26105492,200k_26105627,200k_26105627,200k_26105627,200k_26105627,200k_26105627,200k_26105627,200k_26105627,200k_26105627,200k_26105627,200k_26105627,200k_26105627,200k_26106211
200k_39822346,300k_39822841,300k_39822991,300k_39823006,300k_39823071
200k_45242770,200k_45242990,300k_45243349,300k_45243369
300k_45244107,200k_45244443,200k_45244443,200k_45244855,200k_45244905,200k_45245110,200k_45245185,200k_45245205,200k_45245355,200k_45245410
300k_55317029,200k_55317179,200k_55317574,300k_55318146,300k_55318146
200k_67880979,200k_67881079,200k_67881244,200k_67881304,200k_67881481,200k_67881481,200k_67881481,200k_67881481,200k_67881481,200k_67881481,200k_67881481,200k_67881481,200k_67881481,200k_67881481,200k_67881481,200k_67881481,200k_67881481,200k_67881481,200k_67881481,200k_67881481,300k_67882042,300k_67882172,300k_67882212,300k_67882257,300k_67882417,300k_67882452,300k_67882577,300k_67882717,200k_67883179,200k_67883249,200k_67883324,200k_67883394,200k_67883414,200k_67883667,200k_67883687,200k_67883782,200k_67883872,200k_67883977,200k_67884052,200k_67884162,200k_67884257,200k_67884297,200k_67884467
200k_207268184,200k_207268264,200k_207268364,63k_207268769,300k_207268896,300k_207268971,300k_207269266,300k_207269496,300k_207269801,300k_207269896
300k_228869951,300k_228870146,300k_228870226,200k_228870770
200k_228873535,200k_228873535,200k_228873535,200k_228873535,300k_228873535,300k_228873535,300k_228873535,200k_228873646,200k_228873871,200k_228873886,200k_228873976,200k_228873996,200k_228874066,200k_228874196,200k_228874326,300k_228874781,300k_228874976,300k_228875056,200k_228875600,200k_228876165,200k_228876285,200k_228876515,200k_228876660,200k_228876885,200k_228876900,200k_228876990,200k_228877010,200k_228877080,200k_228877210,200k_228877340,200k_228877598,200k_228877858,200k_228878268,63k_228878375,200k_228878468,200k_228878538,200k_228878818
200k_70958916,200k_70959171,200k_70959311,200k_70959326,200k_70959566,200k_70959666,300k_70960122
200k_70961944,200k_70961944,200k_70961944,200k_70961944,200k_70961944,200k_70961944,300k_70961944,300k_70961944,300k_70961944,300k_70962223,300k_70962358,300k_70962463
200k_70963999,200k_70964139,200k_70964154,200k_70964394,200k_70964494,300k_70964950,300k_70965455,300k_70965500,300k_70965825,300k_70965960,300k_70966065,300k_70966355,300k_70966450,300k_70966465,300k_70966650,300k_70966835,300k_70966918,300k_70967138,300k_70967208,300k_70967278,300k_70967328
200k_79685411,200k_79685696,200k_79685766,200k_79686126,200k_79686166,300k_79686349
200k_111632056,200k_111632056,200k_111632056,200k_111632056,200k_111632056,300k_111632272,300k_111632287,300k_111632402
200k_111633975,200k_111634005,200k_111634180,200k_111634205,200k_111634370,300k_111634744,300k_111634744,300k_111634744
300k_111899517,300k_111899537,300k_111899987,300k_111900092,200k_111900209,200k_111900209,200k_111900209,200k_111900209,200k_111900209,200k_111900245
300k_1768962,300k_1768982,300k_1769378,300k_1769398,300k_1769513,300k_1769633,63k_1769698,200k_1769772,200k_1769837,200k_1769862,200k_1770017,200k_1770082,200k_1770112,200k_1770217,63k_1770439,200k_1770507,200k_1770742,200k_1770757,300k_1771104,300k_1771104,300k_1771104,300k_1771104,300k_1771104,300k_1771104,63k_1771104,300k_1771152,300k_1771167,300k_1771407,63k_1771434
200k_10295597,200k_10295642,200k_10295657,200k_10295732,200k_10295777,200k_10295842,300k_10296397,300k_10296552
200k_64507229,200k_64507319,200k_64507404,200k_64507444,200k_64507644,200k_64507664,200k_64507689,200k_64507751,200k_64507751,300k_64507751,300k_64507882,300k_64507902
300k_71851665,200k_71852096,200k_71852121,200k_71852186
200k_94914282,200k_94914722,200k_94915202,300k_94915597,300k_94915687,300k_94915757
300k_113563327,300k_113563575,300k_113563640,300k_113563973,200k_113564489
300k_118968680,300k_118968795,300k_118968875,300k_118968905,300k_118968975,300k_118968990,200k_118969251
200k_27938993,300k_27939125
300k_54730148,300k_54730313,300k_54730503,300k_54730628,200k_54731043,200k_54731128,200k_54731398,200k_54731478
300k_56920232,200k_56920750,200k_56921235,200k_56921545,200k_56921580,200k_56921865
200k_68387490,200k_68387535,200k_68387690,300k_68388109,63k_68388120
200k_79937842,200k_79937932,200k_79938252,200k_79938509,200k_79938559,200k_79938629,200k_79938714,200k_79938959,200k_79939109,200k_79939209,200k_79939274,200k_79939349,200k_79939429,200k_79939489,200k_79939609,200k_79939612,200k_79939612,200k_79939612,200k_79939612,200k_79939612,200k_79939612,200k_79939612,300k_79939612,300k_79939759,63k_79939868
200k_79941635,200k_79941685,200k_79941760,200k_79941775,200k_79941830,200k_79941845,200k_79941865,300k_79942023
300k_91537218,300k_91537233,300k_91537318,300k_91537333,300k_91537528,300k_91537558,300k_91537758,300k_91537833,300k_91538003,300k_91538223,300k_91538258,300k_91538843,300k_91538973,200k_91539103,200k_91539308,200k_91539323,200k_91539453,200k_91539468,200k_91539553,200k_91539643,200k_91539858,200k_91539948,200k_91540108,200k_91540223,200k_91540283,200k_91540353,200k_91540623,200k_91540693,200k_91540838
300k_104199343,63k_104199466,200k_104200063,200k_104200218,200k_104200818
300k_104202364,63k_104202487,200k_104203084,200k_104203239,200k_104203839
200k_105588729,200k_105588744,200k_105588759,200k_105588869,200k_105589097,200k_105589192,200k_105589377,200k_105589472,200k_105589647,200k_105589687,200k_105589762,200k_105589842,200k_105589952,200k_105589972,300k_105590542,300k_105590567,300k_105590617,300k_105590702,300k_105590737,300k_105591283,300k_105591438,300k_105591563,300k_105591593,200k_105592113,200k_105592208,200k_105592393,200k_105592488,200k_105592663,200k_105592703,200k_105592778,200k_105592858,200k_105592968,200k_105592988,300k_105593559,300k_105593584,300k_105593634,300k_105593719,300k_105593754,300k_105594300,300k_105594455,300k_105594580,300k_105594610
200k_111908086,300k_111908662,300k_111908732,300k_111908812,300k_111908977,300k_111909007,300k_111909087,300k_111909102,300k_111909117,300k_111909172,300k_111909272,300k_111909322,300k_111909337,300k_111909432,300k_111909462,300k_111909557
300k_30678081,300k_30678306,200k_30678813,200k_30679198,300k_30679452,300k_30679452,300k_30679452
200k_52534176,300k_52534348
300k_99905520,200k_99905891,200k_99906161
200k_100755106,300k_100755672,300k_100755767,300k_100755847
300k_103472475,200k_103472664,200k_103472714,200k_103472729,200k_103472779,200k_103472944,200k_103473074,200k_103473284,200k_103473314,200k_103473384,200k_103473559,200k_103473574,200k_103473614,200k_103473744
200k_114515106,200k_114515566,200k_114515596,200k_114515816,200k_114516016,200k_114516216,200k_114516246,200k_114516306,200k_114516386,200k_114516636,200k_114516846,200k_114517116,200k_114517356,200k_114517536,200k_114517646,200k_114518056,200k_114518256,200k_114518296,200k_114518466,300k_114519003,300k_114519423,300k_114519573,63k_114519711,300k_114519763,300k_114519793,300k_114520003,300k_114520153,300k_114520593,63k_114520770,300k_114520933,300k_114521433,300k_114521463,300k_114521693,300k_114521833,300k_114522233,300k_114522463,300k_114522673,300k_114522903,300k_114523363
200k_20897686,300k_20897981,300k_20897996,300k_20898151,300k_20898326,63k_20898450,300k_20898746,200k_20899304
300k_50083238,300k_50083343,200k_50083444,200k_50083594,200k_50083614
200k_50085152,200k_50085152,300k_50085152,300k_50085152,300k_50085242,300k_50085257,300k_50085357
300k_50091999,300k_50092014,300k_50092124,200k_50092130,200k_50092130,200k_50092130,200k_50092130,300k_50092130,300k_50092130,300k_50092130,300k_50092130,300k_50092130,300k_50092130,300k_50092130,63k_50092130,200k_50092152,200k_50092192,200k_50092302,200k_50092322,200k_50092457,200k_50092472,200k_50092562
300k_50093666,300k_50093801,63k_50093815,300k_50093831,300k_50093846,300k_50093951,300k_50093986,300k_50094046,200k_50094517,200k_50094517,200k_50094517,200k_50094517,200k_50094517,200k_50094517,200k_50094517,200k_50094517,200k_50094517,200k_50094517,200k_50094517
200k_62233541,300k_62233950
300k_98435727,200k_98435916,200k_98436336,200k_98436421,200k_98436546,200k_98436746,200k_98436811
300k_63422601,300k_63422751,300k_63422781,300k_63422846,200k_63423029,200k_63423264,200k_63423344,200k_63423384,200k_63423514,200k_63423624
300k_79271056,300k_79271231,200k_79271290,200k_79271870,200k_79271895,63k_79271960,200k_79272150,200k_79272335,200k_79272360
200k_93338092,200k_93338549,200k_93338549,200k_93338549,200k_93338549,200k_93338549,300k_93338685,300k_93339190,300k_93339280,300k_93339305,300k_93339750,300k_93339775
200k_99471287,200k_99471572,200k_99471627,200k_99471672,300k_99472158
200k_14736120,200k_14736150,200k_14736265,200k_14736330,200k_14736495,300k_14736642
300k_14737477,200k_14737846,200k_14737846,200k_14737846,200k_14737846,200k_14737846,200k_14738026,200k_14738051,200k_14738346,200k_14738696,200k_14738731,200k_14738771,200k_14738961
300k_28838928,300k_28839033,200k_28839355,200k_28839355,200k_28839355,200k_28839355,200k_28839355,200k_28839355,200k_28839355,200k_28839355,200k_28839355,200k_28839355,200k_28839355,200k_28839355,200k_28839355,200k_28839355,63k_28839355
200k_31153109,200k_31153614,300k_31153794,300k_31153829,300k_31153884,300k_31153979,300k_31153999,300k_31154435,300k_31155031,200k_31155205,200k_31155205,200k_31155212
300k_53531987,200k_53532294,200k_53532514,200k_53532939,200k_53533364,200k_53533753,200k_53533753,300k_53533753,300k_53534318
300k_57733440,300k_57733772,200k_57734135
300k_89972110,300k_89972215,300k_89972240,300k_89972255,300k_89972365,300k_89972390,300k_89972813,200k_89973049,200k_89973179
200k_1248837,300k_1248971,300k_1249026,300k_1249061,300k_1249161,300k_1249241,300k_1249387,300k_1249657,300k_1249877,300k_1250047,300k_1250347
63k_1932053,300k_1932302,300k_1932692,300k_1932692,200k_1933125,200k_1933395,200k_1933415
200k_3709867,200k_3709897,200k_3709972,200k_3709987,200k_3710167,200k_3710192,200k_3710367,200k_3710382,300k_3710501,300k_3710516,300k_3710621,300k_3710761,300k_3710796
200k_8788319,200k_8788454,200k_8788629,200k_8788744,200k_8788927,300k_8788927,300k_8789175
200k_19460253,200k_19460378,200k_19460393,300k_19460790,300k_19460895,200k_19461405,200k_19461405,200k_19461405,200k_19461405,200k_19461599,200k_19461804,200k_19462059,200k_19462079,200k_19462114
200k_27214818,200k_27214853,200k_27214928,200k_27215028,200k_27215308,200k_27215406,200k_27215406,200k_27215406,200k_27215406,200k_27215406,200k_27215406,300k_27215664,300k_27215749,300k_27215769,300k_27215844,300k_27215859,300k_27216054,300k_27216084,300k_27216219,300k_27216234,300k_27216384,300k_27216439,300k_27216474,300k_27216729,300k_27217107
200k_27218679,300k_27219237,300k_27219322,300k_27219342,300k_27219417,300k_27219432,300k_27219627,300k_27219657,300k_27219792,300k_27219807,300k_27219957,300k_27220012,300k_27220047,300k_27220289,300k_27220289,300k_27220289,300k_27220289,300k_27220289,300k_27220289,300k_27220289,300k_27220349,300k_27220484,300k_27220509,300k_27220579,300k_27220724,300k_27220754,300k_27220949,300k_27221049,300k_27221144,300k_27221384,300k_27221494,300k_27221589,300k_27221609
200k_30631972,300k_30631972,200k_30632018
300k_38523433,300k_38523468,200k_38523751,200k_38524305,200k_38524405,200k_38524705
300k_57767549,300k_57767569,300k_57767689,300k_57767789,300k_57767909,300k_57767934,300k_57767994,300k_57768014,300k_57768174,300k_57768189,300k_57768209,200k_57768639,200k_57768639,200k_57768639,200k_57768639,200k_57768639,200k_57768639,200k_57768639,200k_57768639,200k_57768639,200k_57768639,200k_57768639,200k_57768639,200k_57768692,200k_57768712,200k_57768867,200k_57768897,200k_57768912
300k_72200424,300k_72200454,300k_72200474,300k_72200744,300k_72200799,300k_72200879,300k_72200964,300k_72200979,200k_72201432,200k_72201827,300k_72202063,300k_72202063,300k_72202063,300k_72202063,300k_72202063,300k_72202063,300k_72202063,300k_72202063,300k_72202063,300k_72202063,300k_72202147,300k_72202172,300k_72202237,300k_72202282,300k_72202342,300k_72202412,300k_72202517
300k_73786048,300k_73786561,300k_73786831,300k_73787201,300k_73787396,300k_73787411,300k_73787571,300k_73787721,300k_73787741,300k_73787756,300k_73787821,300k_73787856,300k_73787871,300k_73787966,300k_73788046,300k_73788361,300k_73788829,300k_73788933,200k_73789479,200k_73789494,200k_73789509,200k_73789639,200k_73789664,200k_73789774,200k_73789814,200k_73789869,200k_73789889,200k_73790109,200k_73790199,200k_73790304,200k_73790319,200k_73790594,200k_73790634,200k_73790784,200k_73790799,200k_73790949,200k_73790974,200k_73791259
300k_12037465,300k_12037566,300k_12037596,300k_12038111,300k_12038281,200k_12038846,200k_12038871,200k_12038981,200k_12039151,200k_12039396,200k_12039491,200k_12039671,200k_12039876,200k_12040266,300k_12040578,300k_12040608,300k_12041123,300k_12041293,200k_12041858,200k_12041883,200k_12041993,200k_12042163,200k_12042408,200k_12042503,200k_12042683,200k_12042888,200k_12043278,200k_12043507,200k_12043862,200k_12044057
200k_56038621,200k_56038751,300k_56039092
200k_1239353,300k_1239886,300k_1239886,300k_1239886,63k_1239886
300k_4725938,300k_4726003,300k_4726113,300k_4726398,200k_4726853,200k_4726853,200k_4726853,300k_4726853,300k_4726853,200k_4726862,200k_4727317,200k_4727407,200k_4727672,300k_4728140,300k_4728240,200k_4728789,200k_4728829,200k_4728889
200k_7749874,200k_7749880,200k_7749880,200k_7749880,200k_7749880,200k_7749880,300k_7749880,300k_7749880,300k_7749880,300k_7749880,300k_7749880,300k_7749880,300k_7749880,300k_7749880,300k_7749880,300k_7749880,300k_7749880,300k_7749880,300k_7749880,300k_7750131,300k_7750196,300k_7750361,300k_7750461
200k_7751354,200k_7751429,200k_7751449,200k_7751589,200k_7751639,300k_7752001,300k_7752021,300k_7752051,300k_7752086,300k_7752171,300k_7752266,300k_7752281,300k_7752371,300k_7752391,300k_7752466,300k_7752646,300k_7752751,300k_7752856,300k_7752970,300k_7752970,300k_7752970,300k_7752970
200k_39119774,200k_39119774,200k_39119774,200k_39119774,200k_39119774,200k_39119774,200k_39119807,300k_39120068,300k_39120248,300k_39120263,300k_39120383,300k_39120458
200k_39122206,200k_39122331,200k_39122446,200k_39122536,200k_39122666,200k_39122737,200k_39122737,300k_39122737,300k_39122737,300k_39122737,300k_39122737,300k_39122737,300k_39122737,300k_39122737,300k_39122772,300k_39122812,300k_39122947,300k_39123012,300k_39123207
200k_41698119,200k_41698244,200k_41698314,200k_41698409,63k_41698514,300k_41698702,200k_41699249,200k_41699249,200k_41699249,200k_41699249,200k_41699249,200k_41699249,63k_41699396,63k_41699626
300k_46292927,300k_46293102,300k_46293177,300k_46293327,300k_46293472,200k_46293555,200k_46293555,300k_46293555,200k_46293708
63k_50720948,63k_50721185,200k_50721583,200k_50721583,200k_50721583,300k_50721583
200k_10709213,200k_10709283,200k_10709308,200k_10709458,200k_10709533,200k_10709548,200k_10709658,200k_10709738,200k_10709773,200k_10709843,200k_10709883,200k_10710033,200k_10710063,200k_10710078,200k_10710178,200k_10710193,200k_10710233,200k_10710323,200k_10710483,200k_10710588,200k_10710728,200k_10710803,200k_10710953,200k_10710988,200k_10711153,200k_10711173,200k_10711208,200k_10711208,300k_10711336,300k_10711411,300k_10711586,300k_10711616,300k_10711741,300k_10711756,300k_10712126,300k_10712251,300k_10712591,300k_10712701,300k_10712876,300k_10713036,300k_10713071,300k_10713196,200k_10713394,200k_10713539
200k_30365541,63k_30365996,300k_30366540,300k_30366585,300k_30366600
200k_54310196,200k_54310236,200k_54310426,300k_54310990,300k_54311115,300k_54311135,300k_54311230,300k_54311340,300k_54311460,300k_54311495,300k_54311610,300k_54311715
200k_73306043,200k_73306238,200k_73306244,200k_73306244,200k_73306244,200k_73306244,200k_73306244,200k_73306244,300k_73306244,300k_73306244,300k_73306244,300k_73306524,300k_73307019,200k_73307230,200k_73307380,200k_73307395,200k_73307630,200k_73307715,200k_73307900
200k_110050576,300k_110050996,300k_110050996
200k_113537523,200k_113537663,200k_113537848,200k_113538365,200k_113538571,200k_113538571,200k_113538571,200k_113538571,200k_113538571,200k_113538571,300k_113538930,300k_113539317,300k_113539728
300k_122225909,300k_122225929,200k_122226176,200k_122226256,200k_122226516,200k_122226896,200k_122227101,200k_122227601,63k_122227925,300k_122228116,300k_122228116
300k_157329844,200k_157330365,300k_157330365,63k_157330365,200k_157330483,200k_157330598
200k_162087632,200k_162087662,200k_162087737,200k_162087762,200k_162087887,200k_162087927,200k_162088182,200k_162088207,200k_162088392,200k_162088422,200k_162088532,200k_162088547,200k_162088562,300k_162088938,300k_162089018,300k_162089143,300k_162089163
300k_208051640,300k_208051755,300k_208051770,300k_208051875,300k_208051925,300k_208052005,300k_208052075,200k_208052542
200k_216250059,200k_216250219,200k_216250309,200k_216250429,200k_216250812,200k_216250892,300k_216251343
300k_216251994,300k_216252304,300k_216252384,300k_216252434,300k_216252579,300k_216252739,300k_216253029,300k_216253314,200k_216253827,200k_216253907,300k_216254357
200k_220364900,300k_220365066
200k_238671945,200k_238671990,200k_238672045,200k_238672175,300k_238672535,300k_238672690,300k_238672710,300k_238672825,300k_238673050,300k_238673065,300k_238673160,300k_238673235,300k_238673285
200k_1675928,300k_1676061,300k_1676106
300k_1677586,200k_1678067,200k_1678094,200k_1678434,200k_1678919,200k_1679104,200k_1679499,200k_1679759,200k_1679914
200k_17929014,200k_17929039,200k_17929184,200k_17929269,200k_17929324,200k_17929399,200k_17929484,200k_17929524,200k_17929579,200k_17929604,200k_17929619,200k_17929719,200k_17929858,200k_17929858,200k_17929858,200k_17929858,200k_17929858,300k_17930215,300k_17930245,300k_17930420,300k_17930520
200k_22566312,200k_22566387,300k_22566928
200k_32260289,200k_32260289,200k_32260289,200k_32260289,200k_32260289,200k_32260289,200k_32260289,200k_32260289,200k_32260289,300k_32260698
200k_32262605,200k_32262690,200k_32262920,200k_32263200,300k_32263590,300k_32264126,200k_32264483,200k_32264518,200k_32264598,200k_32264678,200k_32264818
200k_32265510,200k_32265605,300k_32265797
200k_32266825,200k_32266825,200k_32266825,200k_32266825,200k_32266825,200k_32266825,200k_32266825,300k_32266825,200k_32266840,200k_32266855,200k_32266965,200k_32267040,200k_32267315,200k_32267415,200k_32267600,200k_32267805,300k_32268341,200k_32268698,200k_32268733,200k_32268813,200k_32268893,200k_32269033
300k_33932827,300k_33933117,200k_33933332,200k_33933447,200k_33933907,200k_33934202
200k_39741536,300k_39742033,300k_39742108,300k_39742188,200k_39742760,200k_39742875,200k_39743065,200k_39743160,200k_39743310,200k_39743355,200k_39743525
200k_39744551,300k_39745047,300k_39745122,300k_39745202
300k_49203369,300k_49203399,200k_49203426,200k_49203426,300k_49203426,300k_49203426,200k_49203470,200k_49203490,200k_49203650,200k_49204185,200k_49204510,300k_49204762
200k_50238264,200k_50238339,200k_50238414,200k_50238659,200k_50238724,200k_50238854,200k_50238999,200k_50239414,300k_50239631
200k_60854029,200k_60854074,200k_60854194,200k_60854274,200k_60854379,200k_60854629,200k_60854739,200k_60854784,200k_60855034,200k_60855084,200k_60855099,200k_60855234,200k_60855268,200k_60855268,200k_60855268,200k_60855268,300k_60855573,300k_60855773,300k_60856153,300k_60856203
300k_27102742,300k_27102912,200k_27103323,200k_27103408
200k_27460384,200k_27460384,200k_27460384,300k_27460588
200k_27464451,300k_27464922,300k_27465425
300k_30743871,300k_30744186,300k_30744346,300k_30744401,300k_30744614,300k_30744706,200k_30744771,200k_30745036
200k_43022189,200k_43022409,200k_43022689,200k_43022849,300k_43022990,300k_43023105
63k_45019250,300k_45019675,63k_45019920,200k_45020458,200k_45020568
300k_45125447,300k_45125592,300k_45125857,300k_45126102,300k_45126149,300k_45126149,300k_45126149,300k_45126149,300k_45126149,300k_45126149,300k_45126149,300k_45126149,300k_45126149,200k_45126493,200k_45126613,200k_45126978,300k_45127449,300k_45127464,300k_45127569,300k_45127734,300k_45127896,300k_45128076,300k_45128131,300k_45128276,300k_45128376
300k_32915555,200k_32915881,200k_32915881,200k_32915881,200k_32915881,300k_32915881,200k_32916072,200k_32916192,200k_32916277,200k_32916657,200k_32916962,300k_32917170
200k_48987518,200k_48987598,200k_48987618,200k_48987748,200k_48987943,200k_48988135,300k_48988135,300k_48988135,300k_48988135,63k_48988135,300k_48988523,300k_48988703,300k_48988728,300k_48988853
300k_129235887,200k_129236244,200k_129236416,200k_129236441,200k_129236521,200k_129236706
300k_149811256,300k_149811336,200k_149811647
200k_151019026,200k_151019076,200k_151019161,63k_151019241,200k_151019326,200k_151019411,200k_151019621,200k_151019781,300k_151020306,300k_151020306,300k_151020306
300k_196737116,300k_196737281,300k_196737301,300k_196737416,300k_196737546,200k_196737932,200k_196737932,200k_196737932,200k_196737932,200k_196737932,200k_196737932,200k_196738021,200k_196738266,200k_196738401,200k_196738481,200k_196738501,200k_196738616,200k_196738761,200k_196738856
200k_39643027,300k_39643027,63k_39643027
200k_83817579,200k_83817604,200k_83817684,200k_83817699,200k_83817799,200k_83817854,200k_83817869,200k_83817934,200k_83818094,200k_83818157,200k_83818417,200k_83818557,200k_83818607,200k_83818737,200k_83818797,300k_83819334,300k_83819434,300k_83819644,300k_83819694,300k_83819934,300k_83820321
200k_169840646,200k_169840766,200k_169840946,200k_169841161,300k_169841277,300k_169841447,300k_169841532,300k_169841657,300k_169841762,63k_169841907,300k_169841917,300k_169842007,300k_169842072,300k_169842102,300k_169842192,200k_169842277,200k_169842277,200k_169842277,200k_169842277,300k_169842277,300k_169842277,300k_169842277,300k_169842277,300k_169842277,300k_169842277,200k_169842319,200k_169842414,200k_169842499,200k_169842589,200k_169842719
200k_52342514,300k_52342952,300k_52343047
300k_121399644,300k_121399724,200k_121400142,200k_121400272,200k_121400547,200k_121400582,200k_121400612,200k_121400712
300k_130774341,300k_130774468,200k_130774509
200k_171337661,200k_171337771,300k_171337931,300k_171338126,300k_171338336,300k_171338461,300k_171338621,300k_171338951,300k_171339131
200k_26112899,200k_26112899,200k_26112899,200k_26112899,200k_26112899,200k_26112899,200k_26112899,200k_26112899,200k_26112899,200k_26112899,200k_26112899,200k_26112899,200k_26112899,200k_26112899,200k_26112899,300k_26113347,300k_26113672,300k_26113752,300k_26113767
300k_29643628,200k_29643703,200k_29643738,200k_29644298,200k_29644313,200k_29644773,200k_29644848
200k_33235096,200k_33235247,200k_33235247,200k_33235247,300k_33235829,300k_33235849,300k_33235959,300k_33235984,300k_33236039,300k_33236054,300k_33236094,200k_33236623,200k_33236653,200k_33236748
300k_33247613,300k_33247613,200k_33247668,200k_33247708,200k_33247723,200k_33247793,200k_33247813,200k_33247858,200k_33247903,200k_33248103,200k_33248128,200k_33248268,200k_33248348,200k_33248408,200k_33248428,200k_33248458,200k_33248478,200k_33248533,200k_33248668,200k_33248688,200k_33248778,200k_33248868,200k_33248953,200k_33249033,200k_33249128
200k_34573118,300k_34573555
300k_88366801,300k_88366876,200k_88366998,200k_88367483,200k_88367573,200k_88367853,200k_88368013,200k_88368028,200k_88368103,200k_88368178,300k_88368662,300k_88368662
200k_129955170,200k_129955170,300k_129955310,300k_129955615
200k_137475352,300k_137475352
200k_137477622,300k_137478170
200k_154538447,200k_154538473,300k_154538585
200k_158821089,300k_158821317,300k_158821392
200k_160162265,200k_160162440,300k_160162882,300k_160162897,300k_160163032,300k_160163047,300k_160163142,300k_160163182,300k_160163332,300k_160163372,300k_160163507,300k_160163527,300k_160163597,300k_160163612,300k_160163677,300k_160163692,300k_160163862,300k_160163982,300k_160163997
300k_19160374,300k_19160579,63k_19160652,300k_19160764,300k_19161054,300k_19161144,200k_19161361
300k_22907257,300k_22907257,300k_22907257,300k_22907257,300k_22907257,200k_22907670,200k_22908000,200k_22908155,300k_22908531,300k_22908606,300k_22908686,300k_22908721,300k_22908981
63k_73985768,300k_73986326,200k_73986743,200k_73987163,200k_73987458
200k_99160350,200k_99160380,200k_99160450,200k_99160470,200k_99160540,200k_99160555,200k_99160570,200k_99160625,200k_99160675,200k_99160795,200k_99160860,200k_99160875,200k_99160985,200k_99161100,200k_99161135,300k_99161490,300k_99161505,300k_99161520,300k_99161625,300k_99161660,300k_99161705,300k_99161725,200k_99162278,200k_99162278,200k_99162278,200k_99162278,200k_99162278,200k_99162278,200k_99162278,200k_99162278,200k_99162278,200k_99162278,200k_99162278,200k_99162278,200k_99162278,200k_99162278,200k_99162278,300k_99162278,300k_99162278,300k_99162278,300k_99162278,300k_99162278,200k_99162292,200k_99162357,200k_99162377,200k_99162472
300k_101745096,300k_101745672,300k_101745672,200k_101745705
300k_101746750,300k_101747350,200k_101747366
300k_106518658,300k_106518908,300k_106518973,300k_106519058,200k_106519515,200k_106519700
300k_127501722,300k_127501902,200k_127502486,200k_127503046,300k_127503554,300k_127503554,300k_127503620,300k_127503770
200k_133161588,200k_133161907,300k_133161907
200k_135333762,200k_135333887,200k_135334137,200k_135334172,200k_135334187,200k_135334312,200k_135334397,200k_135334502,200k_135334532,200k_135334547,200k_135334582,300k_135334821,300k_135335131,300k_135335151,300k_135335206,300k_135335591
200k_156547258,200k_156547433,300k_156547804
200k_37988406,200k_37988691,200k_37988786,300k_37989123,63k_37989481,300k_37989483,300k_37989618,300k_37989678,300k_37989743
200k_37991420,200k_37991705,200k_37991800,300k_37992137,63k_37992495,300k_37992497,300k_37992632,300k_37992692,300k_37992757,300k_37992873
300k_38024375,300k_38024905,300k_38025172,300k_38025477,300k_38025967,300k_38026127,300k_38026351,300k_38026366,300k_38026431,300k_38026446,300k_38026576,300k_38026924,200k_38027405,200k_38027425,200k_38027485,200k_38027555,200k_38027610,200k_38027715,200k_38027730,200k_38027810,200k_38027830,200k_38028015
200k_69980062,200k_69980555,63k_69981127,300k_69981268
63k_107616386,200k_107616644,300k_107616874
200k_124411263,200k_124411513,200k_124412088,200k_124412523,200k_124412523,300k_124413105,300k_124413470
200k_89565065,200k_89565065,200k_89565065,300k_89565065,200k_89565105,200k_89565245,200k_89565290,200k_89565395,200k_89565665,200k_89565790,200k_89565920,200k_89566105,200k_89566490,200k_89566650,200k_89566665,200k_89566735,300k_89566990
300k_97877511,300k_97877951,300k_97877980,300k_97878175,300k_97878305,300k_97878385,300k_97878500,300k_97878645,200k_97879026,200k_97879116,200k_97879266,200k_97879416,200k_97879526,200k_97879601,200k_97879641,63k_97879666,200k_97879696,200k_97879866,200k_97879931,200k_97880086,200k_97880266,200k_97880381,200k_97880456,200k_97880746,300k_97881190,300k_97881320,300k_97881400,300k_97881515,300k_97881660,200k_97882040,200k_97882130,200k_97882280,200k_97882430,200k_97882540,200k_97882615,200k_97882655,63k_97882680,200k_97882710,200k_97882880,200k_97882945,200k_97883100,200k_97883280,200k_97883395,200k_97883470,200k_97883760,200k_97884324,200k_97884364,200k_97884449,200k_97884469,200k_97884549,200k_97884669,200k_97884809,200k_97884864,200k_97884884,200k_97884914,200k_97884984,200k_97885283,200k_97885298,200k_97885398,200k_97885518,200k_97885548,200k_97885563,200k_97885663,200k_97885688
200k_100773735,200k_100773755,200k_100773775,200k_100773840,200k_100774035,200k_100774190,200k_100774250,200k_100774390,200k_100774635,200k_100774720,200k_100774805,200k_100774820,300k_100775186,300k_100775286,300k_100775421,63k_100775447
200k_100962294,200k_100962489,200k_100962549,200k_100962629,200k_100962659,200k_100962864,200k_100962919,300k_100963382,300k_100963482
200k_100966402,200k_100966597,200k_100966657,200k_100966737,200k_100966767,200k_100966972,200k_100967027,300k_100967384,300k_100967384,300k_100967384,300k_100967384,300k_100967384,300k_100967384,300k_100967384,300k_100967384,300k_100967384,300k_100967384,300k_100967526,300k_100967706,300k_100967881,63k_100967935,300k_100968276
200k_115931443,200k_115931498,300k_115931565,300k_115931670,300k_115931795,300k_115931825,300k_115931905,300k_115931920
300k_124137777,200k_124137927,200k_124138437,200k_124138452,200k_124138502,200k_124138602,200k_124138747,200k_124138762,200k_124138922,200k_124139087,200k_124139362,200k_124139377
300k_126148562,300k_126148667,200k_126148997,200k_126149147,200k_126149162
200k_129480817,200k_129480817,200k_129480817,200k_129480817,63k_129480817,300k_129480828,300k_129481098,300k_129481228,300k_129481338,63k_129481540,63k_129481970
300k_130552035,300k_130552268,200k_130552358,200k_130552358,200k_130552358,200k_130552358,200k_130552358,200k_130552358,200k_130552421,200k_130552436,200k_130552616,200k_130552716,200k_130552806,200k_130552871,200k_130552886,200k_130553016,200k_130553036
300k_134321255,200k_134321844,300k_134321844,300k_134321844,300k_134321844,300k_134321844,300k_134321844,300k_134321844,200k_134321900,200k_134321955,200k_134322085,200k_134322245,200k_134322320
